2025-05-18 18:36:44,387 - INFO - Inicio del notebook de EDA (001_2018_eda.ipynb).
2025-05-18 18:36:59,626 - INFO - Ruta del archivo a cargar: /home/nicolas/Escritorio/workshops ETL/workshop_3/data/raw/2018.csv
2025-05-18 18:36:59,627 - INFO - Intentando cargar el archivo CSV: 2018.csv
2025-05-18 18:36:59,629 - INFO - Archivo 2018.csv cargado exitosamente.
2025-05-18 18:36:59,630 - INFO - El DataFrame tiene 156 filas y 9 columnas.
2025-05-18 18:37:55,887 - INFO - Ruta del archivo a cargar: /home/nicolas/Escritorio/workshops ETL/workshop_3/data/raw/2018.csv
2025-05-18 18:37:55,890 - INFO - Intentando cargar el archivo CSV: 2018.csv
2025-05-18 18:37:55,893 - INFO - Archivo 2018.csv cargado exitosamente.
2025-05-18 18:37:55,893 - INFO - El DataFrame tiene 156 filas y 9 columnas.
2025-05-18 18:37:56,519 - INFO - Ruta del archivo a cargar: /home/nicolas/Escritorio/workshops ETL/workshop_3/data/raw/2018.csv
2025-05-18 18:37:56,520 - INFO - Intentando cargar el archivo CSV: 2018.csv
2025-05-18 18:37:56,522 - INFO - Archivo 2018.csv cargado exitosamente.
2025-05-18 18:37:56,522 - INFO - El DataFrame tiene 156 filas y 9 columnas.
2025-05-18 18:41:16,121 - INFO - Mostrando las primeras 5 filas del DataFrame df_2018 en formato Markdown.
2025-05-18 18:41:26,287 - INFO - Inicio del notebook de EDA (001_2018_eda.ipynb).
2025-05-18 18:41:26,296 - INFO - Ruta del archivo a cargar: /home/nicolas/Escritorio/workshops ETL/workshop_3/data/raw/2018.csv
2025-05-18 18:41:26,297 - INFO - Intentando cargar el archivo CSV: 2018.csv
2025-05-18 18:41:26,299 - INFO - Archivo 2018.csv cargado exitosamente.
2025-05-18 18:41:26,299 - INFO - El DataFrame tiene 156 filas y 9 columnas.
2025-05-18 18:41:26,307 - INFO - Mostrando las primeras 5 filas del DataFrame df_2018 en formato Markdown.
2025-05-18 18:41:39,406 - INFO - Inicio del notebook de EDA (001_2018_eda.ipynb).
2025-05-18 18:41:39,426 - INFO - Ruta del archivo a cargar: /home/nicolas/Escritorio/workshops ETL/workshop_3/data/raw/2018.csv
2025-05-18 18:41:39,427 - INFO - Intentando cargar el archivo CSV: 2018.csv
2025-05-18 18:41:39,429 - INFO - Archivo 2018.csv cargado exitosamente.
2025-05-18 18:41:39,429 - INFO - El DataFrame tiene 156 filas y 9 columnas.
2025-05-18 18:41:39,435 - INFO - Mostrando las primeras 5 filas del DataFrame df_2018 en formato Markdown.
2025-05-18 18:41:39,443 - INFO - Obteniendo la lista de todas las columnas del DataFrame df_2018.
2025-05-18 18:41:39,445 - INFO - El DataFrame df_2018 tiene 9 columnas.
2025-05-18 18:41:39,446 - INFO - Nombres de las columnas (df_2018): ['Overall rank', 'Country or region', 'Score', 'GDP per capita', 'Social support', 'Healthy life expectancy', 'Freedom to make life choices', 'Generosity', 'Perceptions of corruption']
2025-05-18 18:41:53,634 - INFO - Inicio del notebook de EDA (001_2018_eda.ipynb).
2025-05-18 18:41:53,654 - INFO - Ruta del archivo a cargar: /home/nicolas/Escritorio/workshops ETL/workshop_3/data/raw/2018.csv
2025-05-18 18:41:53,654 - INFO - Intentando cargar el archivo CSV: 2018.csv
2025-05-18 18:41:53,656 - INFO - Archivo 2018.csv cargado exitosamente.
2025-05-18 18:41:53,656 - INFO - El DataFrame tiene 156 filas y 9 columnas.
2025-05-18 18:41:53,667 - INFO - Mostrando las primeras 5 filas del DataFrame df_2018 en formato Markdown.
2025-05-18 18:41:53,674 - INFO - Obteniendo la lista de todas las columnas del DataFrame df_2018.
2025-05-18 18:41:53,675 - INFO - El DataFrame df_2018 tiene 9 columnas.
2025-05-18 18:41:53,675 - INFO - Nombres de las columnas (df_2018): ['Overall rank', 'Country or region', 'Score', 'GDP per capita', 'Social support', 'Healthy life expectancy', 'Freedom to make life choices', 'Generosity', 'Perceptions of corruption']
2025-05-18 18:41:53,682 - INFO - Verificando la existencia de filas duplicadas en df_2018.
2025-05-18 18:41:53,685 - INFO - No se encontraron filas duplicadas en el DataFrame df_2018.
2025-05-18 18:42:09,242 - INFO - Mostrando información del DataFrame df_2018 (conteo de no nulos y tipos de datos).
2025-05-18 18:42:09,247 - INFO - Columnas con valores nulos y sus conteos (df_2018): {'Perceptions of corruption': 1}
2025-05-18 18:42:50,769 - INFO - Inicio del notebook de EDA (001_2018_eda.ipynb).
2025-05-18 18:42:50,789 - INFO - Ruta del archivo a cargar: /home/nicolas/Escritorio/workshops ETL/workshop_3/data/raw/2018.csv
2025-05-18 18:42:50,790 - INFO - Intentando cargar el archivo CSV: 2018.csv
2025-05-18 18:42:50,793 - INFO - Archivo 2018.csv cargado exitosamente.
2025-05-18 18:42:50,793 - INFO - El DataFrame tiene 156 filas y 9 columnas.
2025-05-18 18:42:50,799 - INFO - Mostrando las primeras 5 filas del DataFrame df_2018 en formato Markdown.
2025-05-18 18:42:50,809 - INFO - Obteniendo la lista de todas las columnas del DataFrame df_2018.
2025-05-18 18:42:50,810 - INFO - El DataFrame df_2018 tiene 9 columnas.
2025-05-18 18:42:50,811 - INFO - Nombres de las columnas (df_2018): ['Overall rank', 'Country or region', 'Score', 'GDP per capita', 'Social support', 'Healthy life expectancy', 'Freedom to make life choices', 'Generosity', 'Perceptions of corruption']
2025-05-18 18:42:50,818 - INFO - Verificando la existencia de filas duplicadas en df_2018.
2025-05-18 18:42:50,821 - INFO - No se encontraron filas duplicadas en el DataFrame df_2018.
2025-05-18 18:42:50,829 - INFO - Mostrando información del DataFrame df_2018 (conteo de no nulos y tipos de datos).
2025-05-18 18:42:50,836 - INFO - Columnas con valores nulos y sus conteos (df_2018): {'Perceptions of corruption': 1}
2025-05-18 18:42:56,924 - INFO - Inicio del notebook de EDA (001_2018_eda.ipynb).
2025-05-18 18:42:56,947 - INFO - Ruta del archivo a cargar: /home/nicolas/Escritorio/workshops ETL/workshop_3/data/raw/2018.csv
2025-05-18 18:42:56,948 - INFO - Intentando cargar el archivo CSV: 2018.csv
2025-05-18 18:42:56,950 - INFO - Archivo 2018.csv cargado exitosamente.
2025-05-18 18:42:56,950 - INFO - El DataFrame tiene 156 filas y 9 columnas.
2025-05-18 18:42:56,954 - INFO - Mostrando las primeras 5 filas del DataFrame df_2018 en formato Markdown.
2025-05-18 18:42:56,963 - INFO - Obteniendo la lista de todas las columnas del DataFrame df_2018.
2025-05-18 18:42:56,964 - INFO - El DataFrame df_2018 tiene 9 columnas.
2025-05-18 18:42:56,965 - INFO - Nombres de las columnas (df_2018): ['Overall rank', 'Country or region', 'Score', 'GDP per capita', 'Social support', 'Healthy life expectancy', 'Freedom to make life choices', 'Generosity', 'Perceptions of corruption']
2025-05-18 18:42:56,973 - INFO - Verificando la existencia de filas duplicadas en df_2018.
2025-05-18 18:42:56,975 - INFO - No se encontraron filas duplicadas en el DataFrame df_2018.
2025-05-18 18:42:56,983 - INFO - Mostrando información del DataFrame df_2018 (conteo de no nulos y tipos de datos).
2025-05-18 18:42:56,988 - INFO - Columnas con valores nulos y sus conteos (df_2018): {'Perceptions of corruption': 1}
2025-05-18 18:43:08,748 - INFO - Inicio del notebook de EDA (001_2018_eda.ipynb).
2025-05-18 18:43:08,753 - INFO - Ruta del archivo a cargar: /home/nicolas/Escritorio/workshops ETL/workshop_3/data/raw/2018.csv
2025-05-18 18:43:08,754 - INFO - Intentando cargar el archivo CSV: 2018.csv
2025-05-18 18:43:08,758 - INFO - Archivo 2018.csv cargado exitosamente.
2025-05-18 18:43:08,758 - INFO - El DataFrame tiene 156 filas y 9 columnas.
2025-05-18 18:43:08,764 - INFO - Mostrando las primeras 5 filas del DataFrame df_2018 en formato Markdown.
2025-05-18 18:43:08,774 - INFO - Obteniendo la lista de todas las columnas del DataFrame df_2018.
2025-05-18 18:43:08,775 - INFO - El DataFrame df_2018 tiene 9 columnas.
2025-05-18 18:43:08,776 - INFO - Nombres de las columnas (df_2018): ['Overall rank', 'Country or region', 'Score', 'GDP per capita', 'Social support', 'Healthy life expectancy', 'Freedom to make life choices', 'Generosity', 'Perceptions of corruption']
2025-05-18 18:43:08,782 - INFO - Verificando la existencia de filas duplicadas en df_2018.
2025-05-18 18:43:08,786 - INFO - No se encontraron filas duplicadas en el DataFrame df_2018.
2025-05-18 18:43:08,794 - INFO - Mostrando información del DataFrame df_2018 (conteo de no nulos y tipos de datos).
2025-05-18 18:43:08,799 - INFO - Columnas con valores nulos y sus conteos (df_2018): {'Perceptions of corruption': 1}
2025-05-18 18:43:26,300 - INFO - Inicio del notebook de EDA (001_2018_eda.ipynb).
2025-05-18 18:43:26,311 - INFO - Ruta del archivo a cargar: /home/nicolas/Escritorio/workshops ETL/workshop_3/data/raw/2018.csv
2025-05-18 18:43:26,312 - INFO - Intentando cargar el archivo CSV: 2018.csv
2025-05-18 18:43:26,315 - INFO - Archivo 2018.csv cargado exitosamente.
2025-05-18 18:43:26,316 - INFO - El DataFrame tiene 156 filas y 9 columnas.
2025-05-18 18:43:26,321 - INFO - Mostrando las primeras 5 filas del DataFrame df_2018 en formato Markdown.
2025-05-18 18:43:26,330 - INFO - Obteniendo la lista de todas las columnas del DataFrame df_2018.
2025-05-18 18:43:26,331 - INFO - El DataFrame df_2018 tiene 9 columnas.
2025-05-18 18:43:26,332 - INFO - Nombres de las columnas (df_2018): ['Overall rank', 'Country or region', 'Score', 'GDP per capita', 'Social support', 'Healthy life expectancy', 'Freedom to make life choices', 'Generosity', 'Perceptions of corruption']
2025-05-18 18:43:26,344 - INFO - Verificando la existencia de filas duplicadas en df_2018.
2025-05-18 18:43:26,346 - INFO - No se encontraron filas duplicadas en el DataFrame df_2018.
2025-05-18 18:43:26,353 - INFO - Mostrando información del DataFrame df_2018 (conteo de no nulos y tipos de datos).
2025-05-18 18:43:26,360 - INFO - Columnas con valores nulos y sus conteos (df_2018): {'Perceptions of corruption': 1}
2025-05-18 18:43:26,366 - INFO - Calculando estadísticas descriptivas para las columnas numéricas de df_2018.
2025-05-18 18:43:26,377 - INFO - Estadísticas descriptivas numéricas de df_2018 calculadas y mostradas.
2025-05-18 18:43:38,398 - INFO - Inicio del notebook de EDA (001_2018_eda.ipynb).
2025-05-18 18:43:38,409 - INFO - Ruta del archivo a cargar: /home/nicolas/Escritorio/workshops ETL/workshop_3/data/raw/2018.csv
2025-05-18 18:43:38,410 - INFO - Intentando cargar el archivo CSV: 2018.csv
2025-05-18 18:43:38,412 - INFO - Archivo 2018.csv cargado exitosamente.
2025-05-18 18:43:38,413 - INFO - El DataFrame tiene 156 filas y 9 columnas.
2025-05-18 18:43:38,418 - INFO - Mostrando las primeras 5 filas del DataFrame df_2018 en formato Markdown.
2025-05-18 18:43:38,426 - INFO - Obteniendo la lista de todas las columnas del DataFrame df_2018.
2025-05-18 18:43:38,427 - INFO - El DataFrame df_2018 tiene 9 columnas.
2025-05-18 18:43:38,428 - INFO - Nombres de las columnas (df_2018): ['Overall rank', 'Country or region', 'Score', 'GDP per capita', 'Social support', 'Healthy life expectancy', 'Freedom to make life choices', 'Generosity', 'Perceptions of corruption']
2025-05-18 18:43:38,434 - INFO - Verificando la existencia de filas duplicadas en df_2018.
2025-05-18 18:43:38,436 - INFO - No se encontraron filas duplicadas en el DataFrame df_2018.
2025-05-18 18:43:38,442 - INFO - Mostrando información del DataFrame df_2018 (conteo de no nulos y tipos de datos).
2025-05-18 18:43:38,447 - INFO - Columnas con valores nulos y sus conteos (df_2018): {'Perceptions of corruption': 1}
2025-05-18 18:43:38,453 - INFO - Calculando estadísticas descriptivas para las columnas numéricas de df_2018.
2025-05-18 18:43:38,463 - INFO - Estadísticas descriptivas numéricas de df_2018 calculadas y mostradas.
2025-05-18 18:43:38,469 - INFO - Calculando estadísticas descriptivas para las columnas de tipo 'object' de df_2018.
2025-05-18 18:43:38,472 - INFO - Estadísticas descriptivas para columnas 'object' de df_2018 calculadas y mostradas.
2025-05-18 18:44:10,089 - INFO - Inicio del notebook de EDA (001_2018_eda.ipynb).
2025-05-18 18:44:10,096 - INFO - Ruta del archivo a cargar: /home/nicolas/Escritorio/workshops ETL/workshop_3/data/raw/2018.csv
2025-05-18 18:44:10,097 - INFO - Intentando cargar el archivo CSV: 2018.csv
2025-05-18 18:44:10,099 - INFO - Archivo 2018.csv cargado exitosamente.
2025-05-18 18:44:10,099 - INFO - El DataFrame tiene 156 filas y 9 columnas.
2025-05-18 18:44:10,105 - INFO - Mostrando las primeras 5 filas del DataFrame df_2018 en formato Markdown.
2025-05-18 18:44:10,114 - INFO - Obteniendo la lista de todas las columnas del DataFrame df_2018.
2025-05-18 18:44:10,115 - INFO - El DataFrame df_2018 tiene 9 columnas.
2025-05-18 18:44:10,115 - INFO - Nombres de las columnas (df_2018): ['Overall rank', 'Country or region', 'Score', 'GDP per capita', 'Social support', 'Healthy life expectancy', 'Freedom to make life choices', 'Generosity', 'Perceptions of corruption']
2025-05-18 18:44:10,122 - INFO - Verificando la existencia de filas duplicadas en df_2018.
2025-05-18 18:44:10,124 - INFO - No se encontraron filas duplicadas en el DataFrame df_2018.
2025-05-18 18:44:10,131 - INFO - Mostrando información del DataFrame df_2018 (conteo de no nulos y tipos de datos).
2025-05-18 18:44:10,135 - INFO - Columnas con valores nulos y sus conteos (df_2018): {'Perceptions of corruption': 1}
2025-05-18 18:44:10,143 - INFO - Calculando estadísticas descriptivas para las columnas numéricas de df_2018.
2025-05-18 18:44:10,154 - INFO - Estadísticas descriptivas numéricas de df_2018 calculadas y mostradas.
2025-05-18 18:44:10,160 - INFO - Calculando estadísticas descriptivas para las columnas de tipo 'object' de df_2018.
2025-05-18 18:44:10,163 - INFO - Estadísticas descriptivas para columnas 'object' de df_2018 calculadas y mostradas.
2025-05-18 18:44:10,175 - INFO - Iniciando el cálculo de la correlación gráfica para df_2018.
2025-05-18 18:44:10,176 - INFO - Columnas numéricas identificadas en df_2018: ['Overall rank', 'Score', 'GDP per capita', 'Social support', 'Healthy life expectancy', 'Freedom to make life choices', 'Generosity', 'Perceptions of corruption']
2025-05-18 18:44:10,177 - INFO - Columnas a excluir del heatmap de correlación de features (df_2018): ['Overall rank']
2025-05-18 18:44:10,178 - INFO - Columnas seleccionadas para el heatmap de correlación de features (df_2018): ['Score', 'GDP per capita', 'Social support', 'Healthy life expectancy', 'Freedom to make life choices', 'Generosity', 'Perceptions of corruption']
2025-05-18 18:44:10,179 - INFO - Matriz de correlación de features calculada para df_2018.
2025-05-18 18:44:10,427 - INFO - Mapa de calor de correlación de features generado y mostrado para df_2018.
2025-05-18 18:44:10,430 - INFO - Correlación de features con 'Score' (df_2018) calculada y mostrada.
2025-05-18 18:45:12,969 - INFO - Iniciando el cálculo de la correlación gráfica para df_2018.
2025-05-18 18:45:12,971 - INFO - Columnas numéricas identificadas en df_2018: ['Overall rank', 'Score', 'GDP per capita', 'Social support', 'Healthy life expectancy', 'Freedom to make life choices', 'Generosity', 'Perceptions of corruption']
2025-05-18 18:45:12,972 - INFO - Columnas a excluir del heatmap de correlación de features (df_2018): ['Overall rank']
2025-05-18 18:45:12,972 - INFO - Columnas seleccionadas para el heatmap de correlación de features (df_2018): ['Score', 'GDP per capita', 'Social support', 'Healthy life expectancy', 'Freedom to make life choices', 'Generosity', 'Perceptions of corruption']
2025-05-18 18:45:12,974 - INFO - Matriz de correlación de features calculada para df_2018.
2025-05-18 18:45:13,185 - INFO - Mapa de calor de correlación de features generado y mostrado para df_2018.
2025-05-18 18:45:24,075 - INFO - Generando matriz de histogramas/KDE para variables numéricas clave de df_2018.
2025-05-18 18:45:25,141 - INFO - Matriz de histogramas/KDE generada y mostrada para df_2018.
2025-05-18 18:46:31,351 - INFO - Generando matriz de histogramas/KDE para variables numéricas clave de df_2018 usando paleta 'viridis'.
2025-05-18 18:46:32,401 - INFO - Matriz de histogramas/KDE generada y mostrada para df_2018 con paleta 'viridis'.
2025-05-18 18:47:45,176 - INFO - Generando boxplots horizontales para identificar outliers generales en variables numéricas de df_2018.
2025-05-18 18:47:45,570 - INFO - Boxplots horizontales generales generados y mostrados para df_2018.
2025-05-18 18:50:49,436 - INFO - Inicio del notebook de EDA (001_2018_eda.ipynb).
2025-05-18 18:50:49,449 - INFO - Ruta del archivo a cargar: /home/nicolas/Escritorio/workshops ETL/workshop_3/data/raw/2018.csv
2025-05-18 18:50:49,451 - INFO - Intentando cargar el archivo CSV: 2018.csv
2025-05-18 18:50:49,454 - INFO - Archivo 2018.csv cargado exitosamente.
2025-05-18 18:50:49,455 - INFO - El DataFrame tiene 156 filas y 9 columnas.
2025-05-18 18:50:49,463 - INFO - Mostrando las primeras 5 filas del DataFrame df_2018 en formato Markdown.
2025-05-18 18:50:49,473 - INFO - Obteniendo la lista de todas las columnas del DataFrame df_2018.
2025-05-18 18:50:49,474 - INFO - El DataFrame df_2018 tiene 9 columnas.
2025-05-18 18:50:49,475 - INFO - Nombres de las columnas (df_2018): ['Overall rank', 'Country or region', 'Score', 'GDP per capita', 'Social support', 'Healthy life expectancy', 'Freedom to make life choices', 'Generosity', 'Perceptions of corruption']
2025-05-18 18:50:49,483 - INFO - Verificando la existencia de filas duplicadas en df_2018.
2025-05-18 18:50:49,485 - INFO - No se encontraron filas duplicadas en el DataFrame df_2018.
2025-05-18 18:50:49,509 - INFO - Mostrando información del DataFrame df_2018 (conteo de no nulos y tipos de datos).
2025-05-18 18:50:49,516 - INFO - Columnas con valores nulos y sus conteos (df_2018): {'Perceptions of corruption': 1}
2025-05-18 18:50:49,525 - INFO - Calculando estadísticas descriptivas para las columnas numéricas de df_2018.
2025-05-18 18:50:49,545 - INFO - Estadísticas descriptivas numéricas de df_2018 calculadas y mostradas.
2025-05-18 18:50:49,565 - INFO - Calculando estadísticas descriptivas para las columnas de tipo 'object' de df_2018.
2025-05-18 18:50:49,572 - INFO - Estadísticas descriptivas para columnas 'object' de df_2018 calculadas y mostradas.
2025-05-18 18:50:49,592 - INFO - Iniciando el cálculo de la correlación gráfica para df_2018.
2025-05-18 18:50:49,593 - INFO - Columnas numéricas identificadas en df_2018: ['Overall rank', 'Score', 'GDP per capita', 'Social support', 'Healthy life expectancy', 'Freedom to make life choices', 'Generosity', 'Perceptions of corruption']
2025-05-18 18:50:49,594 - INFO - Columnas a excluir del heatmap de correlación de features (df_2018): ['Overall rank']
2025-05-18 18:50:49,594 - INFO - Columnas seleccionadas para el heatmap de correlación de features (df_2018): ['Score', 'GDP per capita', 'Social support', 'Healthy life expectancy', 'Freedom to make life choices', 'Generosity', 'Perceptions of corruption']
2025-05-18 18:50:49,596 - INFO - Matriz de correlación de features calculada para df_2018.
2025-05-18 18:50:49,809 - INFO - Mapa de calor de correlación de features generado y mostrado para df_2018.
2025-05-18 18:50:49,818 - INFO - Generando matriz de histogramas/KDE para variables numéricas clave de df_2018 usando paleta 'viridis'.
2025-05-18 18:50:50,891 - INFO - Matriz de histogramas/KDE generada y mostrada para df_2018 con paleta 'viridis'.
2025-05-18 18:50:50,900 - INFO - Generando boxplots horizontales para identificar outliers generales en variables numéricas de df_2018.
2025-05-18 18:50:51,291 - INFO - Boxplots horizontales generales generados y mostrados para df_2018.
2025-05-18 18:51:57,825 - INFO - Generando boxplots horizontales para identificar outliers generales en variables numéricas de df_2018.
2025-05-18 18:51:58,246 - INFO - Boxplots horizontales generales generados y mostrados para df_2018.
2025-05-18 18:52:28,079 - INFO - Inicio del notebook de EDA (001_2018_eda.ipynb).
2025-05-18 18:52:28,091 - INFO - Ruta del archivo a cargar: /home/nicolas/Escritorio/workshops ETL/workshop_3/data/raw/2018.csv
2025-05-18 18:52:28,092 - INFO - Intentando cargar el archivo CSV: 2018.csv
2025-05-18 18:52:28,094 - INFO - Archivo 2018.csv cargado exitosamente.
2025-05-18 18:52:28,094 - INFO - El DataFrame tiene 156 filas y 9 columnas.
2025-05-18 18:52:28,102 - INFO - Mostrando las primeras 5 filas del DataFrame df_2018 en formato Markdown.
2025-05-18 18:52:28,110 - INFO - Obteniendo la lista de todas las columnas del DataFrame df_2018.
2025-05-18 18:52:28,111 - INFO - El DataFrame df_2018 tiene 9 columnas.
2025-05-18 18:52:28,112 - INFO - Nombres de las columnas (df_2018): ['Overall rank', 'Country or region', 'Score', 'GDP per capita', 'Social support', 'Healthy life expectancy', 'Freedom to make life choices', 'Generosity', 'Perceptions of corruption']
2025-05-18 18:52:28,118 - INFO - Verificando la existencia de filas duplicadas en df_2018.
2025-05-18 18:52:28,120 - INFO - No se encontraron filas duplicadas en el DataFrame df_2018.
2025-05-18 18:52:28,127 - INFO - Mostrando información del DataFrame df_2018 (conteo de no nulos y tipos de datos).
2025-05-18 18:52:28,133 - INFO - Columnas con valores nulos y sus conteos (df_2018): {'Perceptions of corruption': 1}
2025-05-18 18:52:28,139 - INFO - Calculando estadísticas descriptivas para las columnas numéricas de df_2018.
2025-05-18 18:52:28,150 - INFO - Estadísticas descriptivas numéricas de df_2018 calculadas y mostradas.
2025-05-18 18:52:28,157 - INFO - Calculando estadísticas descriptivas para las columnas de tipo 'object' de df_2018.
2025-05-18 18:52:28,161 - INFO - Estadísticas descriptivas para columnas 'object' de df_2018 calculadas y mostradas.
2025-05-18 18:52:28,169 - INFO - Iniciando el cálculo de la correlación gráfica para df_2018.
2025-05-18 18:52:28,170 - INFO - Columnas numéricas identificadas en df_2018: ['Overall rank', 'Score', 'GDP per capita', 'Social support', 'Healthy life expectancy', 'Freedom to make life choices', 'Generosity', 'Perceptions of corruption']
2025-05-18 18:52:28,171 - INFO - Columnas a excluir del heatmap de correlación de features (df_2018): ['Overall rank']
2025-05-18 18:52:28,171 - INFO - Columnas seleccionadas para el heatmap de correlación de features (df_2018): ['Score', 'GDP per capita', 'Social support', 'Healthy life expectancy', 'Freedom to make life choices', 'Generosity', 'Perceptions of corruption']
2025-05-18 18:52:28,172 - INFO - Matriz de correlación de features calculada para df_2018.
2025-05-18 18:52:28,352 - INFO - Mapa de calor de correlación de features generado y mostrado para df_2018.
2025-05-18 18:52:28,361 - INFO - Generando matriz de histogramas/KDE para variables numéricas clave de df_2018 usando paleta 'viridis'.
2025-05-18 18:52:29,317 - INFO - Matriz de histogramas/KDE generada y mostrada para df_2018 con paleta 'viridis'.
2025-05-18 18:52:29,326 - INFO - Generando boxplots horizontales para identificar outliers generales en variables numéricas de df_2018.
2025-05-18 18:52:29,679 - INFO - Boxplots horizontales generales generados y mostrados para df_2018.
2025-05-18 18:58:44,245 - INFO - Inicio del notebook de EDA (001_2018_eda.ipynb).
2025-05-18 19:02:37,933 - INFO - Inicio del notebook de EDA (001_2018_eda.ipynb).
2025-05-18 19:02:37,960 - INFO - Ruta del archivo a cargar: /home/nicolas/Escritorio/workshops ETL/workshop_3/data/raw/2018.csv
2025-05-18 19:02:37,961 - INFO - Intentando cargar el archivo CSV: 2018.csv
2025-05-18 19:02:37,964 - INFO - Archivo 2018.csv cargado exitosamente.
2025-05-18 19:02:37,964 - INFO - El DataFrame tiene 156 filas y 9 columnas.
2025-05-18 19:02:37,969 - INFO - Mostrando las primeras 5 filas del DataFrame df_2018 en formato Markdown.
2025-05-18 19:02:37,982 - INFO - Obteniendo la lista de todas las columnas del DataFrame df_2018.
2025-05-18 19:02:37,982 - INFO - El DataFrame df_2018 tiene 9 columnas.
2025-05-18 19:02:37,983 - INFO - Nombres de las columnas (df_2018): ['Overall rank', 'Country or region', 'Score', 'GDP per capita', 'Social support', 'Healthy life expectancy', 'Freedom to make life choices', 'Generosity', 'Perceptions of corruption']
2025-05-18 19:02:37,989 - INFO - Verificando la existencia de filas duplicadas en df_2018.
2025-05-18 19:02:37,993 - INFO - No se encontraron filas duplicadas en el DataFrame df_2018.
2025-05-18 19:02:38,000 - INFO - Mostrando información del DataFrame df_2018 (conteo de no nulos y tipos de datos).
2025-05-18 19:02:38,006 - INFO - Columnas con valores nulos y sus conteos (df_2018): {'Perceptions of corruption': 1}
2025-05-18 19:02:38,013 - INFO - Calculando estadísticas descriptivas para las columnas numéricas de df_2018.
2025-05-18 19:02:38,029 - INFO - Estadísticas descriptivas numéricas de df_2018 calculadas y mostradas.
2025-05-18 19:02:38,036 - INFO - Calculando estadísticas descriptivas para las columnas de tipo 'object' de df_2018.
2025-05-18 19:02:38,040 - INFO - Estadísticas descriptivas para columnas 'object' de df_2018 calculadas y mostradas.
2025-05-18 19:02:38,051 - INFO - Iniciando el cálculo de la correlación gráfica para df_2018.
2025-05-18 19:02:38,053 - INFO - Columnas numéricas identificadas en df_2018: ['Overall rank', 'Score', 'GDP per capita', 'Social support', 'Healthy life expectancy', 'Freedom to make life choices', 'Generosity', 'Perceptions of corruption']
2025-05-18 19:02:38,053 - INFO - Columnas a excluir del heatmap de correlación de features (df_2018): ['Overall rank', 'Score']
2025-05-18 19:02:38,054 - INFO - Columnas seleccionadas para el heatmap de correlación de features (df_2018): ['GDP per capita', 'Social support', 'Healthy life expectancy', 'Freedom to make life choices', 'Generosity', 'Perceptions of corruption']
2025-05-18 19:02:38,056 - INFO - Matriz de correlación de features calculada para df_2018.
2025-05-18 19:02:38,281 - INFO - Mapa de calor de correlación de features generado y mostrado para df_2018.
2025-05-18 19:02:38,284 - INFO - Correlación de features con 'Score' (df_2018) calculada y mostrada.
2025-05-18 19:02:38,293 - INFO - Generando matriz de histogramas/KDE para variables numéricas clave de df_2018.
2025-05-18 19:02:39,303 - INFO - Matriz de histogramas/KDE generada y mostrada para df_2018.
2025-05-18 19:02:39,313 - INFO - Generando boxplots horizontales para identificar outliers generales en variables numéricas de df_2018.
2025-05-18 19:02:39,686 - INFO - Boxplots horizontales generales generados y mostrados para df_2018.
2025-05-18 19:02:39,693 - INFO - Inicio del notebook de EDA (001_2018_eda.ipynb).
2025-05-18 19:02:39,722 - INFO - Ruta del archivo a cargar: /home/nicolas/Escritorio/workshops ETL/workshop_3/data/raw/2018.csv
2025-05-18 19:02:39,723 - INFO - Intentando cargar el archivo CSV: 2018.csv
2025-05-18 19:02:39,726 - INFO - Archivo 2018.csv cargado exitosamente.
2025-05-18 19:02:39,727 - INFO - El DataFrame tiene 156 filas y 9 columnas.
2025-05-18 19:02:39,733 - INFO - Mostrando las primeras 5 filas del DataFrame df_2018 en formato Markdown.
2025-05-18 19:02:39,743 - INFO - Obteniendo la lista de todas las columnas del DataFrame df_2018.
2025-05-18 19:02:39,744 - INFO - El DataFrame df_2018 tiene 9 columnas.
2025-05-18 19:02:39,744 - INFO - Nombres de las columnas (df_2018): ['Overall rank', 'Country or region', 'Score', 'GDP per capita', 'Social support', 'Healthy life expectancy', 'Freedom to make life choices', 'Generosity', 'Perceptions of corruption']
2025-05-18 19:02:39,751 - INFO - Verificando la existencia de filas duplicadas en df_2018.
2025-05-18 19:02:39,753 - INFO - No se encontraron filas duplicadas en el DataFrame df_2018.
2025-05-18 19:02:39,760 - INFO - Mostrando información del DataFrame df_2018 (conteo de no nulos y tipos de datos).
2025-05-18 19:02:39,768 - INFO - Columnas con valores nulos y sus conteos (df_2018): {'Perceptions of corruption': 1}
2025-05-18 19:06:05,892 - INFO - Inicio del notebook de EDA (001_2018_eda.ipynb).
2025-05-18 19:06:05,904 - INFO - Ruta del archivo a cargar: /home/nicolas/Escritorio/workshops ETL/workshop_3/data/raw/2018.csv
2025-05-18 19:06:05,905 - INFO - Intentando cargar el archivo CSV: 2018.csv
2025-05-18 19:06:05,908 - INFO - Archivo 2018.csv cargado exitosamente.
2025-05-18 19:06:05,909 - INFO - El DataFrame tiene 156 filas y 9 columnas.
2025-05-18 19:06:05,917 - INFO - Mostrando las primeras 5 filas del DataFrame df_2018 en formato Markdown.
2025-05-18 19:06:05,927 - INFO - Obteniendo la lista de todas las columnas del DataFrame df_2018.
2025-05-18 19:06:05,928 - INFO - El DataFrame df_2018 tiene 9 columnas.
2025-05-18 19:06:05,929 - INFO - Nombres de las columnas (df_2018): ['Overall rank', 'Country or region', 'Score', 'GDP per capita', 'Social support', 'Healthy life expectancy', 'Freedom to make life choices', 'Generosity', 'Perceptions of corruption']
2025-05-18 19:06:05,936 - INFO - Verificando la existencia de filas duplicadas en df_2018.
2025-05-18 19:06:05,939 - INFO - No se encontraron filas duplicadas en el DataFrame df_2018.
2025-05-18 19:06:05,947 - INFO - Mostrando información del DataFrame df_2018 (conteo de no nulos y tipos de datos).
2025-05-18 19:06:05,954 - INFO - Columnas con valores nulos y sus conteos (df_2018): {'Perceptions of corruption': 1}
2025-05-18 19:06:05,963 - INFO - Calculando estadísticas descriptivas para las columnas numéricas de df_2018.
2025-05-18 19:06:05,976 - INFO - Estadísticas descriptivas numéricas de df_2018 calculadas y mostradas.
2025-05-18 19:06:05,982 - INFO - Calculando estadísticas descriptivas para las columnas de tipo 'object' de df_2018.
2025-05-18 19:06:05,986 - INFO - Estadísticas descriptivas para columnas 'object' de df_2018 calculadas y mostradas.
2025-05-18 19:06:05,996 - INFO - Iniciando el cálculo de la correlación gráfica para df_2018.
2025-05-18 19:06:05,997 - INFO - Columnas numéricas identificadas en df_2018: ['Overall rank', 'Score', 'GDP per capita', 'Social support', 'Healthy life expectancy', 'Freedom to make life choices', 'Generosity', 'Perceptions of corruption']
2025-05-18 19:06:05,998 - INFO - Columnas a excluir del heatmap de correlación de features (df_2018): ['Overall rank']
2025-05-18 19:06:05,999 - INFO - Columnas seleccionadas para el heatmap de correlación de features (df_2018): ['Score', 'GDP per capita', 'Social support', 'Healthy life expectancy', 'Freedom to make life choices', 'Generosity', 'Perceptions of corruption']
2025-05-18 19:06:06,000 - INFO - Matriz de correlación de features calculada para df_2018.
2025-05-18 19:06:06,253 - INFO - Mapa de calor de correlación de features generado y mostrado para df_2018.
2025-05-18 19:06:06,256 - INFO - Correlación de features con 'Score' (df_2018) calculada y mostrada.
2025-05-18 19:06:06,264 - INFO - Generando matriz de histogramas/KDE para variables numéricas clave de df_2018.
2025-05-18 19:06:07,280 - INFO - Matriz de histogramas/KDE generada y mostrada para df_2018.
2025-05-18 19:06:07,292 - INFO - Generando boxplots horizontales para identificar outliers generales en variables numéricas de df_2018.
2025-05-18 19:06:07,715 - INFO - Boxplots horizontales generales generados y mostrados para df_2018.
2025-05-18 19:07:34,259 - INFO - Generando matriz de histogramas/KDE para variables numéricas clave de df_2018 usando paleta 'viridis'.
2025-05-18 19:07:35,331 - INFO - Matriz de histogramas/KDE generada y mostrada para df_2018 con paleta 'viridis'.
2025-05-18 19:07:43,180 - INFO - Generando matriz de histogramas/KDE para variables numéricas clave de df_2018.
2025-05-18 19:07:44,036 - INFO - Matriz de histogramas/KDE generada y mostrada para df_2018.
2025-05-18 19:07:51,920 - INFO - Generando matriz de histogramas/KDE para variables numéricas clave de df_2018 usando paleta 'viridis'.
2025-05-18 19:07:52,925 - INFO - Matriz de histogramas/KDE generada y mostrada para df_2018 con paleta 'viridis'.
2025-05-18 19:07:58,532 - INFO - Inicio del notebook de EDA (001_2018_eda.ipynb).
2025-05-18 19:07:58,544 - INFO - Ruta del archivo a cargar: /home/nicolas/Escritorio/workshops ETL/workshop_3/data/raw/2018.csv
2025-05-18 19:07:58,545 - INFO - Intentando cargar el archivo CSV: 2018.csv
2025-05-18 19:07:58,547 - INFO - Archivo 2018.csv cargado exitosamente.
2025-05-18 19:07:58,548 - INFO - El DataFrame tiene 156 filas y 9 columnas.
2025-05-18 19:07:58,553 - INFO - Mostrando las primeras 5 filas del DataFrame df_2018 en formato Markdown.
2025-05-18 19:07:58,564 - INFO - Obteniendo la lista de todas las columnas del DataFrame df_2018.
2025-05-18 19:07:58,565 - INFO - El DataFrame df_2018 tiene 9 columnas.
2025-05-18 19:07:58,565 - INFO - Nombres de las columnas (df_2018): ['Overall rank', 'Country or region', 'Score', 'GDP per capita', 'Social support', 'Healthy life expectancy', 'Freedom to make life choices', 'Generosity', 'Perceptions of corruption']
2025-05-18 19:07:58,572 - INFO - Verificando la existencia de filas duplicadas en df_2018.
2025-05-18 19:07:58,574 - INFO - No se encontraron filas duplicadas en el DataFrame df_2018.
2025-05-18 19:07:58,582 - INFO - Mostrando información del DataFrame df_2018 (conteo de no nulos y tipos de datos).
2025-05-18 19:07:58,588 - INFO - Columnas con valores nulos y sus conteos (df_2018): {'Perceptions of corruption': 1}
2025-05-18 19:07:58,594 - INFO - Calculando estadísticas descriptivas para las columnas numéricas de df_2018.
2025-05-18 19:07:58,607 - INFO - Estadísticas descriptivas numéricas de df_2018 calculadas y mostradas.
2025-05-18 19:07:58,614 - INFO - Calculando estadísticas descriptivas para las columnas de tipo 'object' de df_2018.
2025-05-18 19:07:58,618 - INFO - Estadísticas descriptivas para columnas 'object' de df_2018 calculadas y mostradas.
2025-05-18 19:07:58,627 - INFO - Iniciando el cálculo de la correlación gráfica para df_2018.
2025-05-18 19:07:58,628 - INFO - Columnas numéricas identificadas en df_2018: ['Overall rank', 'Score', 'GDP per capita', 'Social support', 'Healthy life expectancy', 'Freedom to make life choices', 'Generosity', 'Perceptions of corruption']
2025-05-18 19:07:58,629 - INFO - Columnas a excluir del heatmap de correlación de features (df_2018): ['Overall rank']
2025-05-18 19:07:58,630 - INFO - Columnas seleccionadas para el heatmap de correlación de features (df_2018): ['Score', 'GDP per capita', 'Social support', 'Healthy life expectancy', 'Freedom to make life choices', 'Generosity', 'Perceptions of corruption']
2025-05-18 19:07:58,631 - INFO - Matriz de correlación de features calculada para df_2018.
2025-05-18 19:07:58,813 - INFO - Mapa de calor de correlación de features generado y mostrado para df_2018.
2025-05-18 19:07:58,815 - INFO - Correlación de features con 'Score' (df_2018) calculada y mostrada.
2025-05-18 19:07:58,825 - INFO - Generando matriz de histogramas/KDE para variables numéricas clave de df_2018 usando paleta 'viridis'.
2025-05-18 19:07:59,816 - INFO - Matriz de histogramas/KDE generada y mostrada para df_2018 con paleta 'viridis'.
2025-05-18 19:07:59,824 - INFO - Generando boxplots horizontales para identificar outliers generales en variables numéricas de df_2018.
2025-05-18 19:08:00,308 - INFO - Boxplots horizontales generales generados y mostrados para df_2018.
2025-05-18 19:08:31,641 - INFO - Inicio del notebook de EDA (001_2018_eda.ipynb).
2025-05-18 19:08:31,650 - INFO - Ruta del archivo a cargar: /home/nicolas/Escritorio/workshops ETL/workshop_3/data/raw/2018.csv
2025-05-18 19:08:31,651 - INFO - Intentando cargar el archivo CSV: 2018.csv
2025-05-18 19:08:31,653 - INFO - Archivo 2018.csv cargado exitosamente.
2025-05-18 19:08:31,654 - INFO - El DataFrame tiene 156 filas y 9 columnas.
2025-05-18 19:08:31,660 - INFO - Mostrando las primeras 5 filas del DataFrame df_2018 en formato Markdown.
2025-05-18 19:08:31,669 - INFO - Obteniendo la lista de todas las columnas del DataFrame df_2018.
2025-05-18 19:08:31,670 - INFO - El DataFrame df_2018 tiene 9 columnas.
2025-05-18 19:08:31,671 - INFO - Nombres de las columnas (df_2018): ['Overall rank', 'Country or region', 'Score', 'GDP per capita', 'Social support', 'Healthy life expectancy', 'Freedom to make life choices', 'Generosity', 'Perceptions of corruption']
2025-05-18 19:08:31,678 - INFO - Verificando la existencia de filas duplicadas en df_2018.
2025-05-18 19:08:31,680 - INFO - No se encontraron filas duplicadas en el DataFrame df_2018.
2025-05-18 19:08:31,688 - INFO - Mostrando información del DataFrame df_2018 (conteo de no nulos y tipos de datos).
2025-05-18 19:08:31,693 - INFO - Columnas con valores nulos y sus conteos (df_2018): {'Perceptions of corruption': 1}
2025-05-18 19:08:31,699 - INFO - Calculando estadísticas descriptivas para las columnas numéricas de df_2018.
2025-05-18 19:08:31,711 - INFO - Estadísticas descriptivas numéricas de df_2018 calculadas y mostradas.
2025-05-18 19:08:31,718 - INFO - Calculando estadísticas descriptivas para las columnas de tipo 'object' de df_2018.
2025-05-18 19:08:31,721 - INFO - Estadísticas descriptivas para columnas 'object' de df_2018 calculadas y mostradas.
2025-05-18 19:08:31,731 - INFO - Iniciando el cálculo de la correlación gráfica para df_2018.
2025-05-18 19:08:31,732 - INFO - Columnas numéricas identificadas en df_2018: ['Overall rank', 'Score', 'GDP per capita', 'Social support', 'Healthy life expectancy', 'Freedom to make life choices', 'Generosity', 'Perceptions of corruption']
2025-05-18 19:08:31,732 - INFO - Columnas a excluir del heatmap de correlación de features (df_2018): ['Overall rank']
2025-05-18 19:08:31,733 - INFO - Columnas seleccionadas para el heatmap de correlación de features (df_2018): ['Score', 'GDP per capita', 'Social support', 'Healthy life expectancy', 'Freedom to make life choices', 'Generosity', 'Perceptions of corruption']
2025-05-18 19:08:31,734 - INFO - Matriz de correlación de features calculada para df_2018.
2025-05-18 19:08:31,919 - INFO - Mapa de calor de correlación de features generado y mostrado para df_2018.
2025-05-18 19:08:31,921 - INFO - Correlación de features con 'Score' (df_2018) calculada y mostrada.
2025-05-18 19:08:31,930 - INFO - Generando matriz de histogramas/KDE para variables numéricas clave de df_2018 usando paleta 'viridis'.
2025-05-18 19:08:32,953 - INFO - Matriz de histogramas/KDE generada y mostrada para df_2018 con paleta 'viridis'.
2025-05-18 19:08:32,962 - INFO - Generando boxplots horizontales para identificar outliers generales en variables numéricas de df_2018.
2025-05-18 19:08:33,332 - INFO - Boxplots horizontales generales generados y mostrados para df_2018.
2025-05-18 19:12:44,417 - INFO - Inicio del notebook de EDA (001_2018_eda.ipynb).
2025-05-18 19:12:44,431 - INFO - Ruta del archivo a cargar: /home/nicolas/Escritorio/workshops ETL/workshop_3/data/raw/2018.csv
2025-05-18 19:12:44,432 - INFO - Intentando cargar el archivo CSV: 2018.csv
2025-05-18 19:12:44,434 - INFO - Archivo 2018.csv cargado exitosamente.
2025-05-18 19:12:44,435 - INFO - El DataFrame tiene 156 filas y 9 columnas.
2025-05-18 19:12:44,442 - INFO - Mostrando las primeras 5 filas del DataFrame df_2018 en formato Markdown.
2025-05-18 19:12:44,451 - INFO - Obteniendo la lista de todas las columnas del DataFrame df_2018.
2025-05-18 19:12:44,452 - INFO - El DataFrame df_2018 tiene 9 columnas.
2025-05-18 19:12:44,452 - INFO - Nombres de las columnas (df_2018): ['Overall rank', 'Country or region', 'Score', 'GDP per capita', 'Social support', 'Healthy life expectancy', 'Freedom to make life choices', 'Generosity', 'Perceptions of corruption']
2025-05-18 19:12:44,460 - INFO - Verificando la existencia de filas duplicadas en df_2018.
2025-05-18 19:12:44,463 - INFO - No se encontraron filas duplicadas en el DataFrame df_2018.
2025-05-18 19:12:44,470 - INFO - Mostrando información del DataFrame df_2018 (conteo de no nulos y tipos de datos).
2025-05-18 19:12:44,475 - INFO - Columnas con valores nulos y sus conteos (df_2018): {'Perceptions of corruption': 1}
2025-05-18 19:12:44,482 - INFO - Calculando estadísticas descriptivas para las columnas numéricas de df_2018.
2025-05-18 19:12:44,494 - INFO - Estadísticas descriptivas numéricas de df_2018 calculadas y mostradas.
2025-05-18 19:12:44,501 - INFO - Calculando estadísticas descriptivas para las columnas de tipo 'object' de df_2018.
2025-05-18 19:12:44,506 - INFO - Estadísticas descriptivas para columnas 'object' de df_2018 calculadas y mostradas.
2025-05-18 19:12:44,518 - INFO - Iniciando el cálculo de la correlación gráfica para df_2018.
2025-05-18 19:12:44,520 - INFO - Columnas numéricas identificadas en df_2018: ['Overall rank', 'Score', 'GDP per capita', 'Social support', 'Healthy life expectancy', 'Freedom to make life choices', 'Generosity', 'Perceptions of corruption']
2025-05-18 19:12:44,521 - INFO - Columnas a excluir del heatmap de correlación de features (df_2018): ['Overall rank']
2025-05-18 19:12:44,522 - INFO - Columnas seleccionadas para el heatmap de correlación de features (df_2018): ['Score', 'GDP per capita', 'Social support', 'Healthy life expectancy', 'Freedom to make life choices', 'Generosity', 'Perceptions of corruption']
2025-05-18 19:12:44,523 - INFO - Matriz de correlación de features calculada para df_2018.
2025-05-18 19:12:44,888 - INFO - Mapa de calor de correlación de features generado y mostrado para df_2018.
2025-05-18 19:12:44,891 - INFO - Correlación de features con 'Score' (df_2018) calculada y mostrada.
2025-05-18 19:12:44,900 - INFO - Generando matriz de histogramas/KDE para variables numéricas clave de df_2018 usando paleta 'viridis'.
2025-05-18 19:12:45,883 - INFO - Matriz de histogramas/KDE generada y mostrada para df_2018 con paleta 'viridis'.
2025-05-18 19:12:45,893 - INFO - Generando boxplots horizontales para identificar outliers generales en variables numéricas de df_2018.
2025-05-18 19:12:46,274 - INFO - Boxplots horizontales generales generados y mostrados para df_2018.
2025-05-18 19:12:48,055 - INFO - Inicio del notebook de EDA (001_2018_eda.ipynb).
2025-05-18 19:12:48,069 - INFO - Ruta del archivo a cargar: /home/nicolas/Escritorio/workshops ETL/workshop_3/data/raw/2018.csv
2025-05-18 19:12:48,070 - INFO - Intentando cargar el archivo CSV: 2018.csv
2025-05-18 19:12:48,072 - INFO - Archivo 2018.csv cargado exitosamente.
2025-05-18 19:12:48,073 - INFO - El DataFrame tiene 156 filas y 9 columnas.
2025-05-18 19:12:48,078 - INFO - Mostrando las primeras 5 filas del DataFrame df_2018 en formato Markdown.
2025-05-18 19:12:48,087 - INFO - Obteniendo la lista de todas las columnas del DataFrame df_2018.
2025-05-18 19:12:48,088 - INFO - El DataFrame df_2018 tiene 9 columnas.
2025-05-18 19:12:48,089 - INFO - Nombres de las columnas (df_2018): ['Overall rank', 'Country or region', 'Score', 'GDP per capita', 'Social support', 'Healthy life expectancy', 'Freedom to make life choices', 'Generosity', 'Perceptions of corruption']
2025-05-18 19:12:48,096 - INFO - Verificando la existencia de filas duplicadas en df_2018.
2025-05-18 19:12:48,098 - INFO - No se encontraron filas duplicadas en el DataFrame df_2018.
2025-05-18 19:12:48,107 - INFO - Mostrando información del DataFrame df_2018 (conteo de no nulos y tipos de datos).
2025-05-18 19:12:48,114 - INFO - Columnas con valores nulos y sus conteos (df_2018): {'Perceptions of corruption': 1}
2025-05-18 19:12:48,134 - INFO - Calculando estadísticas descriptivas para las columnas numéricas de df_2018.
2025-05-18 19:12:48,177 - INFO - Estadísticas descriptivas numéricas de df_2018 calculadas y mostradas.
2025-05-18 19:12:48,185 - INFO - Calculando estadísticas descriptivas para las columnas de tipo 'object' de df_2018.
2025-05-18 19:12:48,189 - INFO - Estadísticas descriptivas para columnas 'object' de df_2018 calculadas y mostradas.
2025-05-18 19:12:48,204 - INFO - Iniciando el cálculo de la correlación gráfica para df_2018.
2025-05-18 19:12:48,207 - INFO - Columnas numéricas identificadas en df_2018: ['Overall rank', 'Score', 'GDP per capita', 'Social support', 'Healthy life expectancy', 'Freedom to make life choices', 'Generosity', 'Perceptions of corruption']
2025-05-18 19:12:48,208 - INFO - Columnas a excluir del heatmap de correlación de features (df_2018): ['Overall rank']
2025-05-18 19:12:48,208 - INFO - Columnas seleccionadas para el heatmap de correlación de features (df_2018): ['Score', 'GDP per capita', 'Social support', 'Healthy life expectancy', 'Freedom to make life choices', 'Generosity', 'Perceptions of corruption']
2025-05-18 19:12:48,210 - INFO - Matriz de correlación de features calculada para df_2018.
2025-05-18 19:12:48,402 - INFO - Mapa de calor de correlación de features generado y mostrado para df_2018.
2025-05-18 19:12:48,404 - INFO - Correlación de features con 'Score' (df_2018) calculada y mostrada.
2025-05-18 19:12:48,413 - INFO - Generando matriz de histogramas/KDE para variables numéricas clave de df_2018 usando paleta 'viridis'.
2025-05-18 19:12:49,421 - INFO - Matriz de histogramas/KDE generada y mostrada para df_2018 con paleta 'viridis'.
2025-05-18 19:12:49,430 - INFO - Generando boxplots horizontales para identificar outliers generales en variables numéricas de df_2018.
2025-05-18 19:12:49,804 - INFO - Boxplots horizontales generales generados y mostrados para df_2018.
2025-05-18 20:06:19,774 - INFO - Inicio del notebook de EDA (001_2018_eda.ipynb).
2025-05-18 20:06:19,781 - INFO - Ruta del archivo a cargar: /home/nicolas/Escritorio/workshops ETL/workshop_3/data/raw/2018.csv
2025-05-18 20:06:19,782 - INFO - Intentando cargar el archivo CSV: 2018.csv
2025-05-18 20:06:19,784 - INFO - Archivo 2018.csv cargado exitosamente.
2025-05-18 20:06:19,785 - INFO - El DataFrame tiene 156 filas y 9 columnas.
2025-05-18 20:06:19,797 - INFO - Mostrando las primeras 5 filas del DataFrame df_2018 en formato Markdown.
2025-05-18 20:06:19,807 - INFO - Obteniendo la lista de todas las columnas del DataFrame df_2018.
2025-05-18 20:06:19,808 - INFO - El DataFrame df_2018 tiene 9 columnas.
2025-05-18 20:06:19,808 - INFO - Nombres de las columnas (df_2018): ['Overall rank', 'Country or region', 'Score', 'GDP per capita', 'Social support', 'Healthy life expectancy', 'Freedom to make life choices', 'Generosity', 'Perceptions of corruption']
2025-05-18 20:06:19,816 - INFO - Se listaron 156 países únicos en df_2018.
2025-05-18 20:06:19,824 - INFO - Verificando la existencia de filas duplicadas en df_2018.
2025-05-18 20:06:19,826 - INFO - No se encontraron filas duplicadas en el DataFrame df_2018.
2025-05-18 20:06:19,833 - INFO - Mostrando información del DataFrame df_2018 (conteo de no nulos y tipos de datos).
2025-05-18 20:06:19,839 - INFO - Columnas con valores nulos y sus conteos (df_2018): {'Perceptions of corruption': 1}
2025-05-18 20:06:19,845 - INFO - Calculando estadísticas descriptivas para las columnas numéricas de df_2018.
2025-05-18 20:06:19,857 - INFO - Estadísticas descriptivas numéricas de df_2018 calculadas y mostradas.
2025-05-18 20:06:19,863 - INFO - Calculando estadísticas descriptivas para las columnas de tipo 'object' de df_2018.
2025-05-18 20:06:19,868 - INFO - Estadísticas descriptivas para columnas 'object' de df_2018 calculadas y mostradas.
2025-05-18 20:06:19,878 - INFO - Iniciando el cálculo de la correlación gráfica para df_2018.
2025-05-18 20:06:19,879 - INFO - Columnas numéricas identificadas en df_2018: ['Overall rank', 'Score', 'GDP per capita', 'Social support', 'Healthy life expectancy', 'Freedom to make life choices', 'Generosity', 'Perceptions of corruption']
2025-05-18 20:06:19,880 - INFO - Columnas a excluir del heatmap de correlación de features (df_2018): ['Overall rank']
2025-05-18 20:06:19,880 - INFO - Columnas seleccionadas para el heatmap de correlación de features (df_2018): ['Score', 'GDP per capita', 'Social support', 'Healthy life expectancy', 'Freedom to make life choices', 'Generosity', 'Perceptions of corruption']
2025-05-18 20:06:19,882 - INFO - Matriz de correlación de features calculada para df_2018.
2025-05-18 20:06:20,085 - INFO - Mapa de calor de correlación de features generado y mostrado para df_2018.
2025-05-18 20:06:20,088 - INFO - Correlación de features con 'Score' (df_2018) calculada y mostrada.
2025-05-18 20:06:20,096 - INFO - Generando matriz de histogramas/KDE para variables numéricas clave de df_2018 usando paleta 'viridis'.
2025-05-18 20:06:21,189 - INFO - Matriz de histogramas/KDE generada y mostrada para df_2018 con paleta 'viridis'.
2025-05-18 20:06:21,197 - INFO - Generando boxplots horizontales para identificar outliers generales en variables numéricas de df_2018.
2025-05-18 20:06:21,598 - INFO - Boxplots horizontales generales generados y mostrados para df_2018.
2025-05-18 20:06:59,797 - INFO - Obteniendo la lista de todos los países en df_2018.
2025-05-18 20:07:16,146 - INFO - Obteniendo la lista de todos los países en df_2018.
2025-05-18 20:07:17,492 - INFO - Inicio del notebook de EDA (001_2018_eda.ipynb).
2025-05-18 20:07:17,515 - INFO - Ruta del archivo a cargar: /home/nicolas/Escritorio/workshops ETL/workshop_3/data/raw/2018.csv
2025-05-18 20:07:17,516 - INFO - Intentando cargar el archivo CSV: 2018.csv
2025-05-18 20:07:17,519 - INFO - Archivo 2018.csv cargado exitosamente.
2025-05-18 20:07:17,519 - INFO - El DataFrame tiene 156 filas y 9 columnas.
2025-05-18 20:07:17,532 - INFO - Mostrando las primeras 5 filas del DataFrame df_2018 en formato Markdown.
2025-05-18 20:07:17,549 - INFO - Obteniendo la lista de todas las columnas del DataFrame df_2018.
2025-05-18 20:07:17,551 - INFO - El DataFrame df_2018 tiene 9 columnas.
2025-05-18 20:07:17,552 - INFO - Nombres de las columnas (df_2018): ['Overall rank', 'Country or region', 'Score', 'GDP per capita', 'Social support', 'Healthy life expectancy', 'Freedom to make life choices', 'Generosity', 'Perceptions of corruption']
2025-05-18 20:07:17,570 - INFO - Obteniendo la lista de todos los países en df_2018.
2025-05-18 20:07:17,592 - INFO - Verificando la existencia de filas duplicadas en df_2018.
2025-05-18 20:07:17,596 - INFO - No se encontraron filas duplicadas en el DataFrame df_2018.
2025-05-18 20:07:17,618 - INFO - Mostrando información del DataFrame df_2018 (conteo de no nulos y tipos de datos).
2025-05-18 20:07:17,623 - INFO - Columnas con valores nulos y sus conteos (df_2018): {'Perceptions of corruption': 1}
2025-05-18 20:07:17,632 - INFO - Calculando estadísticas descriptivas para las columnas numéricas de df_2018.
2025-05-18 20:07:17,644 - INFO - Estadísticas descriptivas numéricas de df_2018 calculadas y mostradas.
2025-05-18 20:07:17,654 - INFO - Calculando estadísticas descriptivas para las columnas de tipo 'object' de df_2018.
2025-05-18 20:07:17,666 - INFO - Estadísticas descriptivas para columnas 'object' de df_2018 calculadas y mostradas.
2025-05-18 20:07:17,676 - INFO - Iniciando el cálculo de la correlación gráfica para df_2018.
2025-05-18 20:07:17,678 - INFO - Columnas numéricas identificadas en df_2018: ['Overall rank', 'Score', 'GDP per capita', 'Social support', 'Healthy life expectancy', 'Freedom to make life choices', 'Generosity', 'Perceptions of corruption']
2025-05-18 20:07:17,678 - INFO - Columnas a excluir del heatmap de correlación de features (df_2018): ['Overall rank']
2025-05-18 20:07:17,679 - INFO - Columnas seleccionadas para el heatmap de correlación de features (df_2018): ['Score', 'GDP per capita', 'Social support', 'Healthy life expectancy', 'Freedom to make life choices', 'Generosity', 'Perceptions of corruption']
2025-05-18 20:07:17,680 - INFO - Matriz de correlación de features calculada para df_2018.
2025-05-18 20:07:17,910 - INFO - Mapa de calor de correlación de features generado y mostrado para df_2018.
2025-05-18 20:07:17,913 - INFO - Correlación de features con 'Score' (df_2018) calculada y mostrada.
2025-05-18 20:07:17,924 - INFO - Generando matriz de histogramas/KDE para variables numéricas clave de df_2018 usando paleta 'viridis'.
2025-05-18 20:07:18,765 - INFO - Matriz de histogramas/KDE generada y mostrada para df_2018 con paleta 'viridis'.
2025-05-18 20:07:18,773 - INFO - Generando boxplots horizontales para identificar outliers generales en variables numéricas de df_2018.
2025-05-18 20:07:19,115 - INFO - Boxplots horizontales generales generados y mostrados para df_2018.
2025-05-18 20:07:21,291 - INFO - Inicio del notebook de EDA (001_2018_eda.ipynb).
2025-05-18 20:07:21,323 - INFO - Ruta del archivo a cargar: /home/nicolas/Escritorio/workshops ETL/workshop_3/data/raw/2018.csv
2025-05-18 20:07:21,324 - INFO - Intentando cargar el archivo CSV: 2018.csv
2025-05-18 20:07:21,326 - INFO - Archivo 2018.csv cargado exitosamente.
2025-05-18 20:07:21,326 - INFO - El DataFrame tiene 156 filas y 9 columnas.
2025-05-18 20:07:21,332 - INFO - Mostrando las primeras 5 filas del DataFrame df_2018 en formato Markdown.
2025-05-18 20:07:21,340 - INFO - Obteniendo la lista de todas las columnas del DataFrame df_2018.
2025-05-18 20:07:21,341 - INFO - El DataFrame df_2018 tiene 9 columnas.
2025-05-18 20:07:21,341 - INFO - Nombres de las columnas (df_2018): ['Overall rank', 'Country or region', 'Score', 'GDP per capita', 'Social support', 'Healthy life expectancy', 'Freedom to make life choices', 'Generosity', 'Perceptions of corruption']
2025-05-18 20:07:21,347 - INFO - Obteniendo la lista de todos los países en df_2018.
2025-05-18 20:07:21,355 - INFO - Verificando la existencia de filas duplicadas en df_2018.
2025-05-18 20:07:21,357 - INFO - No se encontraron filas duplicadas en el DataFrame df_2018.
2025-05-18 20:07:21,364 - INFO - Mostrando información del DataFrame df_2018 (conteo de no nulos y tipos de datos).
2025-05-18 20:07:21,371 - INFO - Columnas con valores nulos y sus conteos (df_2018): {'Perceptions of corruption': 1}
2025-05-18 20:07:21,377 - INFO - Calculando estadísticas descriptivas para las columnas numéricas de df_2018.
2025-05-18 20:07:21,388 - INFO - Estadísticas descriptivas numéricas de df_2018 calculadas y mostradas.
2025-05-18 20:07:21,394 - INFO - Calculando estadísticas descriptivas para las columnas de tipo 'object' de df_2018.
2025-05-18 20:07:21,399 - INFO - Estadísticas descriptivas para columnas 'object' de df_2018 calculadas y mostradas.
2025-05-18 20:07:21,409 - INFO - Iniciando el cálculo de la correlación gráfica para df_2018.
2025-05-18 20:07:21,411 - INFO - Columnas numéricas identificadas en df_2018: ['Overall rank', 'Score', 'GDP per capita', 'Social support', 'Healthy life expectancy', 'Freedom to make life choices', 'Generosity', 'Perceptions of corruption']
2025-05-18 20:07:21,412 - INFO - Columnas a excluir del heatmap de correlación de features (df_2018): ['Overall rank']
2025-05-18 20:07:21,416 - INFO - Columnas seleccionadas para el heatmap de correlación de features (df_2018): ['Score', 'GDP per capita', 'Social support', 'Healthy life expectancy', 'Freedom to make life choices', 'Generosity', 'Perceptions of corruption']
2025-05-18 20:07:21,419 - INFO - Matriz de correlación de features calculada para df_2018.
2025-05-18 20:07:21,648 - INFO - Mapa de calor de correlación de features generado y mostrado para df_2018.
2025-05-18 20:07:21,650 - INFO - Correlación de features con 'Score' (df_2018) calculada y mostrada.
2025-05-18 20:07:21,658 - INFO - Generando matriz de histogramas/KDE para variables numéricas clave de df_2018 usando paleta 'viridis'.
2025-05-18 20:07:22,582 - INFO - Matriz de histogramas/KDE generada y mostrada para df_2018 con paleta 'viridis'.
2025-05-18 20:07:22,590 - INFO - Generando boxplots horizontales para identificar outliers generales en variables numéricas de df_2018.
2025-05-18 20:07:22,936 - INFO - Boxplots horizontales generales generados y mostrados para df_2018.
2025-05-18 20:51:33,405 - INFO - Inicio del notebook de EDA (001_2018_eda.ipynb).
2025-05-18 20:51:33,431 - INFO - Ruta del archivo a cargar: /home/nicolas/Escritorio/workshops ETL/workshop_3/data/raw/2018.csv
2025-05-18 20:51:33,436 - INFO - Intentando cargar el archivo CSV: 2018.csv
2025-05-18 20:51:33,439 - INFO - Archivo 2018.csv cargado exitosamente.
2025-05-18 20:51:33,440 - INFO - El DataFrame tiene 156 filas y 9 columnas.
2025-05-18 20:51:33,453 - INFO - Mostrando las primeras 5 filas del DataFrame df_2018 en formato Markdown.
2025-05-18 20:51:33,465 - INFO - Obteniendo la lista de todas las columnas del DataFrame df_2018.
2025-05-18 20:51:33,467 - INFO - El DataFrame df_2018 tiene 9 columnas.
2025-05-18 20:51:33,469 - INFO - Nombres de las columnas (df_2018): ['Overall rank', 'Country or region', 'Score', 'GDP per capita', 'Social support', 'Healthy life expectancy', 'Freedom to make life choices', 'Generosity', 'Perceptions of corruption']
2025-05-18 20:51:33,488 - INFO - Obteniendo la lista de todos los países en df_2018.
2025-05-18 20:51:33,501 - INFO - Verificando la existencia de filas duplicadas en df_2018.
2025-05-18 20:51:33,504 - INFO - No se encontraron filas duplicadas en el DataFrame df_2018.
2025-05-18 20:51:33,510 - INFO - Mostrando información del DataFrame df_2018 (conteo de no nulos y tipos de datos).
2025-05-18 20:51:33,515 - INFO - Columnas con valores nulos y sus conteos (df_2018): {'Perceptions of corruption': 1}
2025-05-18 20:51:33,522 - INFO - Calculando estadísticas descriptivas para las columnas numéricas de df_2018.
2025-05-18 20:51:33,533 - INFO - Estadísticas descriptivas numéricas de df_2018 calculadas y mostradas.
2025-05-18 20:51:33,549 - INFO - Calculando estadísticas descriptivas para las columnas de tipo 'object' de df_2018.
2025-05-18 20:51:33,556 - INFO - Estadísticas descriptivas para columnas 'object' de df_2018 calculadas y mostradas.
2025-05-18 20:51:33,567 - INFO - Iniciando el cálculo de la correlación gráfica para df_2018.
2025-05-18 20:51:33,569 - INFO - Columnas numéricas identificadas en df_2018: ['Overall rank', 'Score', 'GDP per capita', 'Social support', 'Healthy life expectancy', 'Freedom to make life choices', 'Generosity', 'Perceptions of corruption']
2025-05-18 20:51:33,570 - INFO - Columnas a excluir del heatmap de correlación de features (df_2018): ['Overall rank']
2025-05-18 20:51:33,571 - INFO - Columnas seleccionadas para el heatmap de correlación de features (df_2018): ['Score', 'GDP per capita', 'Social support', 'Healthy life expectancy', 'Freedom to make life choices', 'Generosity', 'Perceptions of corruption']
2025-05-18 20:51:33,573 - INFO - Matriz de correlación de features calculada para df_2018.
2025-05-18 20:51:33,766 - INFO - Mapa de calor de correlación de features generado y mostrado para df_2018.
2025-05-18 20:51:33,769 - INFO - Correlación de features con 'Score' (df_2018) calculada y mostrada.
2025-05-18 20:51:33,780 - INFO - Generando matriz de histogramas/KDE para variables numéricas clave de df_2018 usando paleta 'viridis'.
2025-05-18 20:51:34,744 - INFO - Matriz de histogramas/KDE generada y mostrada para df_2018 con paleta 'viridis'.
2025-05-18 20:51:34,753 - INFO - Generando boxplots horizontales para identificar outliers generales en variables numéricas de df_2018.
2025-05-18 20:51:35,098 - INFO - Boxplots horizontales generales generados y mostrados para df_2018.
