2025-05-18 22:17:07,321 - INFO - Inicio del notebook de limpieza y transformación para 2018.csv (002_2018_clean.ipynb).
2025-05-18 22:17:07,327 - INFO - Ruta del archivo raw a cargar: /home/nicolas/Escritorio/workshops ETL/workshop_3/data/raw/2018.csv
2025-05-18 22:17:07,328 - INFO - Intentando cargar el archivo CSV: 2018.csv
2025-05-18 22:17:07,330 - INFO - Archivo 2018.csv cargado exitosamente.
2025-05-18 22:17:07,331 - INFO - El DataFrame df_2018_raw tiene 156 filas y 9 columnas.
2025-05-18 22:17:07,332 - INFO - Copia del DataFrame creada como df_2018_clean para transformaciones.
2025-05-18 22:17:07,342 - INFO - Iniciando estandarización de nombres de columnas para df_2018.
2025-05-18 22:17:07,343 - INFO - Columnas después del renombrado (df_2018_clean): ['happiness_rank', 'country', 'happiness_score', 'economy_gdp_per_capita', 'social_support', 'health_life_expectancy', 'freedom_to_make_life_choices', 'generosity', 'perceptions_of_corruption']
2025-05-18 22:17:07,358 - INFO - Iniciando creación de la columna 'region' para df_2018.
2025-05-18 22:17:07,362 - WARNING - Países NO mapeados a región en df_2018: ['Greece', 'Azerbaijan', 'Macedonia', 'Palestinian Territories', 'Georgia', 'Armenia', 'Haiti']. Revisa el mapeo y los nombres de país.
2025-05-18 22:17:07,363 - INFO - Columna 'region' creada y poblada en df_2018_clean.
2025-05-18 22:19:44,271 - INFO - Inicio del notebook de limpieza y transformación para 2018.csv (002_2018_clean.ipynb).
2025-05-18 22:19:44,283 - INFO - Ruta del archivo raw a cargar: /home/nicolas/Escritorio/workshops ETL/workshop_3/data/raw/2018.csv
2025-05-18 22:19:44,284 - INFO - Intentando cargar el archivo CSV: 2018.csv
2025-05-18 22:19:44,287 - INFO - Archivo 2018.csv cargado exitosamente.
2025-05-18 22:19:44,287 - INFO - El DataFrame df_2018_raw tiene 156 filas y 9 columnas.
2025-05-18 22:19:44,288 - INFO - Copia del DataFrame creada como df_2018_clean para transformaciones.
2025-05-18 22:19:44,297 - INFO - Iniciando estandarización de nombres de columnas para df_2018.
2025-05-18 22:19:44,298 - INFO - Columnas después del renombrado (df_2018_clean): ['happiness_rank', 'country', 'happiness_score', 'economy_gdp_per_capita', 'social_support', 'health_life_expectancy', 'freedom_to_make_life_choices', 'generosity', 'perceptions_of_corruption']
2025-05-18 22:19:44,311 - INFO - Iniciando creación de la columna 'region' para df_2018.
2025-05-18 22:19:44,315 - INFO - Todos los países de df_2018 fueron mapeados a una región exitosamente.
2025-05-18 22:19:44,316 - INFO - Columna 'region' creada y poblada en df_2018_clean.
2025-05-18 22:19:44,325 - INFO - Verificando la columna 'region' creada en df_2018_clean.
2025-05-18 22:19:44,326 - INFO - Valores únicos en 'region' (df_2018): ['Australia and New Zealand', 'Central and Eastern Europe', 'Eastern Asia', 'Latin America and Caribbean', 'Middle East and Northern Africa', 'North America', 'Southeastern Asia', 'Southern Asia', 'Sub-Saharan Africa', 'Western Europe']
2025-05-18 22:19:44,328 - INFO - Conteo de valores por región (df_2018): {'Sub-Saharan Africa': 39, 'Latin America and Caribbean': 22, 'Middle East and Northern Africa': 22, 'Western Europe': 21, 'Central and Eastern Europe': 21, 'Southern Asia': 12, 'Southeastern Asia': 9, 'Eastern Asia': 6, 'North America': 2, 'Australia and New Zealand': 2}
2025-05-18 22:19:44,336 - INFO - No se eliminan columnas del DataFrame df_2018_clean según el plan.
2025-05-18 22:19:44,346 - INFO - Valores nulos en 'perceptions_of_corruption' antes de la imputación: 1
2025-05-18 22:19:44,347 - INFO - Imputando NaNs en 'perceptions_of_corruption' con la mediana de su respectiva región.
2025-05-18 22:19:44,352 - INFO - Valores nulos en 'perceptions_of_corruption' después de la imputación: 0
2025-05-18 22:19:44,358 - INFO - Columna 'year' con valor 2018 añadida a df_2018_clean.
2025-05-18 22:19:44,365 - INFO - Espacios extra eliminados de la columna 'country' en df_2018_clean.
2025-05-18 22:19:44,375 - INFO - Iniciando reordenamiento de columnas para df_2018_clean.
2025-05-18 22:19:44,377 - INFO - Columnas reordenadas para df_2018_clean. Nuevo orden: ['year', 'region', 'country', 'happiness_rank', 'happiness_score', 'social_support', 'health_life_expectancy', 'generosity', 'freedom_to_make_life_choices', 'economy_gdp_per_capita', 'perceptions_of_corruption']
2025-05-18 22:19:44,383 - INFO - Mostrando información final de df_2018_clean (tipos de datos).
2025-05-18 22:20:17,019 - INFO - Inicio del notebook de limpieza y transformación para 2018.csv (002_2018_clean.ipynb).
2025-05-18 22:20:17,039 - INFO - Ruta del archivo raw a cargar: /home/nicolas/Escritorio/workshops ETL/workshop_3/data/raw/2018.csv
2025-05-18 22:20:17,041 - INFO - Intentando cargar el archivo CSV: 2018.csv
2025-05-18 22:20:17,043 - INFO - Archivo 2018.csv cargado exitosamente.
2025-05-18 22:20:17,044 - INFO - El DataFrame df_2018_raw tiene 156 filas y 9 columnas.
2025-05-18 22:20:17,045 - INFO - Copia del DataFrame creada como df_2018_clean para transformaciones.
2025-05-18 22:20:17,059 - INFO - Iniciando estandarización de nombres de columnas para df_2018.
2025-05-18 22:20:17,060 - INFO - Columnas después del renombrado (df_2018_clean): ['happiness_rank', 'country', 'happiness_score', 'economy_gdp_per_capita', 'social_support', 'health_life_expectancy', 'freedom_to_make_life_choices', 'generosity', 'perceptions_of_corruption']
2025-05-18 22:20:17,073 - INFO - Iniciando creación de la columna 'region' para df_2018.
2025-05-18 22:20:17,077 - INFO - Todos los países de df_2018 fueron mapeados a una región exitosamente.
2025-05-18 22:20:17,078 - INFO - Columna 'region' creada y poblada en df_2018_clean.
2025-05-18 22:20:17,085 - INFO - Verificando la columna 'region' creada en df_2018_clean.
2025-05-18 22:20:17,087 - INFO - Valores únicos en 'region' (df_2018): ['Australia and New Zealand', 'Central and Eastern Europe', 'Eastern Asia', 'Latin America and Caribbean', 'Middle East and Northern Africa', 'North America', 'Southeastern Asia', 'Southern Asia', 'Sub-Saharan Africa', 'Western Europe']
2025-05-18 22:20:17,089 - INFO - Conteo de valores por región (df_2018): {'Sub-Saharan Africa': 39, 'Latin America and Caribbean': 22, 'Middle East and Northern Africa': 22, 'Western Europe': 21, 'Central and Eastern Europe': 21, 'Southern Asia': 12, 'Southeastern Asia': 9, 'Eastern Asia': 6, 'North America': 2, 'Australia and New Zealand': 2}
2025-05-18 22:20:17,096 - INFO - No se eliminan columnas del DataFrame df_2018_clean según el plan.
2025-05-18 22:20:17,108 - INFO - Valores nulos en 'perceptions_of_corruption' antes de la imputación: 1
2025-05-18 22:20:17,109 - INFO - Imputando NaNs en 'perceptions_of_corruption' con la mediana de su respectiva región.
2025-05-18 22:20:17,114 - INFO - Valores nulos en 'perceptions_of_corruption' después de la imputación: 0
2025-05-18 22:20:17,121 - INFO - Columna 'year' con valor 2018 añadida a df_2018_clean.
2025-05-18 22:20:17,130 - INFO - Espacios extra eliminados de la columna 'country' en df_2018_clean.
2025-05-18 22:20:17,138 - INFO - Iniciando reordenamiento de columnas para df_2018_clean.
2025-05-18 22:20:17,140 - INFO - Columnas reordenadas para df_2018_clean. Nuevo orden: ['year', 'region', 'country', 'happiness_rank', 'happiness_score', 'social_support', 'health_life_expectancy', 'generosity', 'freedom_to_make_life_choices', 'economy_gdp_per_capita', 'perceptions_of_corruption']
2025-05-18 22:20:17,151 - INFO - Mostrando información final de df_2018_clean (tipos de datos).
2025-05-18 22:22:10,543 - INFO - Inicio del notebook de limpieza y transformación para 2018.csv (002_2018_clean.ipynb).
2025-05-18 22:22:10,558 - INFO - Ruta del archivo raw a cargar: /home/nicolas/Escritorio/workshops ETL/workshop_3/data/raw/2018.csv
2025-05-18 22:22:10,559 - INFO - Intentando cargar el archivo CSV: 2018.csv
2025-05-18 22:22:10,561 - INFO - Archivo 2018.csv cargado exitosamente.
2025-05-18 22:22:10,562 - INFO - El DataFrame df_2018_raw tiene 156 filas y 9 columnas.
2025-05-18 22:22:10,563 - INFO - Copia del DataFrame creada como df_2018_clean para transformaciones.
2025-05-18 22:22:10,578 - INFO - Iniciando estandarización de nombres de columnas para df_2018.
2025-05-18 22:22:10,579 - INFO - Columnas después del renombrado (df_2018_clean): ['happiness_rank', 'country', 'happiness_score', 'economy_gdp_per_capita', 'social_support', 'health_life_expectancy', 'freedom_to_make_life_choices', 'generosity', 'perceptions_of_corruption']
2025-05-18 22:22:10,590 - INFO - Iniciando creación de la columna 'region' para df_2018.
2025-05-18 22:22:10,594 - INFO - Todos los países de df_2018 fueron mapeados a una región exitosamente.
2025-05-18 22:22:10,594 - INFO - Columna 'region' creada y poblada en df_2018_clean.
2025-05-18 22:22:10,610 - INFO - Verificando la columna 'region' creada en df_2018_clean.
2025-05-18 22:22:10,612 - INFO - Valores únicos en 'region' (df_2018): ['Australia and New Zealand', 'Central and Eastern Europe', 'Eastern Asia', 'Latin America and Caribbean', 'Middle East and Northern Africa', 'North America', 'Southeastern Asia', 'Southern Asia', 'Sub-Saharan Africa', 'Western Europe']
2025-05-18 22:22:10,613 - INFO - Conteo de valores por región (df_2018): {'Sub-Saharan Africa': 39, 'Latin America and Caribbean': 22, 'Middle East and Northern Africa': 22, 'Western Europe': 21, 'Central and Eastern Europe': 21, 'Southern Asia': 12, 'Southeastern Asia': 9, 'Eastern Asia': 6, 'North America': 2, 'Australia and New Zealand': 2}
2025-05-18 22:22:10,622 - INFO - No se eliminan columnas del DataFrame df_2018_clean según el plan.
2025-05-18 22:22:10,631 - INFO - Valores nulos en 'perceptions_of_corruption' antes de la imputación: 1
2025-05-18 22:22:10,631 - INFO - Imputando NaNs en 'perceptions_of_corruption' con la mediana de su respectiva región.
2025-05-18 22:22:10,637 - INFO - Valores nulos en 'perceptions_of_corruption' después de la imputación: 0
2025-05-18 22:22:10,644 - INFO - Columna 'year' con valor 2018 añadida a df_2018_clean.
2025-05-18 22:22:10,652 - INFO - Espacios extra eliminados de la columna 'country' en df_2018_clean.
2025-05-18 22:22:10,660 - INFO - Iniciando reordenamiento de columnas para df_2018_clean.
2025-05-18 22:22:10,662 - INFO - Columnas reordenadas para df_2018_clean. Nuevo orden: ['year', 'region', 'country', 'happiness_rank', 'happiness_score', 'social_support', 'health_life_expectancy', 'generosity', 'freedom_to_make_life_choices', 'economy_gdp_per_capita', 'perceptions_of_corruption']
2025-05-18 22:22:10,670 - INFO - Mostrando información final de df_2018_clean (tipos de datos).
2025-05-18 22:24:30,436 - INFO - Valores nulos en 'perceptions_of_corruption' antes de la imputación: 0
2025-05-18 22:24:30,437 - INFO - No se encontraron NaNs para imputar en 'perceptions_of_corruption'.
2025-05-18 22:24:35,273 - INFO - Inicio del notebook de limpieza y transformación para 2018.csv (002_2018_clean.ipynb).
2025-05-18 22:24:35,285 - INFO - Ruta del archivo raw a cargar: /home/nicolas/Escritorio/workshops ETL/workshop_3/data/raw/2018.csv
2025-05-18 22:24:35,286 - INFO - Intentando cargar el archivo CSV: 2018.csv
2025-05-18 22:24:35,288 - INFO - Archivo 2018.csv cargado exitosamente.
2025-05-18 22:24:35,289 - INFO - El DataFrame df_2018_raw tiene 156 filas y 9 columnas.
2025-05-18 22:24:35,289 - INFO - Copia del DataFrame creada como df_2018_clean para transformaciones.
2025-05-18 22:24:35,312 - INFO - Iniciando estandarización de nombres de columnas para df_2018.
2025-05-18 22:24:35,315 - INFO - Columnas después del renombrado (df_2018_clean): ['happiness_rank', 'country', 'happiness_score', 'economy_gdp_per_capita', 'social_support', 'health_life_expectancy', 'freedom_to_make_life_choices', 'generosity', 'perceptions_of_corruption']
2025-05-18 22:24:35,358 - INFO - Iniciando creación de la columna 'region' para df_2018.
2025-05-18 22:24:35,363 - INFO - Todos los países de df_2018 fueron mapeados a una región exitosamente.
2025-05-18 22:24:35,364 - INFO - Columna 'region' creada y poblada en df_2018_clean.
2025-05-18 22:24:35,398 - INFO - Verificando la columna 'region' creada en df_2018_clean.
2025-05-18 22:24:35,399 - INFO - Valores únicos en 'region' (df_2018): ['Australia and New Zealand', 'Central and Eastern Europe', 'Eastern Asia', 'Latin America and Caribbean', 'Middle East and Northern Africa', 'North America', 'Southeastern Asia', 'Southern Asia', 'Sub-Saharan Africa', 'Western Europe']
2025-05-18 22:24:35,401 - INFO - Conteo de valores por región (df_2018): {'Sub-Saharan Africa': 39, 'Latin America and Caribbean': 22, 'Middle East and Northern Africa': 22, 'Western Europe': 21, 'Central and Eastern Europe': 21, 'Southern Asia': 12, 'Southeastern Asia': 9, 'Eastern Asia': 6, 'North America': 2, 'Australia and New Zealand': 2}
2025-05-18 22:24:35,415 - INFO - No se eliminan columnas del DataFrame df_2018_clean según el plan.
2025-05-18 22:24:35,434 - INFO - Valores nulos en 'perceptions_of_corruption' antes de la imputación: 1
2025-05-18 22:24:35,435 - INFO - Imputando NaNs en 'perceptions_of_corruption' con la mediana de su respectiva región.
2025-05-18 22:24:35,441 - INFO - Fila 19 (País: United Arab Emirates, Región: Middle East and Northern Africa): 'perceptions_of_corruption' se imputó a 0.127
2025-05-18 22:24:35,442 - INFO - Valores nulos en 'perceptions_of_corruption' después de la imputación: 0
2025-05-18 22:24:35,449 - INFO - Columna 'year' con valor 2018 añadida a df_2018_clean.
2025-05-18 22:24:35,458 - INFO - Espacios extra eliminados de la columna 'country' en df_2018_clean.
2025-05-18 22:24:35,467 - INFO - Iniciando reordenamiento de columnas para df_2018_clean.
2025-05-18 22:24:35,470 - INFO - Columnas reordenadas para df_2018_clean. Nuevo orden: ['year', 'region', 'country', 'happiness_rank', 'happiness_score', 'social_support', 'health_life_expectancy', 'generosity', 'freedom_to_make_life_choices', 'economy_gdp_per_capita', 'perceptions_of_corruption']
2025-05-18 22:24:35,478 - INFO - Mostrando información final de df_2018_clean (tipos de datos).
2025-05-18 22:25:30,653 - INFO - Inicio del notebook de limpieza y transformación para 2018.csv (002_2018_clean.ipynb).
2025-05-18 22:25:30,687 - INFO - Ruta del archivo raw a cargar: /home/nicolas/Escritorio/workshops ETL/workshop_3/data/raw/2018.csv
2025-05-18 22:25:30,688 - INFO - Intentando cargar el archivo CSV: 2018.csv
2025-05-18 22:25:30,689 - INFO - Archivo 2018.csv cargado exitosamente.
2025-05-18 22:25:30,690 - INFO - El DataFrame df_2018_raw tiene 156 filas y 9 columnas.
2025-05-18 22:25:30,690 - INFO - Copia del DataFrame creada como df_2018_clean para transformaciones.
2025-05-18 22:25:30,702 - INFO - Iniciando estandarización de nombres de columnas para df_2018.
2025-05-18 22:25:30,703 - INFO - Columnas después del renombrado (df_2018_clean): ['happiness_rank', 'country', 'happiness_score', 'economy_gdp_per_capita', 'social_support', 'health_life_expectancy', 'freedom_to_make_life_choices', 'generosity', 'perceptions_of_corruption']
2025-05-18 22:25:30,716 - INFO - Iniciando creación de la columna 'region' para df_2018.
2025-05-18 22:25:30,719 - INFO - Todos los países de df_2018 fueron mapeados a una región exitosamente.
2025-05-18 22:25:30,720 - INFO - Columna 'region' creada y poblada en df_2018_clean.
2025-05-18 22:25:30,736 - INFO - Verificando la columna 'region' creada en df_2018_clean.
2025-05-18 22:25:30,737 - INFO - Valores únicos en 'region' (df_2018): ['Australia and New Zealand', 'Central and Eastern Europe', 'Eastern Asia', 'Latin America and Caribbean', 'Middle East and Northern Africa', 'North America', 'Southeastern Asia', 'Southern Asia', 'Sub-Saharan Africa', 'Western Europe']
2025-05-18 22:25:30,738 - INFO - Conteo de valores por región (df_2018): {'Sub-Saharan Africa': 39, 'Latin America and Caribbean': 22, 'Middle East and Northern Africa': 22, 'Western Europe': 21, 'Central and Eastern Europe': 21, 'Southern Asia': 12, 'Southeastern Asia': 9, 'Eastern Asia': 6, 'North America': 2, 'Australia and New Zealand': 2}
2025-05-18 22:25:30,745 - INFO - No se eliminan columnas del DataFrame df_2018_clean según el plan.
2025-05-18 22:25:30,756 - INFO - Valores nulos en 'perceptions_of_corruption' antes de la imputación: 1
2025-05-18 22:25:30,757 - INFO - Imputando NaNs en 'perceptions_of_corruption' con la mediana de su respectiva región.
2025-05-18 22:25:30,762 - INFO - Fila 19 (País: United Arab Emirates, Región: Middle East and Northern Africa): 'perceptions_of_corruption' se imputó a 0.127
2025-05-18 22:25:30,763 - INFO - Valores nulos en 'perceptions_of_corruption' después de la imputación: 0
2025-05-18 22:25:30,770 - INFO - Columna 'year' con valor 2018 añadida a df_2018_clean.
2025-05-18 22:25:30,778 - INFO - Espacios extra eliminados de la columna 'country' en df_2018_clean.
2025-05-18 22:25:30,787 - INFO - Iniciando reordenamiento de columnas para df_2018_clean.
2025-05-18 22:25:30,788 - INFO - Columnas reordenadas para df_2018_clean. Nuevo orden: ['year', 'region', 'country', 'happiness_rank', 'happiness_score', 'social_support', 'health_life_expectancy', 'generosity', 'freedom_to_make_life_choices', 'economy_gdp_per_capita', 'perceptions_of_corruption']
2025-05-18 22:25:30,801 - INFO - Mostrando información final de df_2018_clean (tipos de datos).
2025-05-18 22:25:37,760 - INFO - Inicio del notebook de limpieza y transformación para 2018.csv (002_2018_clean.ipynb).
2025-05-18 22:25:37,789 - INFO - Ruta del archivo raw a cargar: /home/nicolas/Escritorio/workshops ETL/workshop_3/data/raw/2018.csv
2025-05-18 22:25:37,790 - INFO - Intentando cargar el archivo CSV: 2018.csv
2025-05-18 22:25:37,792 - INFO - Archivo 2018.csv cargado exitosamente.
2025-05-18 22:25:37,793 - INFO - El DataFrame df_2018_raw tiene 156 filas y 9 columnas.
2025-05-18 22:25:37,794 - INFO - Copia del DataFrame creada como df_2018_clean para transformaciones.
2025-05-18 22:25:37,820 - INFO - Iniciando estandarización de nombres de columnas para df_2018.
2025-05-18 22:25:37,823 - INFO - Columnas después del renombrado (df_2018_clean): ['happiness_rank', 'country', 'happiness_score', 'economy_gdp_per_capita', 'social_support', 'health_life_expectancy', 'freedom_to_make_life_choices', 'generosity', 'perceptions_of_corruption']
2025-05-18 22:25:37,839 - INFO - Iniciando creación de la columna 'region' para df_2018.
2025-05-18 22:25:37,842 - INFO - Todos los países de df_2018 fueron mapeados a una región exitosamente.
2025-05-18 22:25:37,843 - INFO - Columna 'region' creada y poblada en df_2018_clean.
2025-05-18 22:25:37,857 - INFO - Verificando la columna 'region' creada en df_2018_clean.
2025-05-18 22:25:37,858 - INFO - Valores únicos en 'region' (df_2018): ['Australia and New Zealand', 'Central and Eastern Europe', 'Eastern Asia', 'Latin America and Caribbean', 'Middle East and Northern Africa', 'North America', 'Southeastern Asia', 'Southern Asia', 'Sub-Saharan Africa', 'Western Europe']
2025-05-18 22:25:37,859 - INFO - Conteo de valores por región (df_2018): {'Sub-Saharan Africa': 39, 'Latin America and Caribbean': 22, 'Middle East and Northern Africa': 22, 'Western Europe': 21, 'Central and Eastern Europe': 21, 'Southern Asia': 12, 'Southeastern Asia': 9, 'Eastern Asia': 6, 'North America': 2, 'Australia and New Zealand': 2}
2025-05-18 22:25:37,867 - INFO - No se eliminan columnas del DataFrame df_2018_clean según el plan.
2025-05-18 22:25:37,881 - INFO - Valores nulos en 'perceptions_of_corruption' antes de la imputación: 1
2025-05-18 22:25:37,884 - INFO - Imputando NaNs en 'perceptions_of_corruption' con la mediana de su respectiva región.
2025-05-18 22:25:37,891 - INFO - Fila 19 (País: United Arab Emirates, Región: Middle East and Northern Africa): 'perceptions_of_corruption' se imputó a 0.127
2025-05-18 22:25:37,893 - INFO - Valores nulos en 'perceptions_of_corruption' después de la imputación: 0
2025-05-18 22:25:37,904 - INFO - Columna 'year' con valor 2018 añadida a df_2018_clean.
2025-05-18 22:25:37,920 - INFO - Espacios extra eliminados de la columna 'country' en df_2018_clean.
2025-05-18 22:25:37,945 - INFO - Iniciando reordenamiento de columnas para df_2018_clean.
2025-05-18 22:25:37,949 - INFO - Columnas reordenadas para df_2018_clean. Nuevo orden: ['year', 'region', 'country', 'happiness_rank', 'happiness_score', 'social_support', 'health_life_expectancy', 'generosity', 'freedom_to_make_life_choices', 'economy_gdp_per_capita', 'perceptions_of_corruption']
2025-05-18 22:25:37,962 - INFO - Mostrando información final de df_2018_clean (tipos de datos).
2025-05-18 22:25:40,811 - INFO - Inicio del notebook de limpieza y transformación para 2018.csv (002_2018_clean.ipynb).
2025-05-18 22:25:40,838 - INFO - Ruta del archivo raw a cargar: /home/nicolas/Escritorio/workshops ETL/workshop_3/data/raw/2018.csv
2025-05-18 22:25:40,839 - INFO - Intentando cargar el archivo CSV: 2018.csv
2025-05-18 22:25:40,841 - INFO - Archivo 2018.csv cargado exitosamente.
2025-05-18 22:25:40,841 - INFO - El DataFrame df_2018_raw tiene 156 filas y 9 columnas.
2025-05-18 22:25:40,841 - INFO - Copia del DataFrame creada como df_2018_clean para transformaciones.
2025-05-18 22:25:40,855 - INFO - Iniciando estandarización de nombres de columnas para df_2018.
2025-05-18 22:25:40,857 - INFO - Columnas después del renombrado (df_2018_clean): ['happiness_rank', 'country', 'happiness_score', 'economy_gdp_per_capita', 'social_support', 'health_life_expectancy', 'freedom_to_make_life_choices', 'generosity', 'perceptions_of_corruption']
2025-05-18 22:25:40,870 - INFO - Iniciando creación de la columna 'region' para df_2018.
2025-05-18 22:25:40,874 - INFO - Todos los países de df_2018 fueron mapeados a una región exitosamente.
2025-05-18 22:25:40,875 - INFO - Columna 'region' creada y poblada en df_2018_clean.
2025-05-18 22:25:40,892 - INFO - Verificando la columna 'region' creada en df_2018_clean.
2025-05-18 22:25:40,893 - INFO - Valores únicos en 'region' (df_2018): ['Australia and New Zealand', 'Central and Eastern Europe', 'Eastern Asia', 'Latin America and Caribbean', 'Middle East and Northern Africa', 'North America', 'Southeastern Asia', 'Southern Asia', 'Sub-Saharan Africa', 'Western Europe']
2025-05-18 22:25:40,895 - INFO - Conteo de valores por región (df_2018): {'Sub-Saharan Africa': 39, 'Latin America and Caribbean': 22, 'Middle East and Northern Africa': 22, 'Western Europe': 21, 'Central and Eastern Europe': 21, 'Southern Asia': 12, 'Southeastern Asia': 9, 'Eastern Asia': 6, 'North America': 2, 'Australia and New Zealand': 2}
2025-05-18 22:25:40,902 - INFO - No se eliminan columnas del DataFrame df_2018_clean según el plan.
2025-05-18 22:25:40,915 - INFO - Valores nulos en 'perceptions_of_corruption' antes de la imputación: 1
2025-05-18 22:25:40,916 - INFO - Imputando NaNs en 'perceptions_of_corruption' con la mediana de su respectiva región.
2025-05-18 22:25:40,922 - INFO - Fila 19 (País: United Arab Emirates, Región: Middle East and Northern Africa): 'perceptions_of_corruption' se imputó a 0.127
2025-05-18 22:25:40,922 - INFO - Valores nulos en 'perceptions_of_corruption' después de la imputación: 0
2025-05-18 22:25:40,929 - INFO - Columna 'year' con valor 2018 añadida a df_2018_clean.
2025-05-18 22:25:40,936 - INFO - Espacios extra eliminados de la columna 'country' en df_2018_clean.
2025-05-18 22:25:40,945 - INFO - Iniciando reordenamiento de columnas para df_2018_clean.
2025-05-18 22:25:40,947 - INFO - Columnas reordenadas para df_2018_clean. Nuevo orden: ['year', 'region', 'country', 'happiness_rank', 'happiness_score', 'social_support', 'health_life_expectancy', 'generosity', 'freedom_to_make_life_choices', 'economy_gdp_per_capita', 'perceptions_of_corruption']
2025-05-18 22:25:40,956 - INFO - Mostrando información final de df_2018_clean (tipos de datos).
2025-05-18 22:27:32,676 - INFO - Valores nulos en 'perceptions_of_corruption' antes de la imputación: 0
2025-05-18 22:27:32,677 - INFO - No se encontraron NaNs para imputar en 'perceptions_of_corruption'.
2025-05-18 22:27:36,748 - INFO - Inicio del notebook de limpieza y transformación para 2018.csv (002_2018_clean.ipynb).
2025-05-18 22:27:36,791 - INFO - Ruta del archivo raw a cargar: /home/nicolas/Escritorio/workshops ETL/workshop_3/data/raw/2018.csv
2025-05-18 22:27:36,793 - INFO - Intentando cargar el archivo CSV: 2018.csv
2025-05-18 22:27:36,796 - INFO - Archivo 2018.csv cargado exitosamente.
2025-05-18 22:27:36,797 - INFO - El DataFrame df_2018_raw tiene 156 filas y 9 columnas.
2025-05-18 22:27:36,798 - INFO - Copia del DataFrame creada como df_2018_clean para transformaciones.
2025-05-18 22:27:36,822 - INFO - Iniciando estandarización de nombres de columnas para df_2018.
2025-05-18 22:27:36,825 - INFO - Columnas después del renombrado (df_2018_clean): ['happiness_rank', 'country', 'happiness_score', 'economy_gdp_per_capita', 'social_support', 'health_life_expectancy', 'freedom_to_make_life_choices', 'generosity', 'perceptions_of_corruption']
2025-05-18 22:27:36,840 - INFO - Iniciando creación de la columna 'region' para df_2018.
2025-05-18 22:27:36,844 - INFO - Todos los países de df_2018 fueron mapeados a una región exitosamente.
2025-05-18 22:27:36,845 - INFO - Columna 'region' creada y poblada en df_2018_clean.
2025-05-18 22:27:36,868 - INFO - Verificando la columna 'region' creada en df_2018_clean.
2025-05-18 22:27:36,869 - INFO - Valores únicos en 'region' (df_2018): ['Australia and New Zealand', 'Central and Eastern Europe', 'Eastern Asia', 'Latin America and Caribbean', 'Middle East and Northern Africa', 'North America', 'Southeastern Asia', 'Southern Asia', 'Sub-Saharan Africa', 'Western Europe']
2025-05-18 22:27:36,871 - INFO - Conteo de valores por región (df_2018): {'Sub-Saharan Africa': 39, 'Latin America and Caribbean': 22, 'Middle East and Northern Africa': 22, 'Western Europe': 21, 'Central and Eastern Europe': 21, 'Southern Asia': 12, 'Southeastern Asia': 9, 'Eastern Asia': 6, 'North America': 2, 'Australia and New Zealand': 2}
2025-05-18 22:27:36,880 - INFO - No se eliminan columnas del DataFrame df_2018_clean según el plan.
2025-05-18 22:27:36,893 - INFO - Valores nulos en 'perceptions_of_corruption' antes de la imputación: 1
2025-05-18 22:27:36,895 - INFO - Imputando NaNs en 'perceptions_of_corruption' con la mediana de su respectiva región. Mediana de la región 'Middle East and Northern Africa' (para el primer NaN encontrado) es: 0.1270
2025-05-18 22:27:36,899 - INFO - País 'United Arab Emirates': 'perceptions_of_corruption' imputado con 0.1270
2025-05-18 22:27:36,900 - INFO - Valores nulos en 'perceptions_of_corruption' después de la imputación: 0
2025-05-18 22:27:36,907 - INFO - Columna 'year' con valor 2018 añadida a df_2018_clean.
2025-05-18 22:27:36,915 - INFO - Espacios extra eliminados de la columna 'country' en df_2018_clean.
2025-05-18 22:27:36,923 - INFO - Iniciando reordenamiento de columnas para df_2018_clean.
2025-05-18 22:27:36,925 - INFO - Columnas reordenadas para df_2018_clean. Nuevo orden: ['year', 'region', 'country', 'happiness_rank', 'happiness_score', 'social_support', 'health_life_expectancy', 'generosity', 'freedom_to_make_life_choices', 'economy_gdp_per_capita', 'perceptions_of_corruption']
2025-05-18 22:27:36,933 - INFO - Mostrando información final de df_2018_clean (tipos de datos).
2025-05-18 22:28:43,220 - INFO - Inicio del notebook de limpieza y transformación para 2018.csv (002_2018_clean.ipynb).
2025-05-18 22:28:43,232 - INFO - Ruta del archivo raw a cargar: /home/nicolas/Escritorio/workshops ETL/workshop_3/data/raw/2018.csv
2025-05-18 22:28:43,233 - INFO - Intentando cargar el archivo CSV: 2018.csv
2025-05-18 22:28:43,236 - INFO - Archivo 2018.csv cargado exitosamente.
2025-05-18 22:28:43,236 - INFO - El DataFrame df_2018_raw tiene 156 filas y 9 columnas.
2025-05-18 22:28:43,237 - INFO - Copia del DataFrame creada como df_2018_clean para transformaciones.
2025-05-18 22:28:43,251 - INFO - Iniciando estandarización de nombres de columnas para df_2018.
2025-05-18 22:28:43,252 - INFO - Columnas después del renombrado (df_2018_clean): ['happiness_rank', 'country', 'happiness_score', 'economy_gdp_per_capita', 'social_support', 'health_life_expectancy', 'freedom_to_make_life_choices', 'generosity', 'perceptions_of_corruption']
2025-05-18 22:28:43,264 - INFO - Iniciando creación de la columna 'region' para df_2018.
2025-05-18 22:28:43,267 - INFO - Todos los países de df_2018 fueron mapeados a una región exitosamente.
2025-05-18 22:28:43,267 - INFO - Columna 'region' creada y poblada en df_2018_clean.
2025-05-18 22:28:43,284 - INFO - Verificando la columna 'region' creada en df_2018_clean.
2025-05-18 22:28:43,285 - INFO - Valores únicos en 'region' (df_2018): ['Australia and New Zealand', 'Central and Eastern Europe', 'Eastern Asia', 'Latin America and Caribbean', 'Middle East and Northern Africa', 'North America', 'Southeastern Asia', 'Southern Asia', 'Sub-Saharan Africa', 'Western Europe']
2025-05-18 22:28:43,288 - INFO - Conteo de valores por región (df_2018): {'Sub-Saharan Africa': 39, 'Latin America and Caribbean': 22, 'Middle East and Northern Africa': 22, 'Western Europe': 21, 'Central and Eastern Europe': 21, 'Southern Asia': 12, 'Southeastern Asia': 9, 'Eastern Asia': 6, 'North America': 2, 'Australia and New Zealand': 2}
2025-05-18 22:28:43,316 - INFO - No se eliminan columnas del DataFrame df_2018_clean según el plan.
2025-05-18 22:28:43,352 - INFO - Valores nulos en 'perceptions_of_corruption' antes de la imputación: 1
2025-05-18 22:28:43,356 - INFO - Imputando NaNs en 'perceptions_of_corruption' con la mediana de su respectiva región. Mediana de la región 'Middle East and Northern Africa' (para el primer NaN encontrado) es: 0.1270
2025-05-18 22:28:43,361 - INFO - País 'United Arab Emirates': 'perceptions_of_corruption' imputado con 0.1270
2025-05-18 22:28:43,362 - INFO - Valores nulos en 'perceptions_of_corruption' después de la imputación: 0
2025-05-18 22:28:43,369 - INFO - Columna 'year' con valor 2018 añadida a df_2018_clean.
2025-05-18 22:28:43,385 - INFO - Espacios extra eliminados de la columna 'country' en df_2018_clean.
2025-05-18 22:28:43,404 - INFO - Iniciando reordenamiento de columnas para df_2018_clean.
2025-05-18 22:28:43,407 - INFO - Columnas reordenadas para df_2018_clean. Nuevo orden: ['year', 'region', 'country', 'happiness_rank', 'happiness_score', 'social_support', 'health_life_expectancy', 'generosity', 'freedom_to_make_life_choices', 'economy_gdp_per_capita', 'perceptions_of_corruption']
2025-05-18 22:28:43,417 - INFO - Mostrando información final de df_2018_clean (tipos de datos).
2025-05-18 22:29:50,699 - INFO - Inicio del notebook de limpieza y transformación para 2018.csv (002_2018_clean.ipynb).
2025-05-18 22:29:50,712 - INFO - Ruta del archivo raw a cargar: /home/nicolas/Escritorio/workshops ETL/workshop_3/data/raw/2018.csv
2025-05-18 22:29:50,712 - INFO - Intentando cargar el archivo CSV: 2018.csv
2025-05-18 22:29:50,715 - INFO - Archivo 2018.csv cargado exitosamente.
2025-05-18 22:29:50,716 - INFO - El DataFrame df_2018_raw tiene 156 filas y 9 columnas.
2025-05-18 22:29:50,716 - INFO - Copia del DataFrame creada como df_2018_clean para transformaciones.
2025-05-18 22:29:50,731 - INFO - Iniciando estandarización de nombres de columnas para df_2018.
2025-05-18 22:29:50,732 - INFO - Columnas después del renombrado (df_2018_clean): ['happiness_rank', 'country', 'happiness_score', 'economy_gdp_per_capita', 'social_support', 'health_life_expectancy', 'freedom_to_make_life_choices', 'generosity', 'perceptions_of_corruption']
2025-05-18 22:29:50,743 - INFO - Iniciando creación de la columna 'region' para df_2018.
2025-05-18 22:29:50,746 - INFO - Todos los países de df_2018 fueron mapeados a una región exitosamente.
2025-05-18 22:29:50,747 - INFO - Columna 'region' creada y poblada en df_2018_clean.
2025-05-18 22:29:50,764 - INFO - Verificando la columna 'region' creada en df_2018_clean.
2025-05-18 22:29:50,765 - INFO - Valores únicos en 'region' (df_2018): ['Australia and New Zealand', 'Central and Eastern Europe', 'Eastern Asia', 'Latin America and Caribbean', 'Middle East and Northern Africa', 'North America', 'Southeastern Asia', 'Southern Asia', 'Sub-Saharan Africa', 'Western Europe']
2025-05-18 22:29:50,767 - INFO - Conteo de valores por región (df_2018): {'Sub-Saharan Africa': 39, 'Latin America and Caribbean': 22, 'Middle East and Northern Africa': 22, 'Western Europe': 21, 'Central and Eastern Europe': 21, 'Southern Asia': 12, 'Southeastern Asia': 9, 'Eastern Asia': 6, 'North America': 2, 'Australia and New Zealand': 2}
2025-05-18 22:29:50,774 - INFO - No se eliminan columnas del DataFrame df_2018_clean según el plan.
2025-05-18 22:29:50,786 - INFO - Valores nulos en 'perceptions_of_corruption' antes de la imputación: 1
2025-05-18 22:29:50,787 - INFO - Imputando NaNs en 'perceptions_of_corruption' con la mediana de su respectiva región. Mediana de la región 'Middle East and Northern Africa' (para el primer NaN encontrado) es: 0.1270
2025-05-18 22:29:50,791 - INFO - País 'United Arab Emirates': 'perceptions_of_corruption' imputado con 0.1270
2025-05-18 22:29:50,793 - INFO - Valores nulos en 'perceptions_of_corruption' después de la imputación: 0
2025-05-18 22:29:50,798 - INFO - Columna 'year' con valor 2018 añadida a df_2018_clean.
2025-05-18 22:29:50,804 - INFO - Espacios extra eliminados de la columna 'country' en df_2018_clean.
2025-05-18 22:29:50,815 - INFO - Iniciando reordenamiento de columnas para df_2018_clean.
2025-05-18 22:29:50,817 - INFO - Columnas reordenadas para df_2018_clean. Nuevo orden: ['year', 'region', 'country', 'happiness_rank', 'happiness_score', 'social_support', 'health_life_expectancy', 'generosity', 'freedom_to_make_life_choices', 'economy_gdp_per_capita', 'perceptions_of_corruption']
2025-05-18 22:29:50,825 - INFO - Mostrando información final de df_2018_clean (tipos de datos).
2025-05-18 22:30:01,476 - INFO - Inicio del notebook de limpieza y transformación para 2018.csv (002_2018_clean.ipynb).
2025-05-18 22:30:01,496 - INFO - Ruta del archivo raw a cargar: /home/nicolas/Escritorio/workshops ETL/workshop_3/data/raw/2018.csv
2025-05-18 22:30:01,497 - INFO - Intentando cargar el archivo CSV: 2018.csv
2025-05-18 22:30:01,499 - INFO - Archivo 2018.csv cargado exitosamente.
2025-05-18 22:30:01,499 - INFO - El DataFrame df_2018_raw tiene 156 filas y 9 columnas.
2025-05-18 22:30:01,500 - INFO - Copia del DataFrame creada como df_2018_clean para transformaciones.
2025-05-18 22:30:01,514 - INFO - Iniciando estandarización de nombres de columnas para df_2018.
2025-05-18 22:30:01,515 - INFO - Columnas después del renombrado (df_2018_clean): ['happiness_rank', 'country', 'happiness_score', 'economy_gdp_per_capita', 'social_support', 'health_life_expectancy', 'freedom_to_make_life_choices', 'generosity', 'perceptions_of_corruption']
2025-05-18 22:30:01,527 - INFO - Iniciando creación de la columna 'region' para df_2018.
2025-05-18 22:30:01,530 - INFO - Todos los países de df_2018 fueron mapeados a una región exitosamente.
2025-05-18 22:30:01,530 - INFO - Columna 'region' creada y poblada en df_2018_clean.
2025-05-18 22:30:01,546 - INFO - Verificando la columna 'region' creada en df_2018_clean.
2025-05-18 22:30:01,547 - INFO - Valores únicos en 'region' (df_2018): ['Australia and New Zealand', 'Central and Eastern Europe', 'Eastern Asia', 'Latin America and Caribbean', 'Middle East and Northern Africa', 'North America', 'Southeastern Asia', 'Southern Asia', 'Sub-Saharan Africa', 'Western Europe']
2025-05-18 22:30:01,548 - INFO - Conteo de valores por región (df_2018): {'Sub-Saharan Africa': 39, 'Latin America and Caribbean': 22, 'Middle East and Northern Africa': 22, 'Western Europe': 21, 'Central and Eastern Europe': 21, 'Southern Asia': 12, 'Southeastern Asia': 9, 'Eastern Asia': 6, 'North America': 2, 'Australia and New Zealand': 2}
2025-05-18 22:30:01,567 - INFO - No se eliminan columnas del DataFrame df_2018_clean según el plan.
2025-05-18 22:30:01,576 - INFO - Valores nulos en 'perceptions_of_corruption' antes de la imputación: 1
2025-05-18 22:30:01,579 - INFO - Imputando NaNs en 'perceptions_of_corruption' con la mediana de su respectiva región. Mediana de la región 'Middle East and Northern Africa' (para el primer NaN encontrado) es: 0.1270
2025-05-18 22:30:01,589 - INFO - Columna 'year' con valor 2018 añadida a df_2018_clean.
2025-05-18 22:30:01,596 - INFO - Espacios extra eliminados de la columna 'country' en df_2018_clean.
2025-05-18 22:30:01,603 - INFO - Iniciando reordenamiento de columnas para df_2018_clean.
2025-05-18 22:30:01,606 - INFO - Columnas reordenadas para df_2018_clean. Nuevo orden: ['year', 'region', 'country', 'happiness_rank', 'happiness_score', 'social_support', 'health_life_expectancy', 'generosity', 'freedom_to_make_life_choices', 'economy_gdp_per_capita', 'perceptions_of_corruption']
2025-05-18 22:30:01,614 - INFO - Mostrando información final de df_2018_clean (tipos de datos).
2025-05-18 22:31:13,557 - INFO - Inicio del notebook de limpieza y transformación para 2018.csv (002_2018_clean.ipynb).
2025-05-18 22:31:13,568 - INFO - Ruta del archivo raw a cargar: /home/nicolas/Escritorio/workshops ETL/workshop_3/data/raw/2018.csv
2025-05-18 22:31:13,569 - INFO - Intentando cargar el archivo CSV: 2018.csv
2025-05-18 22:31:13,572 - INFO - Archivo 2018.csv cargado exitosamente.
2025-05-18 22:31:13,572 - INFO - El DataFrame df_2018_raw tiene 156 filas y 9 columnas.
2025-05-18 22:31:13,573 - INFO - Copia del DataFrame creada como df_2018_clean para transformaciones.
2025-05-18 22:31:13,590 - INFO - Iniciando estandarización de nombres de columnas para df_2018.
2025-05-18 22:31:13,591 - INFO - Columnas después del renombrado (df_2018_clean): ['happiness_rank', 'country', 'happiness_score', 'economy_gdp_per_capita', 'social_support', 'health_life_expectancy', 'freedom_to_make_life_choices', 'generosity', 'perceptions_of_corruption']
2025-05-18 22:31:13,603 - INFO - Iniciando creación de la columna 'region' para df_2018.
2025-05-18 22:31:13,607 - INFO - Todos los países de df_2018 fueron mapeados a una región exitosamente.
2025-05-18 22:31:13,608 - INFO - Columna 'region' creada y poblada en df_2018_clean.
2025-05-18 22:31:13,626 - INFO - Verificando la columna 'region' creada en df_2018_clean.
2025-05-18 22:31:13,629 - INFO - Valores únicos en 'region' (df_2018): ['Australia and New Zealand', 'Central and Eastern Europe', 'Eastern Asia', 'Latin America and Caribbean', 'Middle East and Northern Africa', 'North America', 'Southeastern Asia', 'Southern Asia', 'Sub-Saharan Africa', 'Western Europe']
2025-05-18 22:31:13,632 - INFO - Conteo de valores por región (df_2018): {'Sub-Saharan Africa': 39, 'Latin America and Caribbean': 22, 'Middle East and Northern Africa': 22, 'Western Europe': 21, 'Central and Eastern Europe': 21, 'Southern Asia': 12, 'Southeastern Asia': 9, 'Eastern Asia': 6, 'North America': 2, 'Australia and New Zealand': 2}
2025-05-18 22:31:13,641 - INFO - No se eliminan columnas del DataFrame df_2018_clean según el plan.
2025-05-18 22:31:13,650 - INFO - Valores nulos en 'perceptions_of_corruption' antes de la imputación: 1
2025-05-18 22:31:13,652 - INFO - Imputando NaNs en 'perceptions_of_corruption' con la mediana de su respectiva región. Mediana de la región 'Middle East and Northern Africa' (para el primer NaN encontrado) es: 0.1270
2025-05-18 22:31:13,670 - INFO - Columna 'year' con valor 2018 añadida a df_2018_clean.
2025-05-18 22:31:13,677 - INFO - Espacios extra eliminados de la columna 'country' en df_2018_clean.
2025-05-18 22:31:13,687 - INFO - Iniciando reordenamiento de columnas para df_2018_clean.
2025-05-18 22:31:13,689 - INFO - Columnas reordenadas para df_2018_clean. Nuevo orden: ['year', 'region', 'country', 'happiness_rank', 'happiness_score', 'social_support', 'health_life_expectancy', 'generosity', 'freedom_to_make_life_choices', 'economy_gdp_per_capita', 'perceptions_of_corruption']
2025-05-18 22:31:13,698 - INFO - Mostrando información final de df_2018_clean (tipos de datos).
2025-05-18 22:31:17,375 - INFO - Inicio del notebook de limpieza y transformación para 2018.csv (002_2018_clean.ipynb).
2025-05-18 22:31:17,382 - INFO - Ruta del archivo raw a cargar: /home/nicolas/Escritorio/workshops ETL/workshop_3/data/raw/2018.csv
2025-05-18 22:31:17,383 - INFO - Intentando cargar el archivo CSV: 2018.csv
2025-05-18 22:31:17,385 - INFO - Archivo 2018.csv cargado exitosamente.
2025-05-18 22:31:17,386 - INFO - El DataFrame df_2018_raw tiene 156 filas y 9 columnas.
2025-05-18 22:31:17,387 - INFO - Copia del DataFrame creada como df_2018_clean para transformaciones.
2025-05-18 22:31:17,401 - INFO - Iniciando estandarización de nombres de columnas para df_2018.
2025-05-18 22:31:17,402 - INFO - Columnas después del renombrado (df_2018_clean): ['happiness_rank', 'country', 'happiness_score', 'economy_gdp_per_capita', 'social_support', 'health_life_expectancy', 'freedom_to_make_life_choices', 'generosity', 'perceptions_of_corruption']
2025-05-18 22:31:17,416 - INFO - Iniciando creación de la columna 'region' para df_2018.
2025-05-18 22:31:17,420 - INFO - Todos los países de df_2018 fueron mapeados a una región exitosamente.
2025-05-18 22:31:17,421 - INFO - Columna 'region' creada y poblada en df_2018_clean.
2025-05-18 22:31:17,438 - INFO - Verificando la columna 'region' creada en df_2018_clean.
2025-05-18 22:31:17,439 - INFO - Valores únicos en 'region' (df_2018): ['Australia and New Zealand', 'Central and Eastern Europe', 'Eastern Asia', 'Latin America and Caribbean', 'Middle East and Northern Africa', 'North America', 'Southeastern Asia', 'Southern Asia', 'Sub-Saharan Africa', 'Western Europe']
2025-05-18 22:31:17,442 - INFO - Conteo de valores por región (df_2018): {'Sub-Saharan Africa': 39, 'Latin America and Caribbean': 22, 'Middle East and Northern Africa': 22, 'Western Europe': 21, 'Central and Eastern Europe': 21, 'Southern Asia': 12, 'Southeastern Asia': 9, 'Eastern Asia': 6, 'North America': 2, 'Australia and New Zealand': 2}
2025-05-18 22:31:17,449 - INFO - No se eliminan columnas del DataFrame df_2018_clean según el plan.
2025-05-18 22:31:17,458 - INFO - Valores nulos en 'perceptions_of_corruption' antes de la imputación: 1
2025-05-18 22:31:17,460 - INFO - Imputando NaNs en 'perceptions_of_corruption' con la mediana de su respectiva región. Mediana de la región 'Middle East and Northern Africa' (para el primer NaN encontrado) es: 0.1270
2025-05-18 22:31:17,477 - INFO - Columna 'year' con valor 2018 añadida a df_2018_clean.
2025-05-18 22:31:17,484 - INFO - Espacios extra eliminados de la columna 'country' en df_2018_clean.
2025-05-18 22:31:17,494 - INFO - Iniciando reordenamiento de columnas para df_2018_clean.
2025-05-18 22:31:17,496 - INFO - Columnas reordenadas para df_2018_clean. Nuevo orden: ['year', 'region', 'country', 'happiness_rank', 'happiness_score', 'social_support', 'health_life_expectancy', 'generosity', 'freedom_to_make_life_choices', 'economy_gdp_per_capita', 'perceptions_of_corruption']
2025-05-18 22:31:17,505 - INFO - Mostrando información final de df_2018_clean (tipos de datos).
2025-05-18 22:31:35,389 - INFO - Inicio del notebook de limpieza y transformación para 2018.csv (002_2018_clean.ipynb).
2025-05-18 22:31:35,402 - INFO - Ruta del archivo raw a cargar: /home/nicolas/Escritorio/workshops ETL/workshop_3/data/raw/2018.csv
2025-05-18 22:31:35,404 - INFO - Intentando cargar el archivo CSV: 2018.csv
2025-05-18 22:31:35,406 - INFO - Archivo 2018.csv cargado exitosamente.
2025-05-18 22:31:35,406 - INFO - El DataFrame df_2018_raw tiene 156 filas y 9 columnas.
2025-05-18 22:31:35,407 - INFO - Copia del DataFrame creada como df_2018_clean para transformaciones.
2025-05-18 22:31:35,423 - INFO - Iniciando estandarización de nombres de columnas para df_2018.
2025-05-18 22:31:35,425 - INFO - Columnas después del renombrado (df_2018_clean): ['happiness_rank', 'country', 'happiness_score', 'economy_gdp_per_capita', 'social_support', 'health_life_expectancy', 'freedom_to_make_life_choices', 'generosity', 'perceptions_of_corruption']
2025-05-18 22:31:35,441 - INFO - Iniciando creación de la columna 'region' para df_2018.
2025-05-18 22:31:35,447 - INFO - Todos los países de df_2018 fueron mapeados a una región exitosamente.
2025-05-18 22:31:35,448 - INFO - Columna 'region' creada y poblada en df_2018_clean.
2025-05-18 22:31:35,464 - INFO - Verificando la columna 'region' creada en df_2018_clean.
2025-05-18 22:31:35,465 - INFO - Valores únicos en 'region' (df_2018): ['Australia and New Zealand', 'Central and Eastern Europe', 'Eastern Asia', 'Latin America and Caribbean', 'Middle East and Northern Africa', 'North America', 'Southeastern Asia', 'Southern Asia', 'Sub-Saharan Africa', 'Western Europe']
2025-05-18 22:31:35,467 - INFO - Conteo de valores por región (df_2018): {'Sub-Saharan Africa': 39, 'Latin America and Caribbean': 22, 'Middle East and Northern Africa': 22, 'Western Europe': 21, 'Central and Eastern Europe': 21, 'Southern Asia': 12, 'Southeastern Asia': 9, 'Eastern Asia': 6, 'North America': 2, 'Australia and New Zealand': 2}
2025-05-18 22:31:35,473 - INFO - No se eliminan columnas del DataFrame df_2018_clean según el plan.
2025-05-18 22:31:35,482 - INFO - Valores nulos en 'perceptions_of_corruption' antes de la imputación: 1
2025-05-18 22:31:35,484 - INFO - Imputando NaNs en 'perceptions_of_corruption' con la mediana de su respectiva región. Mediana de la región 'Middle East and Northern Africa' (para el primer NaN encontrado) es: 0.1270
2025-05-18 22:31:35,501 - INFO - Columna 'year' con valor 2018 añadida a df_2018_clean.
2025-05-18 22:31:35,508 - INFO - Espacios extra eliminados de la columna 'country' en df_2018_clean.
2025-05-18 22:31:35,517 - INFO - Iniciando reordenamiento de columnas para df_2018_clean.
2025-05-18 22:31:35,519 - INFO - Columnas reordenadas para df_2018_clean. Nuevo orden: ['year', 'region', 'country', 'happiness_rank', 'happiness_score', 'social_support', 'health_life_expectancy', 'generosity', 'freedom_to_make_life_choices', 'economy_gdp_per_capita', 'perceptions_of_corruption']
2025-05-18 22:31:35,527 - INFO - Mostrando información final de df_2018_clean (tipos de datos).
2025-05-18 22:32:24,704 - INFO - Inicio del notebook de limpieza y transformación para 2018.csv (002_2018_clean.ipynb).
2025-05-18 22:32:24,733 - INFO - Ruta del archivo raw a cargar: /home/nicolas/Escritorio/workshops ETL/workshop_3/data/raw/2018.csv
2025-05-18 22:32:24,734 - INFO - Intentando cargar el archivo CSV: 2018.csv
2025-05-18 22:32:24,735 - INFO - Archivo 2018.csv cargado exitosamente.
2025-05-18 22:32:24,736 - INFO - El DataFrame df_2018_raw tiene 156 filas y 9 columnas.
2025-05-18 22:32:24,736 - INFO - Copia del DataFrame creada como df_2018_clean para transformaciones.
2025-05-18 22:32:24,750 - INFO - Iniciando estandarización de nombres de columnas para df_2018.
2025-05-18 22:32:24,751 - INFO - Columnas después del renombrado (df_2018_clean): ['happiness_rank', 'country', 'happiness_score', 'economy_gdp_per_capita', 'social_support', 'health_life_expectancy', 'freedom_to_make_life_choices', 'generosity', 'perceptions_of_corruption']
2025-05-18 22:32:24,762 - INFO - Iniciando creación de la columna 'region' para df_2018.
2025-05-18 22:32:24,766 - INFO - Todos los países de df_2018 fueron mapeados a una región exitosamente.
2025-05-18 22:32:24,767 - INFO - Columna 'region' creada y poblada en df_2018_clean.
2025-05-18 22:32:24,783 - INFO - Verificando la columna 'region' creada en df_2018_clean.
2025-05-18 22:32:24,784 - INFO - Valores únicos en 'region' (df_2018): ['Australia and New Zealand', 'Central and Eastern Europe', 'Eastern Asia', 'Latin America and Caribbean', 'Middle East and Northern Africa', 'North America', 'Southeastern Asia', 'Southern Asia', 'Sub-Saharan Africa', 'Western Europe']
2025-05-18 22:32:24,785 - INFO - Conteo de valores por región (df_2018): {'Sub-Saharan Africa': 39, 'Latin America and Caribbean': 22, 'Middle East and Northern Africa': 22, 'Western Europe': 21, 'Central and Eastern Europe': 21, 'Southern Asia': 12, 'Southeastern Asia': 9, 'Eastern Asia': 6, 'North America': 2, 'Australia and New Zealand': 2}
2025-05-18 22:32:24,792 - INFO - No se eliminan columnas del DataFrame df_2018_clean según el plan.
2025-05-18 22:32:24,801 - INFO - Valores nulos en 'perceptions_of_corruption' antes de la imputación: 1
2025-05-18 22:32:24,803 - INFO - Imputando NaNs en 'perceptions_of_corruption' con la mediana de su respectiva región. Mediana de la región 'Middle East and Northern Africa' (para el primer NaN encontrado) es: 0.1270
2025-05-18 22:32:24,823 - INFO - Columna 'year' con valor 2018 añadida a df_2018_clean.
2025-05-18 22:32:24,831 - INFO - Espacios extra eliminados de la columna 'country' en df_2018_clean.
2025-05-18 22:32:24,839 - INFO - Iniciando reordenamiento de columnas para df_2018_clean.
2025-05-18 22:32:24,840 - INFO - Columnas reordenadas para df_2018_clean. Nuevo orden: ['year', 'region', 'country', 'happiness_rank', 'happiness_score', 'social_support', 'health_life_expectancy', 'generosity', 'freedom_to_make_life_choices', 'economy_gdp_per_capita', 'perceptions_of_corruption']
2025-05-18 22:32:24,848 - INFO - Mostrando información final de df_2018_clean (tipos de datos).
2025-05-18 22:32:24,869 - INFO - DataFrame limpio df_2018_clean guardado en: /home/nicolas/Escritorio/workshops ETL/workshop_3/data/processed/2018_cleaned.csv
