2025-05-18 21:28:54,972 - INFO - Inicio del notebook de limpieza y transformación para 2015.csv (002_2015_clean.ipynb).
2025-05-18 21:29:15,075 - INFO - Ruta del archivo raw a cargar: /home/nicolas/Escritorio/workshops ETL/workshop_3/data/raw/2015.csv
2025-05-18 21:29:15,076 - INFO - Intentando cargar el archivo CSV: 2015.csv
2025-05-18 21:29:15,079 - INFO - Archivo 2015.csv cargado exitosamente.
2025-05-18 21:29:15,080 - INFO - El DataFrame df_2015_raw tiene 158 filas y 12 columnas.
2025-05-18 21:29:15,080 - INFO - Copia del DataFrame creada como df_2015_clean para transformaciones.
2025-05-18 21:29:34,405 - INFO - Inicio del notebook de limpieza y transformación para 2015.csv (002_2015_clean.ipynb).
2025-05-18 21:29:34,421 - INFO - Ruta del archivo raw a cargar: /home/nicolas/Escritorio/workshops ETL/workshop_3/data/raw/2015.csv
2025-05-18 21:29:34,422 - INFO - Intentando cargar el archivo CSV: 2015.csv
2025-05-18 21:29:34,425 - INFO - Archivo 2015.csv cargado exitosamente.
2025-05-18 21:29:34,425 - INFO - El DataFrame df_2015_raw tiene 158 filas y 12 columnas.
2025-05-18 21:29:34,426 - INFO - Copia del DataFrame creada como df_2015_clean para transformaciones.
2025-05-18 21:29:42,088 - INFO - Inicio del notebook de limpieza y transformación para 2015.csv (002_2015_clean.ipynb).
2025-05-18 21:29:42,096 - INFO - Ruta del archivo raw a cargar: /home/nicolas/Escritorio/workshops ETL/workshop_3/data/raw/2015.csv
2025-05-18 21:29:42,097 - INFO - Intentando cargar el archivo CSV: 2015.csv
2025-05-18 21:29:42,099 - INFO - Archivo 2015.csv cargado exitosamente.
2025-05-18 21:29:42,100 - INFO - El DataFrame df_2015_raw tiene 158 filas y 12 columnas.
2025-05-18 21:29:42,100 - INFO - Copia del DataFrame creada como df_2015_clean para transformaciones.
2025-05-18 21:31:58,255 - INFO - Inicio del notebook de limpieza y transformación para 2015.csv (002_2015_clean.ipynb).
2025-05-18 21:31:58,293 - INFO - Ruta del archivo raw a cargar: /home/nicolas/Escritorio/workshops ETL/workshop_3/data/raw/2015.csv
2025-05-18 21:31:58,300 - INFO - Intentando cargar el archivo CSV: 2015.csv
2025-05-18 21:31:58,310 - INFO - Archivo 2015.csv cargado exitosamente.
2025-05-18 21:31:58,312 - INFO - El DataFrame df_2015_raw tiene 158 filas y 12 columnas.
2025-05-18 21:31:58,316 - INFO - Copia del DataFrame creada como df_2015_clean para transformaciones.
2025-05-18 21:31:58,340 - INFO - Iniciando estandarización de nombres de columnas para df_2015.
2025-05-18 21:31:58,342 - INFO - Columnas después del renombrado: ['country', 'region', 'happiness_rank', 'happiness_score', 'Standard Error', 'economy_gdp_per_capita', 'family', 'health_life_expectancy', 'freedom', 'perceptions_of_corruption', 'generosity', 'Dystopia Residual']
2025-05-18 21:34:05,524 - INFO - Inicio del notebook de limpieza y transformación para 2015.csv (002_2015_clean.ipynb).
2025-05-18 21:34:05,557 - INFO - Ruta del archivo raw a cargar: /home/nicolas/Escritorio/workshops ETL/workshop_3/data/raw/2015.csv
2025-05-18 21:34:05,558 - INFO - Intentando cargar el archivo CSV: 2015.csv
2025-05-18 21:34:05,560 - INFO - Archivo 2015.csv cargado exitosamente.
2025-05-18 21:34:05,560 - INFO - El DataFrame df_2015_raw tiene 158 filas y 12 columnas.
2025-05-18 21:34:05,561 - INFO - Copia del DataFrame creada como df_2015_clean para transformaciones.
2025-05-18 21:34:05,577 - INFO - Iniciando estandarización de nombres de columnas para df_2015.
2025-05-18 21:34:05,578 - INFO - Columnas después del renombrado: ['country', 'region', 'happiness_rank', 'happiness_score', 'Standard Error', 'economy_gdp_per_capita', 'social_support', 'health_life_expectancy', 'freedom_to_make_life_choices', 'perceptions_of_corruption', 'generosity', 'Dystopia Residual']
2025-05-18 21:34:10,088 - INFO - Inicio del notebook de limpieza y transformación para 2015.csv (002_2015_clean.ipynb).
2025-05-18 21:34:10,099 - INFO - Ruta del archivo raw a cargar: /home/nicolas/Escritorio/workshops ETL/workshop_3/data/raw/2015.csv
2025-05-18 21:34:10,101 - INFO - Intentando cargar el archivo CSV: 2015.csv
2025-05-18 21:34:10,103 - INFO - Archivo 2015.csv cargado exitosamente.
2025-05-18 21:34:10,104 - INFO - El DataFrame df_2015_raw tiene 158 filas y 12 columnas.
2025-05-18 21:34:10,104 - INFO - Copia del DataFrame creada como df_2015_clean para transformaciones.
2025-05-18 21:34:10,118 - INFO - Iniciando estandarización de nombres de columnas para df_2015.
2025-05-18 21:34:10,120 - INFO - Columnas después del renombrado: ['country', 'region', 'happiness_rank', 'happiness_score', 'Standard Error', 'economy_gdp_per_capita', 'social_support', 'health_life_expectancy', 'freedom_to_make_life_choices', 'perceptions_of_corruption', 'generosity', 'Dystopia Residual']
2025-05-18 21:34:58,234 - INFO - Inicio del notebook de limpieza y transformación para 2015.csv (002_2015_clean.ipynb).
2025-05-18 21:34:58,258 - INFO - Ruta del archivo raw a cargar: /home/nicolas/Escritorio/workshops ETL/workshop_3/data/raw/2015.csv
2025-05-18 21:34:58,259 - INFO - Intentando cargar el archivo CSV: 2015.csv
2025-05-18 21:34:58,261 - INFO - Archivo 2015.csv cargado exitosamente.
2025-05-18 21:34:58,261 - INFO - El DataFrame df_2015_raw tiene 158 filas y 12 columnas.
2025-05-18 21:34:58,261 - INFO - Copia del DataFrame creada como df_2015_clean para transformaciones.
2025-05-18 21:34:58,284 - INFO - Iniciando estandarización de nombres de columnas para df_2015.
2025-05-18 21:34:58,285 - INFO - Columnas después del renombrado: ['country', 'region', 'happiness_rank', 'happiness_score', 'Standard Error', 'economy_gdp_per_capita', 'social_support', 'health_life_expectancy', 'freedom_to_make_life_choices', 'perceptions_of_corruption', 'generosity', 'Dystopia Residual']
2025-05-18 21:34:58,294 - INFO - Columnas eliminadas de df_2015_clean: ['Standard Error', 'Dystopia Residual']
2025-05-18 21:34:58,295 - INFO - Columnas restantes: ['country', 'region', 'happiness_rank', 'happiness_score', 'economy_gdp_per_capita', 'social_support', 'health_life_expectancy', 'freedom_to_make_life_choices', 'perceptions_of_corruption', 'generosity']
2025-05-18 21:35:11,682 - INFO - No se encontraron columnas para eliminar o ya fueron eliminadas.
2025-05-18 21:35:18,280 - INFO - Inicio del notebook de limpieza y transformación para 2015.csv (002_2015_clean.ipynb).
2025-05-18 21:35:18,304 - INFO - Ruta del archivo raw a cargar: /home/nicolas/Escritorio/workshops ETL/workshop_3/data/raw/2015.csv
2025-05-18 21:35:18,309 - INFO - Intentando cargar el archivo CSV: 2015.csv
2025-05-18 21:35:18,312 - INFO - Archivo 2015.csv cargado exitosamente.
2025-05-18 21:35:18,317 - INFO - El DataFrame df_2015_raw tiene 158 filas y 12 columnas.
2025-05-18 21:35:18,318 - INFO - Copia del DataFrame creada como df_2015_clean para transformaciones.
2025-05-18 21:35:18,344 - INFO - Iniciando estandarización de nombres de columnas para df_2015.
2025-05-18 21:35:18,346 - INFO - Columnas después del renombrado: ['country', 'region', 'happiness_rank', 'happiness_score', 'Standard Error', 'economy_gdp_per_capita', 'social_support', 'health_life_expectancy', 'freedom_to_make_life_choices', 'perceptions_of_corruption', 'generosity', 'Dystopia Residual']
2025-05-18 21:35:18,360 - INFO - Columnas eliminadas de df_2015_clean: ['Standard Error', 'Dystopia Residual']
2025-05-18 21:35:18,361 - INFO - Columnas restantes: ['country', 'region', 'happiness_rank', 'happiness_score', 'economy_gdp_per_capita', 'social_support', 'health_life_expectancy', 'freedom_to_make_life_choices', 'perceptions_of_corruption', 'generosity']
2025-05-18 21:35:47,682 - INFO - Inicio del notebook de limpieza y transformación para 2015.csv (002_2015_clean.ipynb).
2025-05-18 21:35:47,718 - INFO - Ruta del archivo raw a cargar: /home/nicolas/Escritorio/workshops ETL/workshop_3/data/raw/2015.csv
2025-05-18 21:35:47,719 - INFO - Intentando cargar el archivo CSV: 2015.csv
2025-05-18 21:35:47,721 - INFO - Archivo 2015.csv cargado exitosamente.
2025-05-18 21:35:47,721 - INFO - El DataFrame df_2015_raw tiene 158 filas y 12 columnas.
2025-05-18 21:35:47,722 - INFO - Copia del DataFrame creada como df_2015_clean para transformaciones.
2025-05-18 21:35:47,737 - INFO - Iniciando estandarización de nombres de columnas para df_2015.
2025-05-18 21:35:47,739 - INFO - Columnas después del renombrado: ['country', 'region', 'happiness_rank', 'happiness_score', 'Standard Error', 'economy_gdp_per_capita', 'social_support', 'health_life_expectancy', 'freedom_to_make_life_choices', 'perceptions_of_corruption', 'generosity', 'Dystopia Residual']
2025-05-18 21:35:47,770 - INFO - Columnas eliminadas de df_2015_clean: ['Standard Error', 'Dystopia Residual']
2025-05-18 21:35:47,774 - INFO - Columnas restantes: ['country', 'region', 'happiness_rank', 'happiness_score', 'economy_gdp_per_capita', 'social_support', 'health_life_expectancy', 'freedom_to_make_life_choices', 'perceptions_of_corruption', 'generosity']
2025-05-18 21:36:02,863 - INFO - Inicio del notebook de limpieza y transformación para 2015.csv (002_2015_clean.ipynb).
2025-05-18 21:36:02,875 - INFO - Ruta del archivo raw a cargar: /home/nicolas/Escritorio/workshops ETL/workshop_3/data/raw/2015.csv
2025-05-18 21:36:02,876 - INFO - Intentando cargar el archivo CSV: 2015.csv
2025-05-18 21:36:02,878 - INFO - Archivo 2015.csv cargado exitosamente.
2025-05-18 21:36:02,878 - INFO - El DataFrame df_2015_raw tiene 158 filas y 12 columnas.
2025-05-18 21:36:02,879 - INFO - Copia del DataFrame creada como df_2015_clean para transformaciones.
2025-05-18 21:36:02,892 - INFO - Iniciando estandarización de nombres de columnas para df_2015.
2025-05-18 21:36:02,894 - INFO - Columnas después del renombrado: ['country', 'region', 'happiness_rank', 'happiness_score', 'Standard Error', 'economy_gdp_per_capita', 'social_support', 'health_life_expectancy', 'freedom_to_make_life_choices', 'perceptions_of_corruption', 'generosity', 'Dystopia Residual']
2025-05-18 21:36:02,902 - INFO - Columnas eliminadas de df_2015_clean: ['Standard Error', 'Dystopia Residual']
2025-05-18 21:36:02,903 - INFO - Columnas restantes: ['country', 'region', 'happiness_rank', 'happiness_score', 'economy_gdp_per_capita', 'social_support', 'health_life_expectancy', 'freedom_to_make_life_choices', 'perceptions_of_corruption', 'generosity']
2025-05-18 21:36:02,911 - INFO - Columna 'year' con valor 2015 añadida a df_2015_clean.
2025-05-18 21:37:07,829 - INFO - Inicio del notebook de limpieza y transformación para 2015.csv (002_2015_clean.ipynb).
2025-05-18 21:37:07,842 - INFO - Ruta del archivo raw a cargar: /home/nicolas/Escritorio/workshops ETL/workshop_3/data/raw/2015.csv
2025-05-18 21:37:07,843 - INFO - Intentando cargar el archivo CSV: 2015.csv
2025-05-18 21:37:07,845 - INFO - Archivo 2015.csv cargado exitosamente.
2025-05-18 21:37:07,846 - INFO - El DataFrame df_2015_raw tiene 158 filas y 12 columnas.
2025-05-18 21:37:07,846 - INFO - Copia del DataFrame creada como df_2015_clean para transformaciones.
2025-05-18 21:37:07,862 - INFO - Iniciando estandarización de nombres de columnas para df_2015.
2025-05-18 21:37:07,863 - INFO - Columnas después del renombrado: ['country', 'region', 'happiness_rank', 'happiness_score', 'Standard Error', 'economy_gdp_per_capita', 'social_support', 'health_life_expectancy', 'freedom_to_make_life_choices', 'perceptions_of_corruption', 'generosity', 'Dystopia Residual']
2025-05-18 21:37:07,871 - INFO - Columnas eliminadas de df_2015_clean: ['Standard Error', 'Dystopia Residual']
2025-05-18 21:37:07,872 - INFO - Columnas restantes: ['country', 'region', 'happiness_rank', 'happiness_score', 'economy_gdp_per_capita', 'social_support', 'health_life_expectancy', 'freedom_to_make_life_choices', 'perceptions_of_corruption', 'generosity']
2025-05-18 21:37:07,879 - INFO - Columna 'year' con valor 2015 añadida a df_2015_clean.
2025-05-18 21:37:07,889 - INFO - Espacios extra eliminados de la columna 'country'.
2025-05-18 21:37:07,890 - INFO - Espacios extra eliminados de la columna 'region'.
2025-05-18 21:37:07,898 - INFO - Mostrando información final de df_2015_clean (tipos de datos).
2025-05-18 21:37:34,231 - INFO - Inicio del notebook de limpieza y transformación para 2015.csv (002_2015_clean.ipynb).
2025-05-18 21:37:34,256 - INFO - Ruta del archivo raw a cargar: /home/nicolas/Escritorio/workshops ETL/workshop_3/data/raw/2015.csv
2025-05-18 21:37:34,257 - INFO - Intentando cargar el archivo CSV: 2015.csv
2025-05-18 21:37:34,259 - INFO - Archivo 2015.csv cargado exitosamente.
2025-05-18 21:37:34,259 - INFO - El DataFrame df_2015_raw tiene 158 filas y 12 columnas.
2025-05-18 21:37:34,260 - INFO - Copia del DataFrame creada como df_2015_clean para transformaciones.
2025-05-18 21:37:34,272 - INFO - Iniciando estandarización de nombres de columnas para df_2015.
2025-05-18 21:37:34,275 - INFO - Columnas después del renombrado: ['country', 'region', 'happiness_rank', 'happiness_score', 'Standard Error', 'economy_gdp_per_capita', 'social_support', 'health_life_expectancy', 'freedom_to_make_life_choices', 'perceptions_of_corruption', 'generosity', 'Dystopia Residual']
2025-05-18 21:37:34,285 - INFO - Columnas eliminadas de df_2015_clean: ['Standard Error', 'Dystopia Residual']
2025-05-18 21:37:34,286 - INFO - Columnas restantes: ['country', 'region', 'happiness_rank', 'happiness_score', 'economy_gdp_per_capita', 'social_support', 'health_life_expectancy', 'freedom_to_make_life_choices', 'perceptions_of_corruption', 'generosity']
2025-05-18 21:37:34,303 - INFO - Columna 'year' con valor 2015 añadida a df_2015_clean.
2025-05-18 21:37:34,330 - INFO - Espacios extra eliminados de la columna 'country'.
2025-05-18 21:37:34,332 - INFO - Espacios extra eliminados de la columna 'region'.
2025-05-18 21:37:34,348 - INFO - Mostrando información final de df_2015_clean (tipos de datos).
2025-05-18 21:37:34,365 - INFO - DataFrame limpio df_2015_clean guardado en: /home/nicolas/Escritorio/workshops ETL/workshop_3/data/processed/2015_cleaned.csv
2025-05-18 21:43:14,026 - INFO - Inicio del notebook de limpieza y transformación para 2015.csv (002_2015_clean.ipynb).
2025-05-18 21:43:14,060 - INFO - Ruta del archivo raw a cargar: /home/nicolas/Escritorio/workshops ETL/workshop_3/data/raw/2015.csv
2025-05-18 21:43:14,061 - INFO - Intentando cargar el archivo CSV: 2015.csv
2025-05-18 21:43:14,063 - INFO - Archivo 2015.csv cargado exitosamente.
2025-05-18 21:43:14,063 - INFO - El DataFrame df_2015_raw tiene 158 filas y 12 columnas.
2025-05-18 21:43:14,064 - INFO - Copia del DataFrame creada como df_2015_clean para transformaciones.
2025-05-18 21:43:14,096 - INFO - Iniciando estandarización de nombres de columnas para df_2015.
2025-05-18 21:43:14,099 - INFO - Columnas después del renombrado: ['country', 'region', 'happiness_rank', 'happiness_score', 'Standard Error', 'economy_gdp_per_capita', 'social_support', 'health_life_expectancy', 'freedom_to_make_life_choices', 'perceptions_of_corruption', 'generosity', 'Dystopia Residual']
2025-05-18 21:43:14,114 - INFO - Columnas eliminadas de df_2015_clean: ['Standard Error', 'Dystopia Residual']
2025-05-18 21:43:14,115 - INFO - Columnas restantes: ['country', 'region', 'happiness_rank', 'happiness_score', 'economy_gdp_per_capita', 'social_support', 'health_life_expectancy', 'freedom_to_make_life_choices', 'perceptions_of_corruption', 'generosity']
2025-05-18 21:43:14,131 - INFO - Columna 'year' con valor 2015 añadida a df_2015_clean.
2025-05-18 21:43:14,150 - INFO - Espacios extra eliminados de la columna 'country'.
2025-05-18 21:43:14,151 - INFO - Espacios extra eliminados de la columna 'region'.
2025-05-18 21:43:14,158 - INFO - Mostrando información final de df_2015_clean (tipos de datos).
2025-05-18 21:43:14,179 - INFO - Iniciando reordenamiento de columnas para df_2015_clean.
2025-05-18 21:43:14,182 - INFO - Columnas reordenadas exitosamente. Nuevo orden: ['year', 'region', 'country', 'happiness_rank', 'happiness_score', 'social_support', 'health_life_expectancy', 'generosity', 'freedom_to_make_life_choices', 'economy_gdp_per_capita', 'perceptions_of_corruption']
2025-05-18 21:43:14,192 - INFO - DataFrame limpio df_2015_clean guardado en: /home/nicolas/Escritorio/workshops ETL/workshop_3/data/processed/2015_cleaned.csv
2025-05-18 21:43:39,224 - INFO - Inicio del notebook de limpieza y transformación para 2015.csv (002_2015_clean.ipynb).
2025-05-18 21:43:39,247 - INFO - Ruta del archivo raw a cargar: /home/nicolas/Escritorio/workshops ETL/workshop_3/data/raw/2015.csv
2025-05-18 21:43:39,248 - INFO - Intentando cargar el archivo CSV: 2015.csv
2025-05-18 21:43:39,250 - INFO - Archivo 2015.csv cargado exitosamente.
2025-05-18 21:43:39,251 - INFO - El DataFrame df_2015_raw tiene 158 filas y 12 columnas.
2025-05-18 21:43:39,251 - INFO - Copia del DataFrame creada como df_2015_clean para transformaciones.
2025-05-18 21:43:39,265 - INFO - Iniciando estandarización de nombres de columnas para df_2015.
2025-05-18 21:43:39,266 - INFO - Columnas después del renombrado: ['country', 'region', 'happiness_rank', 'happiness_score', 'Standard Error', 'economy_gdp_per_capita', 'social_support', 'health_life_expectancy', 'freedom_to_make_life_choices', 'perceptions_of_corruption', 'generosity', 'Dystopia Residual']
2025-05-18 21:43:39,275 - INFO - Columnas eliminadas de df_2015_clean: ['Standard Error', 'Dystopia Residual']
2025-05-18 21:43:39,276 - INFO - Columnas restantes: ['country', 'region', 'happiness_rank', 'happiness_score', 'economy_gdp_per_capita', 'social_support', 'health_life_expectancy', 'freedom_to_make_life_choices', 'perceptions_of_corruption', 'generosity']
2025-05-18 21:43:39,283 - INFO - Columna 'year' con valor 2015 añadida a df_2015_clean.
2025-05-18 21:43:39,292 - INFO - Espacios extra eliminados de la columna 'country'.
2025-05-18 21:43:39,294 - INFO - Espacios extra eliminados de la columna 'region'.
2025-05-18 21:43:39,301 - INFO - Mostrando información final de df_2015_clean (tipos de datos).
2025-05-18 21:43:39,313 - INFO - Iniciando reordenamiento de columnas para df_2015_clean.
2025-05-18 21:43:39,315 - INFO - Columnas reordenadas exitosamente. Nuevo orden: ['year', 'region', 'country', 'happiness_rank', 'happiness_score', 'social_support', 'health_life_expectancy', 'generosity', 'freedom_to_make_life_choices', 'economy_gdp_per_capita', 'perceptions_of_corruption']
2025-05-18 21:43:39,326 - INFO - DataFrame limpio df_2015_clean guardado en: /home/nicolas/Escritorio/workshops ETL/workshop_3/data/processed/2015_cleaned.csv
2025-05-18 21:44:09,274 - INFO - Inicio del notebook de limpieza y transformación para 2015.csv (002_2015_clean.ipynb).
2025-05-18 21:44:09,297 - INFO - Ruta del archivo raw a cargar: /home/nicolas/Escritorio/workshops ETL/workshop_3/data/raw/2015.csv
2025-05-18 21:44:09,298 - INFO - Intentando cargar el archivo CSV: 2015.csv
2025-05-18 21:44:09,299 - INFO - Archivo 2015.csv cargado exitosamente.
2025-05-18 21:44:09,300 - INFO - El DataFrame df_2015_raw tiene 158 filas y 12 columnas.
2025-05-18 21:44:09,300 - INFO - Copia del DataFrame creada como df_2015_clean para transformaciones.
2025-05-18 21:44:09,312 - INFO - Iniciando estandarización de nombres de columnas para df_2015.
2025-05-18 21:44:09,314 - INFO - Columnas después del renombrado: ['country', 'region', 'happiness_rank', 'happiness_score', 'Standard Error', 'economy_gdp_per_capita', 'social_support', 'health_life_expectancy', 'freedom_to_make_life_choices', 'perceptions_of_corruption', 'generosity', 'Dystopia Residual']
2025-05-18 21:44:09,328 - INFO - Columnas eliminadas de df_2015_clean: ['Standard Error', 'Dystopia Residual']
2025-05-18 21:44:09,331 - INFO - Columnas restantes: ['country', 'region', 'happiness_rank', 'happiness_score', 'economy_gdp_per_capita', 'social_support', 'health_life_expectancy', 'freedom_to_make_life_choices', 'perceptions_of_corruption', 'generosity']
2025-05-18 21:44:09,355 - INFO - Columna 'year' con valor 2015 añadida a df_2015_clean.
2025-05-18 21:44:09,373 - INFO - Espacios extra eliminados de la columna 'country'.
2025-05-18 21:44:09,374 - INFO - Espacios extra eliminados de la columna 'region'.
2025-05-18 21:44:09,401 - INFO - Iniciando reordenamiento de columnas para df_2015_clean.
2025-05-18 21:44:09,403 - INFO - Columnas reordenadas exitosamente. Nuevo orden: ['year', 'region', 'country', 'happiness_rank', 'happiness_score', 'social_support', 'health_life_expectancy', 'generosity', 'freedom_to_make_life_choices', 'economy_gdp_per_capita', 'perceptions_of_corruption']
2025-05-18 21:44:09,411 - INFO - Mostrando información final de df_2015_clean (tipos de datos).
2025-05-18 21:44:09,437 - INFO - DataFrame limpio df_2015_clean guardado en: /home/nicolas/Escritorio/workshops ETL/workshop_3/data/processed/2015_cleaned.csv
2025-05-20 17:44:44,319 - INFO - Inicio del notebook de limpieza y transformación para 2015.csv (002_2015_clean.ipynb).
2025-05-20 17:44:44,327 - INFO - Ruta del archivo raw a cargar: /home/nicolas/Escritorio/workshops ETL/workshop_3/data/raw/2015.csv
2025-05-20 17:44:44,329 - INFO - Intentando cargar el archivo CSV: 2015.csv
2025-05-20 17:44:44,331 - INFO - Archivo 2015.csv cargado exitosamente.
2025-05-20 17:44:44,331 - INFO - El DataFrame df_2015_raw tiene 158 filas y 12 columnas.
2025-05-20 17:44:44,332 - INFO - Copia del DataFrame creada como df_2015_clean para transformaciones.
2025-05-20 17:44:44,350 - INFO - Iniciando estandarización de nombres de columnas para df_2015.
2025-05-20 17:44:44,352 - INFO - Columnas después del renombrado: ['country', 'region', 'happiness_rank', 'happiness_score', 'Standard Error', 'economy_gdp_per_capita', 'social_support', 'health_life_expectancy', 'freedom_to_make_life_choices', 'perceptions_of_corruption', 'generosity', 'Dystopia Residual']
2025-05-20 17:44:44,363 - INFO - Columnas eliminadas de df_2015_clean: ['Standard Error', 'Dystopia Residual']
2025-05-20 17:44:44,364 - INFO - Columnas restantes: ['country', 'region', 'happiness_rank', 'happiness_score', 'economy_gdp_per_capita', 'social_support', 'health_life_expectancy', 'freedom_to_make_life_choices', 'perceptions_of_corruption', 'generosity']
2025-05-20 17:44:44,383 - INFO - Columna 'year' con valor 2015 añadida a df_2015_clean.
2025-05-20 17:44:44,419 - INFO - Espacios extra eliminados de la columna 'country'.
2025-05-20 17:44:44,421 - INFO - Espacios extra eliminados de la columna 'region'.
2025-05-20 17:44:44,443 - INFO - Iniciando reordenamiento de columnas para df_2015_clean.
2025-05-20 17:44:44,445 - INFO - Columnas reordenadas exitosamente. Nuevo orden: ['year', 'region', 'country', 'happiness_rank', 'happiness_score', 'social_support', 'health_life_expectancy', 'generosity', 'freedom_to_make_life_choices', 'economy_gdp_per_capita', 'perceptions_of_corruption']
2025-05-20 17:44:44,452 - INFO - Mostrando información final de df_2015_clean (tipos de datos).
2025-05-20 17:44:44,467 - INFO - DataFrame limpio df_2015_clean guardado en: /home/nicolas/Escritorio/workshops ETL/workshop_3/data/processed/2015_cleaned.csv
