2025-05-18 21:48:29,899 - INFO - Inicio del notebook de limpieza y transformación para 2016.csv (002_2016_clean.ipynb).
2025-05-18 21:48:29,906 - INFO - Ruta del archivo raw a cargar: /home/nicolas/Escritorio/workshops ETL/workshop_3/data/raw/2016.csv
2025-05-18 21:48:29,907 - INFO - Intentando cargar el archivo CSV: 2016.csv
2025-05-18 21:48:29,910 - INFO - Archivo 2016.csv cargado exitosamente.
2025-05-18 21:48:29,911 - INFO - El DataFrame df_2016_raw tiene 157 filas y 13 columnas.
2025-05-18 21:48:29,911 - INFO - Copia del DataFrame creada como df_2016_clean para transformaciones.
2025-05-18 21:51:55,628 - INFO - Inicio del notebook de limpieza y transformación para 2016.csv (002_2016_clean.ipynb).
2025-05-18 21:51:55,656 - INFO - Ruta del archivo raw a cargar: /home/nicolas/Escritorio/workshops ETL/workshop_3/data/raw/2016.csv
2025-05-18 21:51:55,657 - INFO - Intentando cargar el archivo CSV: 2016.csv
2025-05-18 21:51:55,659 - INFO - Archivo 2016.csv cargado exitosamente.
2025-05-18 21:51:55,659 - INFO - El DataFrame df_2016_raw tiene 157 filas y 13 columnas.
2025-05-18 21:51:55,659 - ERROR - Ocurrió un error al cargar 2016.csv: name 'df_2016_ead_csraw' is not defined
2025-05-18 21:51:55,665 - ERROR - Deteniendo el proceso de limpieza debido a un error en la carga de datos.
2025-05-18 21:51:55,672 - ERROR - df_2016_clean no está cargado. No se puede renombrar columnas.
2025-05-18 21:52:01,607 - INFO - Inicio del notebook de limpieza y transformación para 2016.csv (002_2016_clean.ipynb).
2025-05-18 21:52:01,619 - INFO - Ruta del archivo raw a cargar: /home/nicolas/Escritorio/workshops ETL/workshop_3/data/raw/2016.csv
2025-05-18 21:52:01,621 - INFO - Intentando cargar el archivo CSV: 2016.csv
2025-05-18 21:52:01,623 - INFO - Archivo 2016.csv cargado exitosamente.
2025-05-18 21:52:01,623 - INFO - El DataFrame df_2016_raw tiene 157 filas y 13 columnas.
2025-05-18 21:52:01,624 - ERROR - Ocurrió un error al cargar 2016.csv: name 'df_2016_ead_csraw' is not defined
2025-05-18 21:52:01,630 - ERROR - Deteniendo el proceso de limpieza debido a un error en la carga de datos.
2025-05-18 21:52:01,638 - ERROR - df_2016_clean no está cargado. No se puede renombrar columnas.
2025-05-18 21:52:18,082 - INFO - Inicio del notebook de limpieza y transformación para 2016.csv (002_2016_clean.ipynb).
2025-05-18 21:52:18,093 - INFO - Ruta del archivo raw a cargar: /home/nicolas/Escritorio/workshops ETL/workshop_3/data/raw/2016.csv
2025-05-18 21:52:18,094 - INFO - Intentando cargar el archivo CSV: 2016.csv
2025-05-18 21:52:18,096 - INFO - Archivo 2016.csv cargado exitosamente.
2025-05-18 21:52:18,097 - INFO - El DataFrame df_2016_raw tiene 157 filas y 13 columnas.
2025-05-18 21:52:18,097 - INFO - Copia del DataFrame creada como df_2016_clean para transformaciones.
2025-05-18 21:52:18,110 - INFO - Iniciando estandarización de nombres de columnas para df_2016.
2025-05-18 21:52:18,112 - INFO - Columnas después del renombrado (df_2016_clean): ['country', 'region', 'happiness_rank', 'happiness_score', 'Lower Confidence Interval', 'Upper Confidence Interval', 'economy_gdp_per_capita', 'social_support', 'health_life_expectancy', 'freedom_to_make_life_choices', 'perceptions_of_corruption', 'generosity', 'Dystopia Residual']
2025-05-18 21:52:59,223 - INFO - Inicio del notebook de limpieza y transformación para 2016.csv (002_2016_clean.ipynb).
2025-05-18 21:52:59,235 - INFO - Ruta del archivo raw a cargar: /home/nicolas/Escritorio/workshops ETL/workshop_3/data/raw/2016.csv
2025-05-18 21:52:59,236 - INFO - Intentando cargar el archivo CSV: 2016.csv
2025-05-18 21:52:59,238 - INFO - Archivo 2016.csv cargado exitosamente.
2025-05-18 21:52:59,239 - INFO - El DataFrame df_2016_raw tiene 157 filas y 13 columnas.
2025-05-18 21:52:59,239 - INFO - Copia del DataFrame creada como df_2016_clean para transformaciones.
2025-05-18 21:52:59,255 - INFO - Iniciando estandarización de nombres de columnas para df_2016.
2025-05-18 21:52:59,256 - INFO - Columnas después del renombrado (df_2016_clean): ['country', 'region', 'happiness_rank', 'happiness_score', 'Lower Confidence Interval', 'Upper Confidence Interval', 'economy_gdp_per_capita', 'social_support', 'health_life_expectancy', 'freedom_to_make_life_choices', 'perceptions_of_corruption', 'generosity', 'Dystopia Residual']
2025-05-18 21:52:59,265 - INFO - Columnas eliminadas de df_2016_clean: ['Lower Confidence Interval', 'Upper Confidence Interval', 'Dystopia Residual']
2025-05-18 21:52:59,266 - INFO - Columnas restantes: ['country', 'region', 'happiness_rank', 'happiness_score', 'economy_gdp_per_capita', 'social_support', 'health_life_expectancy', 'freedom_to_make_life_choices', 'perceptions_of_corruption', 'generosity']
2025-05-18 21:53:28,148 - INFO - Inicio del notebook de limpieza y transformación para 2016.csv (002_2016_clean.ipynb).
2025-05-18 21:53:28,159 - INFO - Ruta del archivo raw a cargar: /home/nicolas/Escritorio/workshops ETL/workshop_3/data/raw/2016.csv
2025-05-18 21:53:28,160 - INFO - Intentando cargar el archivo CSV: 2016.csv
2025-05-18 21:53:28,162 - INFO - Archivo 2016.csv cargado exitosamente.
2025-05-18 21:53:28,162 - INFO - El DataFrame df_2016_raw tiene 157 filas y 13 columnas.
2025-05-18 21:53:28,163 - INFO - Copia del DataFrame creada como df_2016_clean para transformaciones.
2025-05-18 21:53:28,177 - INFO - Iniciando estandarización de nombres de columnas para df_2016.
2025-05-18 21:53:28,179 - INFO - Columnas después del renombrado (df_2016_clean): ['country', 'region', 'happiness_rank', 'happiness_score', 'Lower Confidence Interval', 'Upper Confidence Interval', 'economy_gdp_per_capita', 'social_support', 'health_life_expectancy', 'freedom_to_make_life_choices', 'perceptions_of_corruption', 'generosity', 'Dystopia Residual']
2025-05-18 21:53:28,189 - INFO - Columnas eliminadas de df_2016_clean: ['Lower Confidence Interval', 'Upper Confidence Interval', 'Dystopia Residual']
2025-05-18 21:53:28,190 - INFO - Columnas restantes: ['country', 'region', 'happiness_rank', 'happiness_score', 'economy_gdp_per_capita', 'social_support', 'health_life_expectancy', 'freedom_to_make_life_choices', 'perceptions_of_corruption', 'generosity']
2025-05-18 21:53:28,198 - INFO - Columna 'year' con valor 2016 añadida a df_2016_clean.
2025-05-18 21:53:56,568 - INFO - Inicio del notebook de limpieza y transformación para 2016.csv (002_2016_clean.ipynb).
2025-05-18 21:53:56,592 - INFO - Ruta del archivo raw a cargar: /home/nicolas/Escritorio/workshops ETL/workshop_3/data/raw/2016.csv
2025-05-18 21:53:56,593 - INFO - Intentando cargar el archivo CSV: 2016.csv
2025-05-18 21:53:56,595 - INFO - Archivo 2016.csv cargado exitosamente.
2025-05-18 21:53:56,595 - INFO - El DataFrame df_2016_raw tiene 157 filas y 13 columnas.
2025-05-18 21:53:56,596 - INFO - Copia del DataFrame creada como df_2016_clean para transformaciones.
2025-05-18 21:53:56,610 - INFO - Iniciando estandarización de nombres de columnas para df_2016.
2025-05-18 21:53:56,612 - INFO - Columnas después del renombrado (df_2016_clean): ['country', 'region', 'happiness_rank', 'happiness_score', 'Lower Confidence Interval', 'Upper Confidence Interval', 'economy_gdp_per_capita', 'social_support', 'health_life_expectancy', 'freedom_to_make_life_choices', 'perceptions_of_corruption', 'generosity', 'Dystopia Residual']
2025-05-18 21:53:56,622 - INFO - Columnas eliminadas de df_2016_clean: ['Lower Confidence Interval', 'Upper Confidence Interval', 'Dystopia Residual']
2025-05-18 21:53:56,623 - INFO - Columnas restantes: ['country', 'region', 'happiness_rank', 'happiness_score', 'economy_gdp_per_capita', 'social_support', 'health_life_expectancy', 'freedom_to_make_life_choices', 'perceptions_of_corruption', 'generosity']
2025-05-18 21:53:56,630 - INFO - Columna 'year' con valor 2016 añadida a df_2016_clean.
2025-05-18 21:53:56,640 - INFO - Espacios extra eliminados de la columna 'country' en df_2016_clean.
2025-05-18 21:53:56,642 - INFO - Espacios extra eliminados de la columna 'region' en df_2016_clean.
2025-05-18 21:54:47,679 - INFO - Inicio del notebook de limpieza y transformación para 2016.csv (002_2016_clean.ipynb).
2025-05-18 21:54:47,697 - INFO - Ruta del archivo raw a cargar: /home/nicolas/Escritorio/workshops ETL/workshop_3/data/raw/2016.csv
2025-05-18 21:54:47,698 - INFO - Intentando cargar el archivo CSV: 2016.csv
2025-05-18 21:54:47,700 - INFO - Archivo 2016.csv cargado exitosamente.
2025-05-18 21:54:47,701 - INFO - El DataFrame df_2016_raw tiene 157 filas y 13 columnas.
2025-05-18 21:54:47,701 - INFO - Copia del DataFrame creada como df_2016_clean para transformaciones.
2025-05-18 21:54:47,721 - INFO - Iniciando estandarización de nombres de columnas para df_2016.
2025-05-18 21:54:47,722 - INFO - Columnas después del renombrado (df_2016_clean): ['country', 'region', 'happiness_rank', 'happiness_score', 'Lower Confidence Interval', 'Upper Confidence Interval', 'economy_gdp_per_capita', 'social_support', 'health_life_expectancy', 'freedom_to_make_life_choices', 'perceptions_of_corruption', 'generosity', 'Dystopia Residual']
2025-05-18 21:54:47,731 - INFO - Columnas eliminadas de df_2016_clean: ['Lower Confidence Interval', 'Upper Confidence Interval', 'Dystopia Residual']
2025-05-18 21:54:47,733 - INFO - Columnas restantes: ['country', 'region', 'happiness_rank', 'happiness_score', 'economy_gdp_per_capita', 'social_support', 'health_life_expectancy', 'freedom_to_make_life_choices', 'perceptions_of_corruption', 'generosity']
2025-05-18 21:54:47,757 - INFO - Columna 'year' con valor 2016 añadida a df_2016_clean.
2025-05-18 21:54:47,773 - INFO - Espacios extra eliminados de la columna 'country' en df_2016_clean.
2025-05-18 21:54:47,776 - INFO - Espacios extra eliminados de la columna 'region' en df_2016_clean.
2025-05-18 21:54:47,788 - INFO - Iniciando reordenamiento de columnas para df_2016_clean.
2025-05-18 21:54:47,791 - INFO - Columnas reordenadas exitosamente para df_2016_clean. Nuevo orden: ['year', 'region', 'country', 'happiness_rank', 'happiness_score', 'social_support', 'health_life_expectancy', 'generosity', 'freedom_to_make_life_choices', 'economy_gdp_per_capita', 'perceptions_of_corruption']
2025-05-18 21:55:03,956 - INFO - Inicio del notebook de limpieza y transformación para 2016.csv (002_2016_clean.ipynb).
2025-05-18 21:55:03,979 - INFO - Ruta del archivo raw a cargar: /home/nicolas/Escritorio/workshops ETL/workshop_3/data/raw/2016.csv
2025-05-18 21:55:03,980 - INFO - Intentando cargar el archivo CSV: 2016.csv
2025-05-18 21:55:03,981 - INFO - Archivo 2016.csv cargado exitosamente.
2025-05-18 21:55:03,982 - INFO - El DataFrame df_2016_raw tiene 157 filas y 13 columnas.
2025-05-18 21:55:03,982 - INFO - Copia del DataFrame creada como df_2016_clean para transformaciones.
2025-05-18 21:55:04,004 - INFO - Iniciando estandarización de nombres de columnas para df_2016.
2025-05-18 21:55:04,005 - INFO - Columnas después del renombrado (df_2016_clean): ['country', 'region', 'happiness_rank', 'happiness_score', 'Lower Confidence Interval', 'Upper Confidence Interval', 'economy_gdp_per_capita', 'social_support', 'health_life_expectancy', 'freedom_to_make_life_choices', 'perceptions_of_corruption', 'generosity', 'Dystopia Residual']
2025-05-18 21:55:04,016 - INFO - Columnas eliminadas de df_2016_clean: ['Lower Confidence Interval', 'Upper Confidence Interval', 'Dystopia Residual']
2025-05-18 21:55:04,017 - INFO - Columnas restantes: ['country', 'region', 'happiness_rank', 'happiness_score', 'economy_gdp_per_capita', 'social_support', 'health_life_expectancy', 'freedom_to_make_life_choices', 'perceptions_of_corruption', 'generosity']
2025-05-18 21:55:04,026 - INFO - Columna 'year' con valor 2016 añadida a df_2016_clean.
2025-05-18 21:55:04,036 - INFO - Espacios extra eliminados de la columna 'country' en df_2016_clean.
2025-05-18 21:55:04,037 - INFO - Espacios extra eliminados de la columna 'region' en df_2016_clean.
2025-05-18 21:55:04,047 - INFO - Iniciando reordenamiento de columnas para df_2016_clean.
2025-05-18 21:55:04,049 - INFO - Columnas reordenadas exitosamente para df_2016_clean. Nuevo orden: ['year', 'region', 'country', 'happiness_rank', 'happiness_score', 'social_support', 'health_life_expectancy', 'generosity', 'freedom_to_make_life_choices', 'economy_gdp_per_capita', 'perceptions_of_corruption']
2025-05-18 21:55:04,054 - INFO - Mostrando información final de df_2016_clean (tipos de datos).
2025-05-18 21:55:12,683 - INFO - Inicio del notebook de limpieza y transformación para 2016.csv (002_2016_clean.ipynb).
2025-05-18 21:55:12,695 - INFO - Ruta del archivo raw a cargar: /home/nicolas/Escritorio/workshops ETL/workshop_3/data/raw/2016.csv
2025-05-18 21:55:12,696 - INFO - Intentando cargar el archivo CSV: 2016.csv
2025-05-18 21:55:12,699 - INFO - Archivo 2016.csv cargado exitosamente.
2025-05-18 21:55:12,701 - INFO - El DataFrame df_2016_raw tiene 157 filas y 13 columnas.
2025-05-18 21:55:12,702 - INFO - Copia del DataFrame creada como df_2016_clean para transformaciones.
2025-05-18 21:55:12,739 - INFO - Iniciando estandarización de nombres de columnas para df_2016.
2025-05-18 21:55:12,743 - INFO - Columnas después del renombrado (df_2016_clean): ['country', 'region', 'happiness_rank', 'happiness_score', 'Lower Confidence Interval', 'Upper Confidence Interval', 'economy_gdp_per_capita', 'social_support', 'health_life_expectancy', 'freedom_to_make_life_choices', 'perceptions_of_corruption', 'generosity', 'Dystopia Residual']
2025-05-18 21:55:12,777 - INFO - Columnas eliminadas de df_2016_clean: ['Lower Confidence Interval', 'Upper Confidence Interval', 'Dystopia Residual']
2025-05-18 21:55:12,779 - INFO - Columnas restantes: ['country', 'region', 'happiness_rank', 'happiness_score', 'economy_gdp_per_capita', 'social_support', 'health_life_expectancy', 'freedom_to_make_life_choices', 'perceptions_of_corruption', 'generosity']
2025-05-18 21:55:12,797 - INFO - Columna 'year' con valor 2016 añadida a df_2016_clean.
2025-05-18 21:55:12,806 - INFO - Espacios extra eliminados de la columna 'country' en df_2016_clean.
2025-05-18 21:55:12,808 - INFO - Espacios extra eliminados de la columna 'region' en df_2016_clean.
2025-05-18 21:55:12,817 - INFO - Iniciando reordenamiento de columnas para df_2016_clean.
2025-05-18 21:55:12,819 - INFO - Columnas reordenadas exitosamente para df_2016_clean. Nuevo orden: ['year', 'region', 'country', 'happiness_rank', 'happiness_score', 'social_support', 'health_life_expectancy', 'generosity', 'freedom_to_make_life_choices', 'economy_gdp_per_capita', 'perceptions_of_corruption']
2025-05-18 21:55:12,828 - INFO - Mostrando información final de df_2016_clean (tipos de datos).
2025-05-18 21:55:12,848 - INFO - DataFrame limpio df_2016_clean guardado en: /home/nicolas/Escritorio/workshops ETL/workshop_3/data/processed/2016_cleaned.csv
2025-05-18 21:55:21,805 - INFO - Inicio del notebook de limpieza y transformación para 2016.csv (002_2016_clean.ipynb).
2025-05-18 21:55:21,824 - INFO - Ruta del archivo raw a cargar: /home/nicolas/Escritorio/workshops ETL/workshop_3/data/raw/2016.csv
2025-05-18 21:55:21,825 - INFO - Intentando cargar el archivo CSV: 2016.csv
2025-05-18 21:55:21,827 - INFO - Archivo 2016.csv cargado exitosamente.
2025-05-18 21:55:21,827 - INFO - El DataFrame df_2016_raw tiene 157 filas y 13 columnas.
2025-05-18 21:55:21,828 - INFO - Copia del DataFrame creada como df_2016_clean para transformaciones.
2025-05-18 21:55:21,843 - INFO - Iniciando estandarización de nombres de columnas para df_2016.
2025-05-18 21:55:21,845 - INFO - Columnas después del renombrado (df_2016_clean): ['country', 'region', 'happiness_rank', 'happiness_score', 'Lower Confidence Interval', 'Upper Confidence Interval', 'economy_gdp_per_capita', 'social_support', 'health_life_expectancy', 'freedom_to_make_life_choices', 'perceptions_of_corruption', 'generosity', 'Dystopia Residual']
2025-05-18 21:55:21,853 - INFO - Columnas eliminadas de df_2016_clean: ['Lower Confidence Interval', 'Upper Confidence Interval', 'Dystopia Residual']
2025-05-18 21:55:21,854 - INFO - Columnas restantes: ['country', 'region', 'happiness_rank', 'happiness_score', 'economy_gdp_per_capita', 'social_support', 'health_life_expectancy', 'freedom_to_make_life_choices', 'perceptions_of_corruption', 'generosity']
2025-05-18 21:55:21,862 - INFO - Columna 'year' con valor 2016 añadida a df_2016_clean.
2025-05-18 21:55:21,871 - INFO - Espacios extra eliminados de la columna 'country' en df_2016_clean.
2025-05-18 21:55:21,873 - INFO - Espacios extra eliminados de la columna 'region' en df_2016_clean.
2025-05-18 21:55:21,893 - INFO - Iniciando reordenamiento de columnas para df_2016_clean.
2025-05-18 21:55:21,899 - INFO - Columnas reordenadas exitosamente para df_2016_clean. Nuevo orden: ['year', 'region', 'country', 'happiness_rank', 'happiness_score', 'social_support', 'health_life_expectancy', 'generosity', 'freedom_to_make_life_choices', 'economy_gdp_per_capita', 'perceptions_of_corruption']
2025-05-18 21:55:21,917 - INFO - Mostrando información final de df_2016_clean (tipos de datos).
2025-05-18 21:55:21,947 - INFO - DataFrame limpio df_2016_clean guardado en: /home/nicolas/Escritorio/workshops ETL/workshop_3/data/processed/2016_cleaned.csv
2025-05-18 21:55:24,566 - INFO - Inicio del notebook de limpieza y transformación para 2016.csv (002_2016_clean.ipynb).
2025-05-18 21:55:24,601 - INFO - Ruta del archivo raw a cargar: /home/nicolas/Escritorio/workshops ETL/workshop_3/data/raw/2016.csv
2025-05-18 21:55:24,602 - INFO - Intentando cargar el archivo CSV: 2016.csv
2025-05-18 21:55:24,604 - INFO - Archivo 2016.csv cargado exitosamente.
2025-05-18 21:55:24,604 - INFO - El DataFrame df_2016_raw tiene 157 filas y 13 columnas.
2025-05-18 21:55:24,604 - INFO - Copia del DataFrame creada como df_2016_clean para transformaciones.
2025-05-18 21:55:24,619 - INFO - Iniciando estandarización de nombres de columnas para df_2016.
2025-05-18 21:55:24,621 - INFO - Columnas después del renombrado (df_2016_clean): ['country', 'region', 'happiness_rank', 'happiness_score', 'Lower Confidence Interval', 'Upper Confidence Interval', 'economy_gdp_per_capita', 'social_support', 'health_life_expectancy', 'freedom_to_make_life_choices', 'perceptions_of_corruption', 'generosity', 'Dystopia Residual']
2025-05-18 21:55:24,630 - INFO - Columnas eliminadas de df_2016_clean: ['Lower Confidence Interval', 'Upper Confidence Interval', 'Dystopia Residual']
2025-05-18 21:55:24,631 - INFO - Columnas restantes: ['country', 'region', 'happiness_rank', 'happiness_score', 'economy_gdp_per_capita', 'social_support', 'health_life_expectancy', 'freedom_to_make_life_choices', 'perceptions_of_corruption', 'generosity']
2025-05-18 21:55:24,638 - INFO - Columna 'year' con valor 2016 añadida a df_2016_clean.
2025-05-18 21:55:24,648 - INFO - Espacios extra eliminados de la columna 'country' en df_2016_clean.
2025-05-18 21:55:24,650 - INFO - Espacios extra eliminados de la columna 'region' en df_2016_clean.
2025-05-18 21:55:24,660 - INFO - Iniciando reordenamiento de columnas para df_2016_clean.
2025-05-18 21:55:24,662 - INFO - Columnas reordenadas exitosamente para df_2016_clean. Nuevo orden: ['year', 'region', 'country', 'happiness_rank', 'happiness_score', 'social_support', 'health_life_expectancy', 'generosity', 'freedom_to_make_life_choices', 'economy_gdp_per_capita', 'perceptions_of_corruption']
2025-05-18 21:55:24,668 - INFO - Mostrando información final de df_2016_clean (tipos de datos).
2025-05-18 21:55:24,683 - INFO - DataFrame limpio df_2016_clean guardado en: /home/nicolas/Escritorio/workshops ETL/workshop_3/data/processed/2016_cleaned.csv
