2025-05-18 17:54:53,946 - INFO - Inicio del notebook de EDA (001_2017_eda.ipynb).
2025-05-18 17:58:29,644 - INFO - Inicio del notebook de EDA (001_2017_eda.ipynb).
2025-05-18 17:58:29,651 - INFO - Ruta del archivo a cargar: /home/nicolas/Escritorio/workshops ETL/workshop_3/data/raw/2017.csv
2025-05-18 17:58:29,652 - INFO - Intentando cargar el archivo CSV: 2017.csv
2025-05-18 17:58:29,655 - INFO - Archivo 2017.csv cargado exitosamente.
2025-05-18 17:58:29,656 - INFO - El DataFrame tiene 155 filas y 12 columnas.
2025-05-18 17:58:29,662 - INFO - Mostrando las primeras 5 filas del DataFrame en formato Markdown.
2025-05-18 17:58:43,046 - INFO - Inicio del notebook de EDA (001_2017_eda.ipynb).
2025-05-18 17:58:43,067 - INFO - Ruta del archivo a cargar: /home/nicolas/Escritorio/workshops ETL/workshop_3/data/raw/2017.csv
2025-05-18 17:58:43,069 - INFO - Intentando cargar el archivo CSV: 2017.csv
2025-05-18 17:58:43,071 - INFO - Archivo 2017.csv cargado exitosamente.
2025-05-18 17:58:43,072 - INFO - El DataFrame tiene 155 filas y 12 columnas.
2025-05-18 17:58:43,078 - INFO - Mostrando las primeras 5 filas del DataFrame en formato Markdown.
2025-05-18 18:06:23,162 - INFO - Obteniendo la lista de todas las columnas del DataFrame df_2017.
2025-05-18 18:06:23,163 - INFO - El DataFrame df_2017 tiene 12 columnas.
2025-05-18 18:06:23,163 - INFO - Nombres de las columnas (df_2017): ['Country', 'Happiness.Rank', 'Happiness.Score', 'Whisker.high', 'Whisker.low', 'Economy..GDP.per.Capita.', 'Family', 'Health..Life.Expectancy.', 'Freedom', 'Generosity', 'Trust..Government.Corruption.', 'Dystopia.Residual']
2025-05-18 18:06:29,191 - INFO - Inicio del notebook de EDA (001_2017_eda.ipynb).
2025-05-18 18:06:29,197 - INFO - Ruta del archivo a cargar: /home/nicolas/Escritorio/workshops ETL/workshop_3/data/raw/2017.csv
2025-05-18 18:06:29,198 - INFO - Intentando cargar el archivo CSV: 2017.csv
2025-05-18 18:06:29,201 - INFO - Archivo 2017.csv cargado exitosamente.
2025-05-18 18:06:29,202 - INFO - El DataFrame tiene 155 filas y 12 columnas.
2025-05-18 18:06:29,209 - INFO - Mostrando las primeras 5 filas del DataFrame en formato Markdown.
2025-05-18 18:06:29,219 - INFO - Obteniendo la lista de todas las columnas del DataFrame df_2017.
2025-05-18 18:06:29,220 - INFO - El DataFrame df_2017 tiene 12 columnas.
2025-05-18 18:06:29,221 - INFO - Nombres de las columnas (df_2017): ['Country', 'Happiness.Rank', 'Happiness.Score', 'Whisker.high', 'Whisker.low', 'Economy..GDP.per.Capita.', 'Family', 'Health..Life.Expectancy.', 'Freedom', 'Generosity', 'Trust..Government.Corruption.', 'Dystopia.Residual']
2025-05-18 18:07:26,168 - INFO - Verificando la existencia de filas duplicadas en df_2017.
2025-05-18 18:07:26,170 - INFO - No se encontraron filas duplicadas en el DataFrame df_2017.
2025-05-18 18:07:29,822 - INFO - Inicio del notebook de EDA (001_2017_eda.ipynb).
2025-05-18 18:07:29,834 - INFO - Ruta del archivo a cargar: /home/nicolas/Escritorio/workshops ETL/workshop_3/data/raw/2017.csv
2025-05-18 18:07:29,835 - INFO - Intentando cargar el archivo CSV: 2017.csv
2025-05-18 18:07:29,838 - INFO - Archivo 2017.csv cargado exitosamente.
2025-05-18 18:07:29,838 - INFO - El DataFrame tiene 155 filas y 12 columnas.
2025-05-18 18:07:29,844 - INFO - Mostrando las primeras 5 filas del DataFrame en formato Markdown.
2025-05-18 18:07:29,854 - INFO - Obteniendo la lista de todas las columnas del DataFrame df_2017.
2025-05-18 18:07:29,855 - INFO - El DataFrame df_2017 tiene 12 columnas.
2025-05-18 18:07:29,856 - INFO - Nombres de las columnas (df_2017): ['Country', 'Happiness.Rank', 'Happiness.Score', 'Whisker.high', 'Whisker.low', 'Economy..GDP.per.Capita.', 'Family', 'Health..Life.Expectancy.', 'Freedom', 'Generosity', 'Trust..Government.Corruption.', 'Dystopia.Residual']
2025-05-18 18:07:29,863 - INFO - Verificando la existencia de filas duplicadas en df_2017.
2025-05-18 18:07:29,867 - INFO - No se encontraron filas duplicadas en el DataFrame df_2017.
2025-05-18 18:07:45,501 - INFO - Inicio del notebook de EDA (001_2017_eda.ipynb).
2025-05-18 18:07:45,514 - INFO - Ruta del archivo a cargar: /home/nicolas/Escritorio/workshops ETL/workshop_3/data/raw/2017.csv
2025-05-18 18:07:45,515 - INFO - Intentando cargar el archivo CSV: 2017.csv
2025-05-18 18:07:45,517 - INFO - Archivo 2017.csv cargado exitosamente.
2025-05-18 18:07:45,517 - INFO - El DataFrame tiene 155 filas y 12 columnas.
2025-05-18 18:07:45,524 - INFO - Mostrando las primeras 5 filas del DataFrame en formato Markdown.
2025-05-18 18:07:45,532 - INFO - Obteniendo la lista de todas las columnas del DataFrame df_2017.
2025-05-18 18:07:45,534 - INFO - El DataFrame df_2017 tiene 12 columnas.
2025-05-18 18:07:45,534 - INFO - Nombres de las columnas (df_2017): ['Country', 'Happiness.Rank', 'Happiness.Score', 'Whisker.high', 'Whisker.low', 'Economy..GDP.per.Capita.', 'Family', 'Health..Life.Expectancy.', 'Freedom', 'Generosity', 'Trust..Government.Corruption.', 'Dystopia.Residual']
2025-05-18 18:07:45,542 - INFO - Verificando la existencia de filas duplicadas en df_2017.
2025-05-18 18:07:45,544 - INFO - No se encontraron filas duplicadas en el DataFrame df_2017.
2025-05-18 18:07:45,551 - INFO - Mostrando información del DataFrame df_2017 (conteo de no nulos y tipos de datos).
2025-05-18 18:07:45,555 - INFO - No se encontraron valores nulos explícitos (NaN) en el DataFrame df_2017.
2025-05-18 18:07:50,700 - INFO - Inicio del notebook de EDA (001_2017_eda.ipynb).
2025-05-18 18:07:50,722 - INFO - Ruta del archivo a cargar: /home/nicolas/Escritorio/workshops ETL/workshop_3/data/raw/2017.csv
2025-05-18 18:07:50,723 - INFO - Intentando cargar el archivo CSV: 2017.csv
2025-05-18 18:07:50,725 - INFO - Archivo 2017.csv cargado exitosamente.
2025-05-18 18:07:50,726 - INFO - El DataFrame tiene 155 filas y 12 columnas.
2025-05-18 18:07:50,735 - INFO - Mostrando las primeras 5 filas del DataFrame en formato Markdown.
2025-05-18 18:07:50,748 - INFO - Obteniendo la lista de todas las columnas del DataFrame df_2017.
2025-05-18 18:07:50,751 - INFO - El DataFrame df_2017 tiene 12 columnas.
2025-05-18 18:07:50,752 - INFO - Nombres de las columnas (df_2017): ['Country', 'Happiness.Rank', 'Happiness.Score', 'Whisker.high', 'Whisker.low', 'Economy..GDP.per.Capita.', 'Family', 'Health..Life.Expectancy.', 'Freedom', 'Generosity', 'Trust..Government.Corruption.', 'Dystopia.Residual']
2025-05-18 18:07:50,761 - INFO - Verificando la existencia de filas duplicadas en df_2017.
2025-05-18 18:07:50,767 - INFO - No se encontraron filas duplicadas en el DataFrame df_2017.
2025-05-18 18:07:50,786 - INFO - Mostrando información del DataFrame df_2017 (conteo de no nulos y tipos de datos).
2025-05-18 18:07:50,794 - INFO - No se encontraron valores nulos explícitos (NaN) en el DataFrame df_2017.
2025-05-18 18:08:30,872 - INFO - Inicio del notebook de EDA (001_2017_eda.ipynb).
2025-05-18 18:08:30,879 - INFO - Ruta del archivo a cargar: /home/nicolas/Escritorio/workshops ETL/workshop_3/data/raw/2017.csv
2025-05-18 18:08:30,880 - INFO - Intentando cargar el archivo CSV: 2017.csv
2025-05-18 18:08:30,883 - INFO - Archivo 2017.csv cargado exitosamente.
2025-05-18 18:08:30,884 - INFO - El DataFrame tiene 155 filas y 12 columnas.
2025-05-18 18:08:30,901 - INFO - Mostrando las primeras 5 filas del DataFrame en formato Markdown.
2025-05-18 18:08:30,911 - INFO - Obteniendo la lista de todas las columnas del DataFrame df_2017.
2025-05-18 18:08:30,912 - INFO - El DataFrame df_2017 tiene 12 columnas.
2025-05-18 18:08:30,912 - INFO - Nombres de las columnas (df_2017): ['Country', 'Happiness.Rank', 'Happiness.Score', 'Whisker.high', 'Whisker.low', 'Economy..GDP.per.Capita.', 'Family', 'Health..Life.Expectancy.', 'Freedom', 'Generosity', 'Trust..Government.Corruption.', 'Dystopia.Residual']
2025-05-18 18:08:30,920 - INFO - Verificando la existencia de filas duplicadas en df_2017.
2025-05-18 18:08:30,923 - INFO - No se encontraron filas duplicadas en el DataFrame df_2017.
2025-05-18 18:08:30,929 - INFO - Mostrando información del DataFrame df_2017 (conteo de no nulos y tipos de datos).
2025-05-18 18:08:30,936 - INFO - No se encontraron valores nulos explícitos (NaN) en el DataFrame df_2017.
2025-05-18 18:08:30,943 - INFO - Calculando estadísticas descriptivas para las columnas numéricas de df_2017.
2025-05-18 18:08:30,957 - INFO - Estadísticas descriptivas numéricas de df_2017 calculadas y mostradas.
2025-05-18 18:08:46,130 - INFO - Inicio del notebook de EDA (001_2017_eda.ipynb).
2025-05-18 18:08:46,165 - INFO - Ruta del archivo a cargar: /home/nicolas/Escritorio/workshops ETL/workshop_3/data/raw/2017.csv
2025-05-18 18:08:46,167 - INFO - Intentando cargar el archivo CSV: 2017.csv
2025-05-18 18:08:46,173 - INFO - Archivo 2017.csv cargado exitosamente.
2025-05-18 18:08:46,174 - INFO - El DataFrame tiene 155 filas y 12 columnas.
2025-05-18 18:08:46,196 - INFO - Mostrando las primeras 5 filas del DataFrame en formato Markdown.
2025-05-18 18:08:46,214 - INFO - Obteniendo la lista de todas las columnas del DataFrame df_2017.
2025-05-18 18:08:46,215 - INFO - El DataFrame df_2017 tiene 12 columnas.
2025-05-18 18:08:46,216 - INFO - Nombres de las columnas (df_2017): ['Country', 'Happiness.Rank', 'Happiness.Score', 'Whisker.high', 'Whisker.low', 'Economy..GDP.per.Capita.', 'Family', 'Health..Life.Expectancy.', 'Freedom', 'Generosity', 'Trust..Government.Corruption.', 'Dystopia.Residual']
2025-05-18 18:08:46,222 - INFO - Verificando la existencia de filas duplicadas en df_2017.
2025-05-18 18:08:46,224 - INFO - No se encontraron filas duplicadas en el DataFrame df_2017.
2025-05-18 18:08:46,241 - INFO - Mostrando información del DataFrame df_2017 (conteo de no nulos y tipos de datos).
2025-05-18 18:08:46,250 - INFO - No se encontraron valores nulos explícitos (NaN) en el DataFrame df_2017.
2025-05-18 18:08:46,256 - INFO - Calculando estadísticas descriptivas para las columnas numéricas de df_2017.
2025-05-18 18:08:46,269 - INFO - Estadísticas descriptivas numéricas de df_2017 calculadas y mostradas.
2025-05-18 18:08:46,275 - INFO - Calculando estadísticas descriptivas para las columnas de tipo 'object' de df_2017.
2025-05-18 18:08:46,279 - INFO - Estadísticas descriptivas para columnas 'object' de df_2017 calculadas y mostradas.
2025-05-18 18:09:28,122 - INFO - Iniciando el cálculo de la correlación gráfica para df_2017.
2025-05-18 18:09:28,123 - INFO - Columnas numéricas identificadas en df_2017: ['Happiness.Rank', 'Happiness.Score', 'Whisker.high', 'Whisker.low', 'Economy..GDP.per.Capita.', 'Family', 'Health..Life.Expectancy.', 'Freedom', 'Generosity', 'Trust..Government.Corruption.', 'Dystopia.Residual']
2025-05-18 18:09:28,124 - INFO - Columnas a excluir del heatmap de correlación de features: ['Happiness.Rank', 'Happiness.Score', 'Whisker.high', 'Whisker.low']
2025-05-18 18:09:28,124 - INFO - Columnas seleccionadas para el heatmap de correlación de features (df_2017): ['Economy..GDP.per.Capita.', 'Family', 'Health..Life.Expectancy.', 'Freedom', 'Generosity', 'Trust..Government.Corruption.', 'Dystopia.Residual']
2025-05-18 18:09:28,126 - INFO - Matriz de correlación de features calculada para df_2017.
2025-05-18 18:09:28,324 - INFO - Mapa de calor de correlación de features generado y mostrado para df_2017.
2025-05-18 18:09:28,326 - INFO - Correlación de features con 'Happiness.Score' (df_2017) calculada y mostrada.
2025-05-18 18:10:14,494 - INFO - Iniciando el cálculo de la correlación gráfica para df_2017.
2025-05-18 18:10:14,495 - INFO - Columnas numéricas identificadas en df_2017: ['Happiness.Rank', 'Happiness.Score', 'Whisker.high', 'Whisker.low', 'Economy..GDP.per.Capita.', 'Family', 'Health..Life.Expectancy.', 'Freedom', 'Generosity', 'Trust..Government.Corruption.', 'Dystopia.Residual']
2025-05-18 18:10:14,496 - INFO - Columnas a excluir del heatmap de correlación de features: ['Happiness.Rank', 'Whisker.high', 'Whisker.low']
2025-05-18 18:10:14,497 - INFO - Columnas seleccionadas para el heatmap de correlación de features (df_2017): ['Happiness.Score', 'Economy..GDP.per.Capita.', 'Family', 'Health..Life.Expectancy.', 'Freedom', 'Generosity', 'Trust..Government.Corruption.', 'Dystopia.Residual']
2025-05-18 18:10:14,498 - INFO - Matriz de correlación de features calculada para df_2017.
2025-05-18 18:10:14,712 - INFO - Mapa de calor de correlación de features generado y mostrado para df_2017.
2025-05-18 18:10:14,715 - INFO - Correlación de features con 'Happiness.Score' (df_2017) calculada y mostrada.
2025-05-18 18:11:16,697 - INFO - Inicio del notebook de EDA (001_2017_eda.ipynb).
2025-05-18 18:11:16,710 - INFO - Ruta del archivo a cargar: /home/nicolas/Escritorio/workshops ETL/workshop_3/data/raw/2017.csv
2025-05-18 18:11:16,711 - INFO - Intentando cargar el archivo CSV: 2017.csv
2025-05-18 18:11:16,713 - INFO - Archivo 2017.csv cargado exitosamente.
2025-05-18 18:11:16,714 - INFO - El DataFrame tiene 155 filas y 12 columnas.
2025-05-18 18:11:16,722 - INFO - Mostrando las primeras 5 filas del DataFrame en formato Markdown.
2025-05-18 18:11:16,734 - INFO - Obteniendo la lista de todas las columnas del DataFrame df_2017.
2025-05-18 18:11:16,736 - INFO - El DataFrame df_2017 tiene 12 columnas.
2025-05-18 18:11:16,736 - INFO - Nombres de las columnas (df_2017): ['Country', 'Happiness.Rank', 'Happiness.Score', 'Whisker.high', 'Whisker.low', 'Economy..GDP.per.Capita.', 'Family', 'Health..Life.Expectancy.', 'Freedom', 'Generosity', 'Trust..Government.Corruption.', 'Dystopia.Residual']
2025-05-18 18:11:16,745 - INFO - Verificando la existencia de filas duplicadas en df_2017.
2025-05-18 18:11:16,748 - INFO - No se encontraron filas duplicadas en el DataFrame df_2017.
2025-05-18 18:11:16,761 - INFO - Mostrando información del DataFrame df_2017 (conteo de no nulos y tipos de datos).
2025-05-18 18:11:16,768 - INFO - No se encontraron valores nulos explícitos (NaN) en el DataFrame df_2017.
2025-05-18 18:11:16,778 - INFO - Calculando estadísticas descriptivas para las columnas numéricas de df_2017.
2025-05-18 18:11:16,800 - INFO - Estadísticas descriptivas numéricas de df_2017 calculadas y mostradas.
2025-05-18 18:11:16,808 - INFO - Calculando estadísticas descriptivas para las columnas de tipo 'object' de df_2017.
2025-05-18 18:11:16,812 - INFO - Estadísticas descriptivas para columnas 'object' de df_2017 calculadas y mostradas.
2025-05-18 18:11:16,822 - INFO - Iniciando el cálculo de la correlación gráfica para df_2017.
2025-05-18 18:11:16,824 - INFO - Columnas numéricas identificadas en df_2017: ['Happiness.Rank', 'Happiness.Score', 'Whisker.high', 'Whisker.low', 'Economy..GDP.per.Capita.', 'Family', 'Health..Life.Expectancy.', 'Freedom', 'Generosity', 'Trust..Government.Corruption.', 'Dystopia.Residual']
2025-05-18 18:11:16,824 - INFO - Columnas a excluir del heatmap de correlación de features: ['Happiness.Rank', 'Whisker.high', 'Whisker.low']
2025-05-18 18:11:16,825 - INFO - Columnas seleccionadas para el heatmap de correlación de features (df_2017): ['Happiness.Score', 'Economy..GDP.per.Capita.', 'Family', 'Health..Life.Expectancy.', 'Freedom', 'Generosity', 'Trust..Government.Corruption.', 'Dystopia.Residual']
2025-05-18 18:11:16,826 - INFO - Matriz de correlación de features calculada para df_2017.
2025-05-18 18:11:17,055 - INFO - Mapa de calor de correlación de features generado y mostrado para df_2017.
2025-05-18 18:11:17,058 - INFO - Correlación de features con 'Happiness.Score' (df_2017) calculada y mostrada.
2025-05-18 18:11:36,657 - INFO - Iniciando el cálculo de la correlación gráfica para df_2017.
2025-05-18 18:11:36,659 - INFO - Columnas numéricas identificadas en df_2017: ['Happiness.Rank', 'Happiness.Score', 'Whisker.high', 'Whisker.low', 'Economy..GDP.per.Capita.', 'Family', 'Health..Life.Expectancy.', 'Freedom', 'Generosity', 'Trust..Government.Corruption.', 'Dystopia.Residual']
2025-05-18 18:11:36,660 - INFO - Columnas a excluir del heatmap de correlación de features: ['Happiness.Rank', 'Whisker.high', 'Whisker.low']
2025-05-18 18:11:36,660 - INFO - Columnas seleccionadas para el heatmap de correlación de features (df_2017): ['Happiness.Score', 'Economy..GDP.per.Capita.', 'Family', 'Health..Life.Expectancy.', 'Freedom', 'Generosity', 'Trust..Government.Corruption.', 'Dystopia.Residual']
2025-05-18 18:11:36,662 - INFO - Matriz de correlación de features calculada para df_2017.
2025-05-18 18:11:36,880 - INFO - Mapa de calor de correlación de features generado y mostrado para df_2017.
2025-05-18 18:11:53,611 - INFO - Inicio del notebook de EDA (001_2017_eda.ipynb).
2025-05-18 18:11:53,622 - INFO - Ruta del archivo a cargar: /home/nicolas/Escritorio/workshops ETL/workshop_3/data/raw/2017.csv
2025-05-18 18:11:53,623 - INFO - Intentando cargar el archivo CSV: 2017.csv
2025-05-18 18:11:53,625 - INFO - Archivo 2017.csv cargado exitosamente.
2025-05-18 18:11:53,626 - INFO - El DataFrame tiene 155 filas y 12 columnas.
2025-05-18 18:11:53,632 - INFO - Mostrando las primeras 5 filas del DataFrame en formato Markdown.
2025-05-18 18:11:53,641 - INFO - Obteniendo la lista de todas las columnas del DataFrame df_2017.
2025-05-18 18:11:53,642 - INFO - El DataFrame df_2017 tiene 12 columnas.
2025-05-18 18:11:53,643 - INFO - Nombres de las columnas (df_2017): ['Country', 'Happiness.Rank', 'Happiness.Score', 'Whisker.high', 'Whisker.low', 'Economy..GDP.per.Capita.', 'Family', 'Health..Life.Expectancy.', 'Freedom', 'Generosity', 'Trust..Government.Corruption.', 'Dystopia.Residual']
2025-05-18 18:11:53,649 - INFO - Verificando la existencia de filas duplicadas en df_2017.
2025-05-18 18:11:53,652 - INFO - No se encontraron filas duplicadas en el DataFrame df_2017.
2025-05-18 18:11:53,659 - INFO - Mostrando información del DataFrame df_2017 (conteo de no nulos y tipos de datos).
2025-05-18 18:11:53,663 - INFO - No se encontraron valores nulos explícitos (NaN) en el DataFrame df_2017.
2025-05-18 18:11:53,669 - INFO - Calculando estadísticas descriptivas para las columnas numéricas de df_2017.
2025-05-18 18:11:53,682 - INFO - Estadísticas descriptivas numéricas de df_2017 calculadas y mostradas.
2025-05-18 18:11:53,688 - INFO - Calculando estadísticas descriptivas para las columnas de tipo 'object' de df_2017.
2025-05-18 18:11:53,692 - INFO - Estadísticas descriptivas para columnas 'object' de df_2017 calculadas y mostradas.
2025-05-18 18:11:53,717 - INFO - Iniciando el cálculo de la correlación gráfica para df_2017.
2025-05-18 18:11:53,719 - INFO - Columnas numéricas identificadas en df_2017: ['Happiness.Rank', 'Happiness.Score', 'Whisker.high', 'Whisker.low', 'Economy..GDP.per.Capita.', 'Family', 'Health..Life.Expectancy.', 'Freedom', 'Generosity', 'Trust..Government.Corruption.', 'Dystopia.Residual']
2025-05-18 18:11:53,720 - INFO - Columnas a excluir del heatmap de correlación de features: ['Happiness.Rank', 'Whisker.high', 'Whisker.low']
2025-05-18 18:11:53,721 - INFO - Columnas seleccionadas para el heatmap de correlación de features (df_2017): ['Happiness.Score', 'Economy..GDP.per.Capita.', 'Family', 'Health..Life.Expectancy.', 'Freedom', 'Generosity', 'Trust..Government.Corruption.', 'Dystopia.Residual']
2025-05-18 18:11:53,722 - INFO - Matriz de correlación de features calculada para df_2017.
2025-05-18 18:11:53,971 - INFO - Mapa de calor de correlación de features generado y mostrado para df_2017.
2025-05-18 18:18:26,083 - INFO - Inicio del notebook de EDA (001_2017_eda.ipynb).
2025-05-18 18:18:26,103 - INFO - Ruta del archivo a cargar: /home/nicolas/Escritorio/workshops ETL/workshop_3/data/raw/2017.csv
2025-05-18 18:18:26,104 - INFO - Intentando cargar el archivo CSV: 2017.csv
2025-05-18 18:18:26,108 - INFO - Archivo 2017.csv cargado exitosamente.
2025-05-18 18:18:26,109 - INFO - El DataFrame tiene 155 filas y 12 columnas.
2025-05-18 18:18:26,147 - INFO - Mostrando las primeras 5 filas del DataFrame en formato Markdown.
2025-05-18 18:18:26,166 - INFO - Obteniendo la lista de todas las columnas del DataFrame df_2017.
2025-05-18 18:18:26,167 - INFO - El DataFrame df_2017 tiene 12 columnas.
2025-05-18 18:18:26,167 - INFO - Nombres de las columnas (df_2017): ['Country', 'Happiness.Rank', 'Happiness.Score', 'Whisker.high', 'Whisker.low', 'Economy..GDP.per.Capita.', 'Family', 'Health..Life.Expectancy.', 'Freedom', 'Generosity', 'Trust..Government.Corruption.', 'Dystopia.Residual']
2025-05-18 18:18:26,173 - INFO - Verificando la existencia de filas duplicadas en df_2017.
2025-05-18 18:18:26,176 - INFO - No se encontraron filas duplicadas en el DataFrame df_2017.
2025-05-18 18:18:26,191 - INFO - Mostrando información del DataFrame df_2017 (conteo de no nulos y tipos de datos).
2025-05-18 18:18:26,196 - INFO - No se encontraron valores nulos explícitos (NaN) en el DataFrame df_2017.
2025-05-18 18:18:26,202 - INFO - Calculando estadísticas descriptivas para las columnas numéricas de df_2017.
2025-05-18 18:18:26,216 - INFO - Estadísticas descriptivas numéricas de df_2017 calculadas y mostradas.
2025-05-18 18:18:26,224 - INFO - Calculando estadísticas descriptivas para las columnas de tipo 'object' de df_2017.
2025-05-18 18:18:26,228 - INFO - Estadísticas descriptivas para columnas 'object' de df_2017 calculadas y mostradas.
2025-05-18 18:18:26,237 - INFO - Iniciando el cálculo de la correlación gráfica para df_2017.
2025-05-18 18:18:26,239 - INFO - Columnas numéricas identificadas en df_2017: ['Happiness.Rank', 'Happiness.Score', 'Whisker.high', 'Whisker.low', 'Economy..GDP.per.Capita.', 'Family', 'Health..Life.Expectancy.', 'Freedom', 'Generosity', 'Trust..Government.Corruption.', 'Dystopia.Residual']
2025-05-18 18:18:26,239 - INFO - Columnas a excluir del heatmap de correlación de features: ['Happiness.Rank', 'Whisker.high', 'Whisker.low']
2025-05-18 18:18:26,240 - INFO - Columnas seleccionadas para el heatmap de correlación de features (df_2017): ['Happiness.Score', 'Economy..GDP.per.Capita.', 'Family', 'Health..Life.Expectancy.', 'Freedom', 'Generosity', 'Trust..Government.Corruption.', 'Dystopia.Residual']
2025-05-18 18:18:26,241 - INFO - Matriz de correlación de features calculada para df_2017.
2025-05-18 18:18:26,443 - INFO - Mapa de calor de correlación de features generado y mostrado para df_2017.
2025-05-18 18:18:26,452 - INFO - Generando matriz de histogramas/KDE para variables numéricas clave de df_2017.
2025-05-18 18:18:27,546 - INFO - Matriz de histogramas/KDE generada y mostrada para df_2017.
2025-05-18 18:21:00,072 - INFO - Generando matriz de histogramas/KDE para variables numéricas clave de df_2017.
2025-05-18 18:21:06,426 - INFO - Inicio del notebook de EDA (001_2017_eda.ipynb).
2025-05-18 18:21:06,449 - INFO - Ruta del archivo a cargar: /home/nicolas/Escritorio/workshops ETL/workshop_3/data/raw/2017.csv
2025-05-18 18:21:06,450 - INFO - Intentando cargar el archivo CSV: 2017.csv
2025-05-18 18:21:06,452 - INFO - Archivo 2017.csv cargado exitosamente.
2025-05-18 18:21:06,452 - INFO - El DataFrame tiene 155 filas y 12 columnas.
2025-05-18 18:21:06,472 - INFO - Mostrando las primeras 5 filas del DataFrame en formato Markdown.
2025-05-18 18:21:06,480 - INFO - Obteniendo la lista de todas las columnas del DataFrame df_2017.
2025-05-18 18:21:06,480 - INFO - El DataFrame df_2017 tiene 12 columnas.
2025-05-18 18:21:06,481 - INFO - Nombres de las columnas (df_2017): ['Country', 'Happiness.Rank', 'Happiness.Score', 'Whisker.high', 'Whisker.low', 'Economy..GDP.per.Capita.', 'Family', 'Health..Life.Expectancy.', 'Freedom', 'Generosity', 'Trust..Government.Corruption.', 'Dystopia.Residual']
2025-05-18 18:21:06,489 - INFO - Verificando la existencia de filas duplicadas en df_2017.
2025-05-18 18:21:06,492 - INFO - No se encontraron filas duplicadas en el DataFrame df_2017.
2025-05-18 18:21:06,498 - INFO - Mostrando información del DataFrame df_2017 (conteo de no nulos y tipos de datos).
2025-05-18 18:21:06,503 - INFO - No se encontraron valores nulos explícitos (NaN) en el DataFrame df_2017.
2025-05-18 18:21:06,509 - INFO - Calculando estadísticas descriptivas para las columnas numéricas de df_2017.
2025-05-18 18:21:06,530 - INFO - Estadísticas descriptivas numéricas de df_2017 calculadas y mostradas.
2025-05-18 18:21:06,540 - INFO - Calculando estadísticas descriptivas para las columnas de tipo 'object' de df_2017.
2025-05-18 18:21:06,545 - INFO - Estadísticas descriptivas para columnas 'object' de df_2017 calculadas y mostradas.
2025-05-18 18:21:06,569 - INFO - Iniciando el cálculo de la correlación gráfica para df_2017.
2025-05-18 18:21:06,571 - INFO - Columnas numéricas identificadas en df_2017: ['Happiness.Rank', 'Happiness.Score', 'Whisker.high', 'Whisker.low', 'Economy..GDP.per.Capita.', 'Family', 'Health..Life.Expectancy.', 'Freedom', 'Generosity', 'Trust..Government.Corruption.', 'Dystopia.Residual']
2025-05-18 18:21:06,574 - INFO - Columnas a excluir del heatmap de correlación de features: ['Happiness.Rank', 'Whisker.high', 'Whisker.low']
2025-05-18 18:21:06,575 - INFO - Columnas seleccionadas para el heatmap de correlación de features (df_2017): ['Happiness.Score', 'Economy..GDP.per.Capita.', 'Family', 'Health..Life.Expectancy.', 'Freedom', 'Generosity', 'Trust..Government.Corruption.', 'Dystopia.Residual']
2025-05-18 18:21:06,577 - INFO - Matriz de correlación de features calculada para df_2017.
2025-05-18 18:21:06,796 - INFO - Mapa de calor de correlación de features generado y mostrado para df_2017.
2025-05-18 18:21:06,804 - INFO - Generando matriz de histogramas/KDE para variables numéricas clave de df_2017.
2025-05-18 18:21:15,896 - INFO - Generando matriz de histogramas/KDE para variables numéricas clave de df_2017.
2025-05-18 18:21:16,890 - INFO - Matriz de histogramas/KDE generada y mostrada para df_2017.
2025-05-18 18:22:21,970 - INFO - Generando matriz de histogramas/KDE para variables numéricas clave de df_2017.
2025-05-18 18:22:23,153 - INFO - Matriz de histogramas/KDE generada y mostrada para df_2017 con paleta viridis.
2025-05-18 18:23:22,112 - INFO - Inicio del notebook de EDA (001_2017_eda.ipynb).
2025-05-18 18:23:22,122 - INFO - Ruta del archivo a cargar: /home/nicolas/Escritorio/workshops ETL/workshop_3/data/raw/2017.csv
2025-05-18 18:23:22,123 - INFO - Intentando cargar el archivo CSV: 2017.csv
2025-05-18 18:23:22,125 - INFO - Archivo 2017.csv cargado exitosamente.
2025-05-18 18:23:22,126 - INFO - El DataFrame tiene 155 filas y 12 columnas.
2025-05-18 18:23:22,131 - INFO - Mostrando las primeras 5 filas del DataFrame en formato Markdown.
2025-05-18 18:23:22,154 - INFO - Obteniendo la lista de todas las columnas del DataFrame df_2017.
2025-05-18 18:23:22,156 - INFO - El DataFrame df_2017 tiene 12 columnas.
2025-05-18 18:23:22,157 - INFO - Nombres de las columnas (df_2017): ['Country', 'Happiness.Rank', 'Happiness.Score', 'Whisker.high', 'Whisker.low', 'Economy..GDP.per.Capita.', 'Family', 'Health..Life.Expectancy.', 'Freedom', 'Generosity', 'Trust..Government.Corruption.', 'Dystopia.Residual']
2025-05-18 18:23:22,177 - INFO - Verificando la existencia de filas duplicadas en df_2017.
2025-05-18 18:23:22,195 - INFO - No se encontraron filas duplicadas en el DataFrame df_2017.
2025-05-18 18:23:22,212 - INFO - Mostrando información del DataFrame df_2017 (conteo de no nulos y tipos de datos).
2025-05-18 18:23:22,218 - INFO - No se encontraron valores nulos explícitos (NaN) en el DataFrame df_2017.
2025-05-18 18:23:22,233 - INFO - Calculando estadísticas descriptivas para las columnas numéricas de df_2017.
2025-05-18 18:23:22,248 - INFO - Estadísticas descriptivas numéricas de df_2017 calculadas y mostradas.
2025-05-18 18:23:22,256 - INFO - Calculando estadísticas descriptivas para las columnas de tipo 'object' de df_2017.
2025-05-18 18:23:22,259 - INFO - Estadísticas descriptivas para columnas 'object' de df_2017 calculadas y mostradas.
2025-05-18 18:23:22,269 - INFO - Iniciando el cálculo de la correlación gráfica para df_2017.
2025-05-18 18:23:22,270 - INFO - Columnas numéricas identificadas en df_2017: ['Happiness.Rank', 'Happiness.Score', 'Whisker.high', 'Whisker.low', 'Economy..GDP.per.Capita.', 'Family', 'Health..Life.Expectancy.', 'Freedom', 'Generosity', 'Trust..Government.Corruption.', 'Dystopia.Residual']
2025-05-18 18:23:22,271 - INFO - Columnas a excluir del heatmap de correlación de features: ['Happiness.Rank', 'Whisker.high', 'Whisker.low']
2025-05-18 18:23:22,271 - INFO - Columnas seleccionadas para el heatmap de correlación de features (df_2017): ['Happiness.Score', 'Economy..GDP.per.Capita.', 'Family', 'Health..Life.Expectancy.', 'Freedom', 'Generosity', 'Trust..Government.Corruption.', 'Dystopia.Residual']
2025-05-18 18:23:22,272 - INFO - Matriz de correlación de features calculada para df_2017.
2025-05-18 18:23:22,488 - INFO - Mapa de calor de correlación de features generado y mostrado para df_2017.
2025-05-18 18:23:22,498 - INFO - Generando matriz de histogramas/KDE para variables numéricas clave de df_2017.
2025-05-18 18:23:23,463 - INFO - Matriz de histogramas/KDE generada y mostrada para df_2017 con paleta viridis.
2025-05-18 18:23:50,289 - INFO - Generando boxplots horizontales para identificar outliers generales en variables numéricas de df_2017.
2025-05-18 18:23:50,992 - INFO - Boxplots horizontales generales generados y mostrados para df_2017.
2025-05-18 18:23:57,510 - INFO - Inicio del notebook de EDA (001_2017_eda.ipynb).
2025-05-18 18:23:57,536 - INFO - Ruta del archivo a cargar: /home/nicolas/Escritorio/workshops ETL/workshop_3/data/raw/2017.csv
2025-05-18 18:23:57,539 - INFO - Intentando cargar el archivo CSV: 2017.csv
2025-05-18 18:23:57,541 - INFO - Archivo 2017.csv cargado exitosamente.
2025-05-18 18:23:57,542 - INFO - El DataFrame tiene 155 filas y 12 columnas.
2025-05-18 18:23:57,554 - INFO - Mostrando las primeras 5 filas del DataFrame en formato Markdown.
2025-05-18 18:23:57,581 - INFO - Obteniendo la lista de todas las columnas del DataFrame df_2017.
2025-05-18 18:23:57,583 - INFO - El DataFrame df_2017 tiene 12 columnas.
2025-05-18 18:23:57,583 - INFO - Nombres de las columnas (df_2017): ['Country', 'Happiness.Rank', 'Happiness.Score', 'Whisker.high', 'Whisker.low', 'Economy..GDP.per.Capita.', 'Family', 'Health..Life.Expectancy.', 'Freedom', 'Generosity', 'Trust..Government.Corruption.', 'Dystopia.Residual']
2025-05-18 18:23:57,591 - INFO - Verificando la existencia de filas duplicadas en df_2017.
2025-05-18 18:23:57,593 - INFO - No se encontraron filas duplicadas en el DataFrame df_2017.
2025-05-18 18:23:57,602 - INFO - Mostrando información del DataFrame df_2017 (conteo de no nulos y tipos de datos).
2025-05-18 18:23:57,610 - INFO - No se encontraron valores nulos explícitos (NaN) en el DataFrame df_2017.
2025-05-18 18:23:57,620 - INFO - Calculando estadísticas descriptivas para las columnas numéricas de df_2017.
2025-05-18 18:23:57,633 - INFO - Estadísticas descriptivas numéricas de df_2017 calculadas y mostradas.
2025-05-18 18:23:57,660 - INFO - Calculando estadísticas descriptivas para las columnas de tipo 'object' de df_2017.
2025-05-18 18:23:57,664 - INFO - Estadísticas descriptivas para columnas 'object' de df_2017 calculadas y mostradas.
2025-05-18 18:23:57,677 - INFO - Iniciando el cálculo de la correlación gráfica para df_2017.
2025-05-18 18:23:57,678 - INFO - Columnas numéricas identificadas en df_2017: ['Happiness.Rank', 'Happiness.Score', 'Whisker.high', 'Whisker.low', 'Economy..GDP.per.Capita.', 'Family', 'Health..Life.Expectancy.', 'Freedom', 'Generosity', 'Trust..Government.Corruption.', 'Dystopia.Residual']
2025-05-18 18:23:57,679 - INFO - Columnas a excluir del heatmap de correlación de features: ['Happiness.Rank', 'Whisker.high', 'Whisker.low']
2025-05-18 18:23:57,679 - INFO - Columnas seleccionadas para el heatmap de correlación de features (df_2017): ['Happiness.Score', 'Economy..GDP.per.Capita.', 'Family', 'Health..Life.Expectancy.', 'Freedom', 'Generosity', 'Trust..Government.Corruption.', 'Dystopia.Residual']
2025-05-18 18:23:57,681 - INFO - Matriz de correlación de features calculada para df_2017.
2025-05-18 18:23:57,904 - INFO - Mapa de calor de correlación de features generado y mostrado para df_2017.
2025-05-18 18:23:57,912 - INFO - Generando matriz de histogramas/KDE para variables numéricas clave de df_2017.
2025-05-18 18:23:58,888 - INFO - Matriz de histogramas/KDE generada y mostrada para df_2017 con paleta viridis.
2025-05-18 18:23:58,897 - INFO - Generando boxplots horizontales para identificar outliers generales en variables numéricas de df_2017.
2025-05-18 18:23:59,583 - INFO - Boxplots horizontales generales generados y mostrados para df_2017.
2025-05-18 18:24:24,567 - INFO - Inicio del notebook de EDA (001_2017_eda.ipynb).
2025-05-18 18:24:24,578 - INFO - Ruta del archivo a cargar: /home/nicolas/Escritorio/workshops ETL/workshop_3/data/raw/2017.csv
2025-05-18 18:24:24,579 - INFO - Intentando cargar el archivo CSV: 2017.csv
2025-05-18 18:24:24,581 - INFO - Archivo 2017.csv cargado exitosamente.
2025-05-18 18:24:24,582 - INFO - El DataFrame tiene 155 filas y 12 columnas.
2025-05-18 18:24:24,589 - INFO - Mostrando las primeras 5 filas del DataFrame en formato Markdown.
2025-05-18 18:24:24,597 - INFO - Obteniendo la lista de todas las columnas del DataFrame df_2017.
2025-05-18 18:24:24,599 - INFO - El DataFrame df_2017 tiene 12 columnas.
2025-05-18 18:24:24,599 - INFO - Nombres de las columnas (df_2017): ['Country', 'Happiness.Rank', 'Happiness.Score', 'Whisker.high', 'Whisker.low', 'Economy..GDP.per.Capita.', 'Family', 'Health..Life.Expectancy.', 'Freedom', 'Generosity', 'Trust..Government.Corruption.', 'Dystopia.Residual']
2025-05-18 18:24:24,608 - INFO - Verificando la existencia de filas duplicadas en df_2017.
2025-05-18 18:24:24,611 - INFO - No se encontraron filas duplicadas en el DataFrame df_2017.
2025-05-18 18:24:24,618 - INFO - Mostrando información del DataFrame df_2017 (conteo de no nulos y tipos de datos).
2025-05-18 18:24:24,623 - INFO - No se encontraron valores nulos explícitos (NaN) en el DataFrame df_2017.
2025-05-18 18:24:24,630 - INFO - Calculando estadísticas descriptivas para las columnas numéricas de df_2017.
2025-05-18 18:24:24,646 - INFO - Estadísticas descriptivas numéricas de df_2017 calculadas y mostradas.
2025-05-18 18:24:24,656 - INFO - Calculando estadísticas descriptivas para las columnas de tipo 'object' de df_2017.
2025-05-18 18:24:24,661 - INFO - Estadísticas descriptivas para columnas 'object' de df_2017 calculadas y mostradas.
2025-05-18 18:24:24,688 - INFO - Iniciando el cálculo de la correlación gráfica para df_2017.
2025-05-18 18:24:24,693 - INFO - Columnas numéricas identificadas en df_2017: ['Happiness.Rank', 'Happiness.Score', 'Whisker.high', 'Whisker.low', 'Economy..GDP.per.Capita.', 'Family', 'Health..Life.Expectancy.', 'Freedom', 'Generosity', 'Trust..Government.Corruption.', 'Dystopia.Residual']
2025-05-18 18:24:24,694 - INFO - Columnas a excluir del heatmap de correlación de features: ['Happiness.Rank', 'Whisker.high', 'Whisker.low']
2025-05-18 18:24:24,695 - INFO - Columnas seleccionadas para el heatmap de correlación de features (df_2017): ['Happiness.Score', 'Economy..GDP.per.Capita.', 'Family', 'Health..Life.Expectancy.', 'Freedom', 'Generosity', 'Trust..Government.Corruption.', 'Dystopia.Residual']
2025-05-18 18:24:24,702 - INFO - Matriz de correlación de features calculada para df_2017.
2025-05-18 18:24:24,947 - INFO - Mapa de calor de correlación de features generado y mostrado para df_2017.
2025-05-18 18:24:24,956 - INFO - Generando matriz de histogramas/KDE para variables numéricas clave de df_2017.
2025-05-18 18:24:26,149 - INFO - Matriz de histogramas/KDE generada y mostrada para df_2017 con paleta viridis.
2025-05-18 18:24:26,170 - INFO - Generando boxplots horizontales para identificar outliers generales en variables numéricas de df_2017.
2025-05-18 18:24:26,811 - INFO - Boxplots horizontales generales generados y mostrados para df_2017.
2025-05-18 18:25:13,631 - INFO - Generando matriz 2x2 de gráficos de dispersión para df_2017.
2025-05-18 18:25:14,097 - INFO - Matriz de gráficos de dispersión generada y mostrada para df_2017.
2025-05-18 18:26:22,458 - INFO - Inicio del notebook de EDA (001_2017_eda.ipynb).
2025-05-18 18:26:22,476 - INFO - Ruta del archivo a cargar: /home/nicolas/Escritorio/workshops ETL/workshop_3/data/raw/2017.csv
2025-05-18 18:26:22,477 - INFO - Intentando cargar el archivo CSV: 2017.csv
2025-05-18 18:26:22,479 - INFO - Archivo 2017.csv cargado exitosamente.
2025-05-18 18:26:22,480 - INFO - El DataFrame tiene 155 filas y 12 columnas.
2025-05-18 18:26:22,486 - INFO - Mostrando las primeras 5 filas del DataFrame en formato Markdown.
2025-05-18 18:26:22,495 - INFO - Obteniendo la lista de todas las columnas del DataFrame df_2017.
2025-05-18 18:26:22,496 - INFO - El DataFrame df_2017 tiene 12 columnas.
2025-05-18 18:26:22,496 - INFO - Nombres de las columnas (df_2017): ['Country', 'Happiness.Rank', 'Happiness.Score', 'Whisker.high', 'Whisker.low', 'Economy..GDP.per.Capita.', 'Family', 'Health..Life.Expectancy.', 'Freedom', 'Generosity', 'Trust..Government.Corruption.', 'Dystopia.Residual']
2025-05-18 18:26:22,503 - INFO - Verificando la existencia de filas duplicadas en df_2017.
2025-05-18 18:26:22,506 - INFO - No se encontraron filas duplicadas en el DataFrame df_2017.
2025-05-18 18:26:22,513 - INFO - Mostrando información del DataFrame df_2017 (conteo de no nulos y tipos de datos).
2025-05-18 18:26:22,518 - INFO - No se encontraron valores nulos explícitos (NaN) en el DataFrame df_2017.
2025-05-18 18:26:22,527 - INFO - Calculando estadísticas descriptivas para las columnas numéricas de df_2017.
2025-05-18 18:26:22,538 - INFO - Estadísticas descriptivas numéricas de df_2017 calculadas y mostradas.
2025-05-18 18:26:22,544 - INFO - Calculando estadísticas descriptivas para las columnas de tipo 'object' de df_2017.
2025-05-18 18:26:22,548 - INFO - Estadísticas descriptivas para columnas 'object' de df_2017 calculadas y mostradas.
2025-05-18 18:26:22,556 - INFO - Iniciando el cálculo de la correlación gráfica para df_2017.
2025-05-18 18:26:22,557 - INFO - Columnas numéricas identificadas en df_2017: ['Happiness.Rank', 'Happiness.Score', 'Whisker.high', 'Whisker.low', 'Economy..GDP.per.Capita.', 'Family', 'Health..Life.Expectancy.', 'Freedom', 'Generosity', 'Trust..Government.Corruption.', 'Dystopia.Residual']
2025-05-18 18:26:22,558 - INFO - Columnas a excluir del heatmap de correlación de features: ['Happiness.Rank', 'Whisker.high', 'Whisker.low']
2025-05-18 18:26:22,558 - INFO - Columnas seleccionadas para el heatmap de correlación de features (df_2017): ['Happiness.Score', 'Economy..GDP.per.Capita.', 'Family', 'Health..Life.Expectancy.', 'Freedom', 'Generosity', 'Trust..Government.Corruption.', 'Dystopia.Residual']
2025-05-18 18:26:22,559 - INFO - Matriz de correlación de features calculada para df_2017.
2025-05-18 18:26:22,761 - INFO - Mapa de calor de correlación de features generado y mostrado para df_2017.
2025-05-18 18:26:22,770 - INFO - Generando matriz de histogramas/KDE para variables numéricas clave de df_2017.
2025-05-18 18:26:23,876 - INFO - Matriz de histogramas/KDE generada y mostrada para df_2017 con paleta viridis.
2025-05-18 18:26:23,885 - INFO - Generando boxplots horizontales para identificar outliers generales en variables numéricas de df_2017.
2025-05-18 18:26:24,358 - INFO - Boxplots horizontales generales generados y mostrados para df_2017.
2025-05-18 18:27:27,371 - INFO - Inicio del notebook de EDA (001_2017_eda.ipynb).
2025-05-18 18:27:27,393 - INFO - Ruta del archivo a cargar: /home/nicolas/Escritorio/workshops ETL/workshop_3/data/raw/2017.csv
2025-05-18 18:27:27,394 - INFO - Intentando cargar el archivo CSV: 2017.csv
2025-05-18 18:27:27,396 - INFO - Archivo 2017.csv cargado exitosamente.
2025-05-18 18:27:27,397 - INFO - El DataFrame tiene 155 filas y 12 columnas.
2025-05-18 18:27:27,402 - INFO - Mostrando las primeras 5 filas del DataFrame en formato Markdown.
2025-05-18 18:27:27,411 - INFO - Obteniendo la lista de todas las columnas del DataFrame df_2017.
2025-05-18 18:27:27,412 - INFO - El DataFrame df_2017 tiene 12 columnas.
2025-05-18 18:27:27,413 - INFO - Nombres de las columnas (df_2017): ['Country', 'Happiness.Rank', 'Happiness.Score', 'Whisker.high', 'Whisker.low', 'Economy..GDP.per.Capita.', 'Family', 'Health..Life.Expectancy.', 'Freedom', 'Generosity', 'Trust..Government.Corruption.', 'Dystopia.Residual']
2025-05-18 18:27:27,420 - INFO - Verificando la existencia de filas duplicadas en df_2017.
2025-05-18 18:27:27,422 - INFO - No se encontraron filas duplicadas en el DataFrame df_2017.
2025-05-18 18:27:27,429 - INFO - Mostrando información del DataFrame df_2017 (conteo de no nulos y tipos de datos).
2025-05-18 18:27:27,434 - INFO - No se encontraron valores nulos explícitos (NaN) en el DataFrame df_2017.
2025-05-18 18:27:27,442 - INFO - Calculando estadísticas descriptivas para las columnas numéricas de df_2017.
2025-05-18 18:27:27,457 - INFO - Estadísticas descriptivas numéricas de df_2017 calculadas y mostradas.
2025-05-18 18:27:27,463 - INFO - Calculando estadísticas descriptivas para las columnas de tipo 'object' de df_2017.
2025-05-18 18:27:27,467 - INFO - Estadísticas descriptivas para columnas 'object' de df_2017 calculadas y mostradas.
2025-05-18 18:27:27,474 - INFO - Iniciando el cálculo de la correlación gráfica para df_2017.
2025-05-18 18:27:27,475 - INFO - Columnas numéricas identificadas en df_2017: ['Happiness.Rank', 'Happiness.Score', 'Whisker.high', 'Whisker.low', 'Economy..GDP.per.Capita.', 'Family', 'Health..Life.Expectancy.', 'Freedom', 'Generosity', 'Trust..Government.Corruption.', 'Dystopia.Residual']
2025-05-18 18:27:27,476 - INFO - Columnas a excluir del heatmap de correlación de features: ['Happiness.Rank', 'Whisker.high', 'Whisker.low']
2025-05-18 18:27:27,476 - INFO - Columnas seleccionadas para el heatmap de correlación de features (df_2017): ['Happiness.Score', 'Economy..GDP.per.Capita.', 'Family', 'Health..Life.Expectancy.', 'Freedom', 'Generosity', 'Trust..Government.Corruption.', 'Dystopia.Residual']
2025-05-18 18:27:27,478 - INFO - Matriz de correlación de features calculada para df_2017.
2025-05-18 18:27:27,678 - INFO - Mapa de calor de correlación de features generado y mostrado para df_2017.
2025-05-18 18:27:27,688 - INFO - Generando matriz de histogramas/KDE para variables numéricas clave de df_2017.
2025-05-18 18:27:28,910 - INFO - Matriz de histogramas/KDE generada y mostrada para df_2017 con paleta viridis.
2025-05-18 18:27:28,920 - INFO - Generando boxplots horizontales para identificar outliers generales en variables numéricas de df_2017.
2025-05-18 18:27:29,475 - INFO - Boxplots horizontales generales generados y mostrados para df_2017.
2025-05-18 19:44:08,407 - INFO - Inicio del notebook de EDA (001_2017_eda.ipynb).
2025-05-18 19:44:08,414 - INFO - Ruta del archivo a cargar: /home/nicolas/Escritorio/workshops ETL/workshop_3/data/raw/2017.csv
2025-05-18 19:44:08,415 - INFO - Intentando cargar el archivo CSV: 2017.csv
2025-05-18 19:44:08,418 - INFO - Archivo 2017.csv cargado exitosamente.
2025-05-18 19:44:08,418 - INFO - El DataFrame tiene 155 filas y 12 columnas.
2025-05-18 19:44:08,433 - INFO - Mostrando las primeras 5 filas del DataFrame en formato Markdown.
2025-05-18 19:44:08,443 - INFO - Obteniendo la lista de todas las columnas del DataFrame df_2017.
2025-05-18 19:44:08,444 - INFO - El DataFrame df_2017 tiene 12 columnas.
2025-05-18 19:44:08,445 - INFO - Nombres de las columnas (df_2017): ['Country', 'Happiness.Rank', 'Happiness.Score', 'Whisker.high', 'Whisker.low', 'Economy..GDP.per.Capita.', 'Family', 'Health..Life.Expectancy.', 'Freedom', 'Generosity', 'Trust..Government.Corruption.', 'Dystopia.Residual']
2025-05-18 19:44:08,451 - INFO - Verificando la existencia de filas duplicadas en df_2017.
2025-05-18 19:44:08,454 - INFO - No se encontraron filas duplicadas en el DataFrame df_2017.
2025-05-18 19:44:08,461 - INFO - Mostrando información del DataFrame df_2017 (conteo de no nulos y tipos de datos).
2025-05-18 19:44:08,466 - INFO - No se encontraron valores nulos explícitos (NaN) en el DataFrame df_2017.
2025-05-18 19:44:08,472 - INFO - Calculando estadísticas descriptivas para las columnas numéricas de df_2017.
2025-05-18 19:44:08,485 - INFO - Estadísticas descriptivas numéricas de df_2017 calculadas y mostradas.
2025-05-18 19:44:08,491 - INFO - Calculando estadísticas descriptivas para las columnas de tipo 'object' de df_2017.
2025-05-18 19:44:08,496 - INFO - Estadísticas descriptivas para columnas 'object' de df_2017 calculadas y mostradas.
2025-05-18 19:44:08,503 - INFO - Iniciando el cálculo de la correlación gráfica para df_2017.
2025-05-18 19:44:08,504 - INFO - Columnas numéricas identificadas en df_2017: ['Happiness.Rank', 'Happiness.Score', 'Whisker.high', 'Whisker.low', 'Economy..GDP.per.Capita.', 'Family', 'Health..Life.Expectancy.', 'Freedom', 'Generosity', 'Trust..Government.Corruption.', 'Dystopia.Residual']
2025-05-18 19:44:08,505 - INFO - Columnas a excluir del heatmap de correlación de features: ['Happiness.Rank', 'Whisker.high', 'Whisker.low']
2025-05-18 19:44:08,506 - INFO - Columnas seleccionadas para el heatmap de correlación de features (df_2017): ['Happiness.Score', 'Economy..GDP.per.Capita.', 'Family', 'Health..Life.Expectancy.', 'Freedom', 'Generosity', 'Trust..Government.Corruption.', 'Dystopia.Residual']
2025-05-18 19:44:08,507 - INFO - Matriz de correlación de features calculada para df_2017.
2025-05-18 19:44:08,774 - INFO - Mapa de calor de correlación de features generado y mostrado para df_2017.
2025-05-18 19:44:08,784 - INFO - Generando matriz de histogramas/KDE para variables numéricas clave de df_2017.
2025-05-18 19:44:09,753 - INFO - Matriz de histogramas/KDE generada y mostrada para df_2017 con paleta viridis.
2025-05-18 19:44:09,762 - INFO - Generando boxplots horizontales para identificar outliers generales en variables numéricas de df_2017.
2025-05-18 19:44:10,326 - INFO - Boxplots horizontales generales generados y mostrados para df_2017.
2025-05-18 19:44:16,133 - INFO - Inicio del notebook de EDA (001_2017_eda.ipynb).
2025-05-18 19:44:16,140 - INFO - Ruta del archivo a cargar: /home/nicolas/Escritorio/workshops ETL/workshop_3/data/raw/2017.csv
2025-05-18 19:44:16,141 - INFO - Intentando cargar el archivo CSV: 2017.csv
2025-05-18 19:44:16,144 - INFO - Archivo 2017.csv cargado exitosamente.
2025-05-18 19:44:16,145 - INFO - El DataFrame tiene 155 filas y 12 columnas.
2025-05-18 19:44:16,151 - INFO - Mostrando las primeras 5 filas del DataFrame en formato Markdown.
2025-05-18 19:44:16,162 - INFO - Obteniendo la lista de todas las columnas del DataFrame df_2017.
2025-05-18 19:44:16,164 - INFO - El DataFrame df_2017 tiene 12 columnas.
2025-05-18 19:44:16,164 - INFO - Nombres de las columnas (df_2017): ['Country', 'Happiness.Rank', 'Happiness.Score', 'Whisker.high', 'Whisker.low', 'Economy..GDP.per.Capita.', 'Family', 'Health..Life.Expectancy.', 'Freedom', 'Generosity', 'Trust..Government.Corruption.', 'Dystopia.Residual']
2025-05-18 19:44:16,171 - INFO - Verificando la existencia de filas duplicadas en df_2017.
2025-05-18 19:44:16,175 - INFO - No se encontraron filas duplicadas en el DataFrame df_2017.
2025-05-18 19:44:16,181 - INFO - Mostrando información del DataFrame df_2017 (conteo de no nulos y tipos de datos).
2025-05-18 19:44:16,186 - INFO - No se encontraron valores nulos explícitos (NaN) en el DataFrame df_2017.
2025-05-18 19:44:16,192 - INFO - Calculando estadísticas descriptivas para las columnas numéricas de df_2017.
2025-05-18 19:44:16,205 - INFO - Estadísticas descriptivas numéricas de df_2017 calculadas y mostradas.
2025-05-18 19:44:16,212 - INFO - Calculando estadísticas descriptivas para las columnas de tipo 'object' de df_2017.
2025-05-18 19:44:16,215 - INFO - Estadísticas descriptivas para columnas 'object' de df_2017 calculadas y mostradas.
2025-05-18 19:44:16,223 - INFO - Iniciando el cálculo de la correlación gráfica para df_2017.
2025-05-18 19:44:16,224 - INFO - Columnas numéricas identificadas en df_2017: ['Happiness.Rank', 'Happiness.Score', 'Whisker.high', 'Whisker.low', 'Economy..GDP.per.Capita.', 'Family', 'Health..Life.Expectancy.', 'Freedom', 'Generosity', 'Trust..Government.Corruption.', 'Dystopia.Residual']
2025-05-18 19:44:16,225 - INFO - Columnas a excluir del heatmap de correlación de features: ['Happiness.Rank', 'Whisker.high', 'Whisker.low']
2025-05-18 19:44:16,226 - INFO - Columnas seleccionadas para el heatmap de correlación de features (df_2017): ['Happiness.Score', 'Economy..GDP.per.Capita.', 'Family', 'Health..Life.Expectancy.', 'Freedom', 'Generosity', 'Trust..Government.Corruption.', 'Dystopia.Residual']
2025-05-18 19:44:16,227 - INFO - Matriz de correlación de features calculada para df_2017.
2025-05-18 19:44:16,484 - INFO - Mapa de calor de correlación de features generado y mostrado para df_2017.
2025-05-18 19:44:16,494 - INFO - Generando matriz de histogramas/KDE para variables numéricas clave de df_2017.
2025-05-18 19:44:17,453 - INFO - Matriz de histogramas/KDE generada y mostrada para df_2017 con paleta viridis.
2025-05-18 19:44:17,463 - INFO - Generando boxplots horizontales para identificar outliers generales en variables numéricas de df_2017.
2025-05-18 19:44:18,040 - INFO - Boxplots horizontales generales generados y mostrados para df_2017.
2025-05-18 19:59:48,254 - INFO - Obteniendo la lista de todos los países en df_2017.
2025-05-18 21:08:43,694 - INFO - Inicio del notebook de EDA (001_2017_eda.ipynb).
2025-05-18 21:08:43,705 - INFO - Ruta del archivo a cargar: /home/nicolas/Escritorio/workshops ETL/workshop_3/data/raw/2017.csv
2025-05-18 21:08:43,706 - INFO - Intentando cargar el archivo CSV: 2017.csv
2025-05-18 21:08:43,708 - INFO - Archivo 2017.csv cargado exitosamente.
2025-05-18 21:08:43,709 - INFO - El DataFrame tiene 155 filas y 12 columnas.
2025-05-18 21:08:43,715 - INFO - Mostrando las primeras 5 filas del DataFrame en formato Markdown.
2025-05-18 21:08:43,725 - INFO - Obteniendo la lista de todas las columnas del DataFrame df_2017.
2025-05-18 21:08:43,725 - INFO - El DataFrame df_2017 tiene 12 columnas.
2025-05-18 21:08:43,726 - INFO - Nombres de las columnas (df_2017): ['Country', 'Happiness.Rank', 'Happiness.Score', 'Whisker.high', 'Whisker.low', 'Economy..GDP.per.Capita.', 'Family', 'Health..Life.Expectancy.', 'Freedom', 'Generosity', 'Trust..Government.Corruption.', 'Dystopia.Residual']
2025-05-18 21:08:43,733 - INFO - Obteniendo la lista de todos los países en df_2017.
2025-05-18 21:08:43,740 - INFO - Verificando la existencia de filas duplicadas en df_2017.
2025-05-18 21:08:43,742 - INFO - No se encontraron filas duplicadas en el DataFrame df_2017.
2025-05-18 21:08:43,749 - INFO - Mostrando información del DataFrame df_2017 (conteo de no nulos y tipos de datos).
2025-05-18 21:08:43,753 - INFO - No se encontraron valores nulos explícitos (NaN) en el DataFrame df_2017.
2025-05-18 21:08:43,759 - INFO - Calculando estadísticas descriptivas para las columnas numéricas de df_2017.
2025-05-18 21:08:43,771 - INFO - Estadísticas descriptivas numéricas de df_2017 calculadas y mostradas.
2025-05-18 21:08:43,778 - INFO - Calculando estadísticas descriptivas para las columnas de tipo 'object' de df_2017.
2025-05-18 21:08:43,784 - INFO - Estadísticas descriptivas para columnas 'object' de df_2017 calculadas y mostradas.
2025-05-18 21:08:43,791 - INFO - Iniciando el cálculo de la correlación gráfica para df_2017.
2025-05-18 21:08:43,793 - INFO - Columnas numéricas identificadas en df_2017: ['Happiness.Rank', 'Happiness.Score', 'Whisker.high', 'Whisker.low', 'Economy..GDP.per.Capita.', 'Family', 'Health..Life.Expectancy.', 'Freedom', 'Generosity', 'Trust..Government.Corruption.', 'Dystopia.Residual']
2025-05-18 21:08:43,793 - INFO - Columnas a excluir del heatmap de correlación de features: ['Happiness.Rank', 'Whisker.high', 'Whisker.low', 'Dystopia.Residual']
2025-05-18 21:08:43,794 - INFO - Columnas seleccionadas para el heatmap de correlación de features (df_2017): ['Happiness.Score', 'Economy..GDP.per.Capita.', 'Family', 'Health..Life.Expectancy.', 'Freedom', 'Generosity', 'Trust..Government.Corruption.']
2025-05-18 21:08:43,794 - INFO - Matriz de correlación de features calculada para df_2017.
2025-05-18 21:08:43,995 - INFO - Mapa de calor de correlación de features generado y mostrado para df_2017.
2025-05-18 21:08:44,003 - INFO - Generando matriz de histogramas/KDE para variables numéricas clave de df_2017.
2025-05-18 21:08:45,075 - INFO - Matriz de histogramas/KDE generada y mostrada para df_2017 con paleta viridis.
2025-05-18 21:08:45,085 - INFO - Generando boxplots horizontales para identificar outliers generales en variables numéricas de df_2017.
2025-05-18 21:08:45,616 - INFO - Boxplots horizontales generales generados y mostrados para df_2017.
2025-05-18 21:57:31,450 - INFO - Inicio del notebook de EDA (001_2017_eda.ipynb).
