2025-05-18 21:58:29,223 - INFO - Inicio del notebook de limpieza y transformación para 2017.csv (002_2017_clean.ipynb).
2025-05-18 21:58:29,230 - INFO - Ruta del archivo raw a cargar: /home/nicolas/Escritorio/workshops ETL/workshop_3/data/raw/2017.csv
2025-05-18 21:58:29,231 - INFO - Intentando cargar el archivo CSV: 2017.csv
2025-05-18 21:58:29,234 - INFO - Archivo 2017.csv cargado exitosamente.
2025-05-18 21:58:29,235 - INFO - El DataFrame df_2017_raw tiene 155 filas y 12 columnas.
2025-05-18 21:58:29,235 - INFO - Copia del DataFrame creada como df_2017_clean para transformaciones.
2025-05-18 21:58:42,557 - INFO - Inicio del notebook de limpieza y transformación para 2017.csv (002_2017_clean.ipynb).
2025-05-18 21:58:42,578 - INFO - Ruta del archivo raw a cargar: /home/nicolas/Escritorio/workshops ETL/workshop_3/data/raw/2017.csv
2025-05-18 21:58:42,579 - INFO - Intentando cargar el archivo CSV: 2017.csv
2025-05-18 21:58:42,582 - INFO - Archivo 2017.csv cargado exitosamente.
2025-05-18 21:58:42,588 - INFO - El DataFrame df_2017_raw tiene 155 filas y 12 columnas.
2025-05-18 21:58:42,589 - INFO - Copia del DataFrame creada como df_2017_clean para transformaciones.
2025-05-18 21:59:04,464 - INFO - Iniciando estandarización de nombres de columnas para df_2017.
2025-05-18 21:59:04,465 - INFO - Columnas después del renombrado (df_2017_clean): ['country', 'happiness_rank', 'happiness_score', 'Whisker.high', 'Whisker.low', 'economy_gdp_per_capita', 'social_support', 'health_life_expectancy', 'freedom_to_make_life_choices', 'generosity', 'perceptions_of_corruption', 'Dystopia.Residual']
2025-05-18 22:02:08,814 - INFO - Inicio del notebook de limpieza y transformación para 2017.csv (002_2017_clean.ipynb).
2025-05-18 22:02:08,823 - INFO - Ruta del archivo raw a cargar: /home/nicolas/Escritorio/workshops ETL/workshop_3/data/raw/2017.csv
2025-05-18 22:02:08,825 - INFO - Intentando cargar el archivo CSV: 2017.csv
2025-05-18 22:02:08,827 - INFO - Archivo 2017.csv cargado exitosamente.
2025-05-18 22:02:08,828 - INFO - El DataFrame df_2017_raw tiene 155 filas y 12 columnas.
2025-05-18 22:02:08,829 - INFO - Copia del DataFrame creada como df_2017_clean para transformaciones.
2025-05-18 22:02:08,843 - INFO - Iniciando estandarización de nombres de columnas para df_2017.
2025-05-18 22:02:08,845 - INFO - Columnas después del renombrado (df_2017_clean): ['country', 'happiness_rank', 'happiness_score', 'Whisker.high', 'Whisker.low', 'economy_gdp_per_capita', 'social_support', 'health_life_expectancy', 'freedom_to_make_life_choices', 'generosity', 'perceptions_of_corruption', 'Dystopia.Residual']
2025-05-18 22:02:08,856 - INFO - Iniciando creación de la columna 'region' para df_2017.
2025-05-18 22:02:08,859 - WARNING - Los siguientes países no pudieron ser mapeados a una región y tendrán NaN en 'region': ['Sweden', 'Turkey', 'Macedonia', 'Iran', 'Albania', 'Iraq', 'Gabon', 'Mauritania', 'Lesotho', 'Haiti', 'Yemen', 'Togo', 'Burundi']
2025-05-18 22:02:08,860 - INFO - Columna 'region' creada y poblada en df_2017_clean.
2025-05-18 22:07:59,572 - INFO - Inicio del notebook de limpieza y transformación para 2017.csv (002_2017_clean.ipynb).
2025-05-18 22:07:59,605 - INFO - Ruta del archivo raw a cargar: /home/nicolas/Escritorio/workshops ETL/workshop_3/data/raw/2017.csv
2025-05-18 22:07:59,606 - INFO - Intentando cargar el archivo CSV: 2017.csv
2025-05-18 22:07:59,607 - INFO - Archivo 2017.csv cargado exitosamente.
2025-05-18 22:07:59,608 - INFO - El DataFrame df_2017_raw tiene 155 filas y 12 columnas.
2025-05-18 22:07:59,608 - INFO - Copia del DataFrame creada como df_2017_clean para transformaciones.
2025-05-18 22:07:59,622 - INFO - Iniciando estandarización de nombres de columnas para df_2017.
2025-05-18 22:07:59,623 - INFO - Columnas después del renombrado (df_2017_clean): ['country', 'happiness_rank', 'happiness_score', 'Whisker.high', 'Whisker.low', 'economy_gdp_per_capita', 'social_support', 'health_life_expectancy', 'freedom_to_make_life_choices', 'generosity', 'perceptions_of_corruption', 'Dystopia.Residual']
2025-05-18 22:07:59,635 - INFO - Iniciando creación de la columna 'region' para df_2017.
2025-05-18 22:07:59,639 - INFO - Todos los países fueron mapeados a una región exitosamente.
2025-05-18 22:07:59,640 - INFO - Columna 'region' creada y poblada en df_2017_clean.
2025-05-18 22:08:16,340 - INFO - Inicio del notebook de limpieza y transformación para 2017.csv (002_2017_clean.ipynb).
2025-05-18 22:08:16,352 - INFO - Ruta del archivo raw a cargar: /home/nicolas/Escritorio/workshops ETL/workshop_3/data/raw/2017.csv
2025-05-18 22:08:16,353 - INFO - Intentando cargar el archivo CSV: 2017.csv
2025-05-18 22:08:16,355 - INFO - Archivo 2017.csv cargado exitosamente.
2025-05-18 22:08:16,356 - INFO - El DataFrame df_2017_raw tiene 155 filas y 12 columnas.
2025-05-18 22:08:16,356 - INFO - Copia del DataFrame creada como df_2017_clean para transformaciones.
2025-05-18 22:08:16,371 - INFO - Iniciando estandarización de nombres de columnas para df_2017.
2025-05-18 22:08:16,373 - INFO - Columnas después del renombrado (df_2017_clean): ['country', 'happiness_rank', 'happiness_score', 'Whisker.high', 'Whisker.low', 'economy_gdp_per_capita', 'social_support', 'health_life_expectancy', 'freedom_to_make_life_choices', 'generosity', 'perceptions_of_corruption', 'Dystopia.Residual']
2025-05-18 22:08:16,387 - INFO - Iniciando creación de la columna 'region' para df_2017.
2025-05-18 22:08:16,390 - INFO - Todos los países fueron mapeados a una región exitosamente.
2025-05-18 22:08:16,391 - INFO - Columna 'region' creada y poblada en df_2017_clean.
2025-05-18 22:08:16,398 - INFO - Verificando la columna 'region' creada en df_2017_clean.
2025-05-18 22:08:16,399 - INFO - Valores únicos en 'region': ['Australia and New Zealand', 'Central and Eastern Europe', 'Eastern Asia', 'Latin America and Caribbean', 'Middle East and Northern Africa', 'North America', 'Southeastern Asia', 'Southern Asia', 'Sub-Saharan Africa', 'Western Europe']
2025-05-18 22:08:16,401 - INFO - Conteo de valores por región: {'Sub-Saharan Africa': 38, 'Middle East and Northern Africa': 23, 'Latin America and Caribbean': 22, 'Western Europe': 21, 'Central and Eastern Europe': 21, 'Southern Asia': 12, 'Southeastern Asia': 8, 'Eastern Asia': 6, 'North America': 2, 'Australia and New Zealand': 2}
2025-05-18 22:11:00,046 - INFO - Inicio del notebook de limpieza y transformación para 2017.csv (002_2017_clean.ipynb).
2025-05-18 22:11:00,063 - INFO - Ruta del archivo raw a cargar: /home/nicolas/Escritorio/workshops ETL/workshop_3/data/raw/2017.csv
2025-05-18 22:11:00,064 - INFO - Intentando cargar el archivo CSV: 2017.csv
2025-05-18 22:11:00,067 - INFO - Archivo 2017.csv cargado exitosamente.
2025-05-18 22:11:00,068 - INFO - El DataFrame df_2017_raw tiene 155 filas y 12 columnas.
2025-05-18 22:11:00,068 - INFO - Copia del DataFrame creada como df_2017_clean para transformaciones.
2025-05-18 22:11:00,083 - INFO - Iniciando estandarización de nombres de columnas para df_2017.
2025-05-18 22:11:00,084 - INFO - Columnas después del renombrado (df_2017_clean): ['country', 'happiness_rank', 'happiness_score', 'Whisker.high', 'Whisker.low', 'economy_gdp_per_capita', 'social_support', 'health_life_expectancy', 'freedom_to_make_life_choices', 'generosity', 'perceptions_of_corruption', 'Dystopia.Residual']
2025-05-18 22:11:00,099 - INFO - Iniciando creación de la columna 'region' para df_2017.
2025-05-18 22:11:00,105 - INFO - Todos los países fueron mapeados a una región exitosamente.
2025-05-18 22:11:00,106 - INFO - Columna 'region' creada y poblada en df_2017_clean.
2025-05-18 22:11:00,122 - INFO - Verificando la columna 'region' creada en df_2017_clean.
2025-05-18 22:11:00,124 - INFO - Valores únicos en 'region': ['Australia and New Zealand', 'Central and Eastern Europe', 'Eastern Asia', 'Latin America and Caribbean', 'Middle East and Northern Africa', 'North America', 'Southeastern Asia', 'Southern Asia', 'Sub-Saharan Africa', 'Western Europe']
2025-05-18 22:11:00,127 - INFO - Conteo de valores por región: {'Sub-Saharan Africa': 38, 'Middle East and Northern Africa': 23, 'Latin America and Caribbean': 22, 'Western Europe': 21, 'Central and Eastern Europe': 21, 'Southern Asia': 12, 'Southeastern Asia': 8, 'Eastern Asia': 6, 'North America': 2, 'Australia and New Zealand': 2}
2025-05-18 22:11:00,140 - INFO - Columnas eliminadas de df_2017_clean: ['Whisker.high', 'Whisker.low', 'Dystopia.Residual']
2025-05-18 22:11:00,146 - INFO - Columnas restantes en df_2017_clean: ['country', 'happiness_rank', 'happiness_score', 'economy_gdp_per_capita', 'social_support', 'health_life_expectancy', 'freedom_to_make_life_choices', 'generosity', 'perceptions_of_corruption', 'region']
2025-05-18 22:11:19,410 - INFO - Inicio del notebook de limpieza y transformación para 2017.csv (002_2017_clean.ipynb).
2025-05-18 22:11:19,434 - INFO - Ruta del archivo raw a cargar: /home/nicolas/Escritorio/workshops ETL/workshop_3/data/raw/2017.csv
2025-05-18 22:11:19,435 - INFO - Intentando cargar el archivo CSV: 2017.csv
2025-05-18 22:11:19,437 - INFO - Archivo 2017.csv cargado exitosamente.
2025-05-18 22:11:19,438 - INFO - El DataFrame df_2017_raw tiene 155 filas y 12 columnas.
2025-05-18 22:11:19,438 - INFO - Copia del DataFrame creada como df_2017_clean para transformaciones.
2025-05-18 22:11:19,452 - INFO - Iniciando estandarización de nombres de columnas para df_2017.
2025-05-18 22:11:19,454 - INFO - Columnas después del renombrado (df_2017_clean): ['country', 'happiness_rank', 'happiness_score', 'Whisker.high', 'Whisker.low', 'economy_gdp_per_capita', 'social_support', 'health_life_expectancy', 'freedom_to_make_life_choices', 'generosity', 'perceptions_of_corruption', 'Dystopia.Residual']
2025-05-18 22:11:19,466 - INFO - Iniciando creación de la columna 'region' para df_2017.
2025-05-18 22:11:19,469 - INFO - Todos los países fueron mapeados a una región exitosamente.
2025-05-18 22:11:19,470 - INFO - Columna 'region' creada y poblada en df_2017_clean.
2025-05-18 22:11:19,478 - INFO - Verificando la columna 'region' creada en df_2017_clean.
2025-05-18 22:11:19,479 - INFO - Valores únicos en 'region': ['Australia and New Zealand', 'Central and Eastern Europe', 'Eastern Asia', 'Latin America and Caribbean', 'Middle East and Northern Africa', 'North America', 'Southeastern Asia', 'Southern Asia', 'Sub-Saharan Africa', 'Western Europe']
2025-05-18 22:11:19,481 - INFO - Conteo de valores por región: {'Sub-Saharan Africa': 38, 'Middle East and Northern Africa': 23, 'Latin America and Caribbean': 22, 'Western Europe': 21, 'Central and Eastern Europe': 21, 'Southern Asia': 12, 'Southeastern Asia': 8, 'Eastern Asia': 6, 'North America': 2, 'Australia and New Zealand': 2}
2025-05-18 22:11:19,491 - INFO - Columnas eliminadas de df_2017_clean: ['Whisker.high', 'Whisker.low', 'Dystopia.Residual']
2025-05-18 22:11:19,492 - INFO - Columnas restantes en df_2017_clean: ['country', 'happiness_rank', 'happiness_score', 'economy_gdp_per_capita', 'social_support', 'health_life_expectancy', 'freedom_to_make_life_choices', 'generosity', 'perceptions_of_corruption', 'region']
2025-05-18 22:11:19,499 - INFO - Columna 'year' con valor 2017 añadida a df_2017_clean.
2025-05-18 22:11:32,875 - INFO - Inicio del notebook de limpieza y transformación para 2017.csv (002_2017_clean.ipynb).
2025-05-18 22:11:32,888 - INFO - Ruta del archivo raw a cargar: /home/nicolas/Escritorio/workshops ETL/workshop_3/data/raw/2017.csv
2025-05-18 22:11:32,889 - INFO - Intentando cargar el archivo CSV: 2017.csv
2025-05-18 22:11:32,891 - INFO - Archivo 2017.csv cargado exitosamente.
2025-05-18 22:11:32,891 - INFO - El DataFrame df_2017_raw tiene 155 filas y 12 columnas.
2025-05-18 22:11:32,892 - INFO - Copia del DataFrame creada como df_2017_clean para transformaciones.
2025-05-18 22:11:32,907 - INFO - Iniciando estandarización de nombres de columnas para df_2017.
2025-05-18 22:11:32,909 - INFO - Columnas después del renombrado (df_2017_clean): ['country', 'happiness_rank', 'happiness_score', 'Whisker.high', 'Whisker.low', 'economy_gdp_per_capita', 'social_support', 'health_life_expectancy', 'freedom_to_make_life_choices', 'generosity', 'perceptions_of_corruption', 'Dystopia.Residual']
2025-05-18 22:11:32,937 - INFO - Iniciando creación de la columna 'region' para df_2017.
2025-05-18 22:11:32,941 - INFO - Todos los países fueron mapeados a una región exitosamente.
2025-05-18 22:11:32,942 - INFO - Columna 'region' creada y poblada en df_2017_clean.
2025-05-18 22:11:32,960 - INFO - Verificando la columna 'region' creada en df_2017_clean.
2025-05-18 22:11:32,967 - INFO - Valores únicos en 'region': ['Australia and New Zealand', 'Central and Eastern Europe', 'Eastern Asia', 'Latin America and Caribbean', 'Middle East and Northern Africa', 'North America', 'Southeastern Asia', 'Southern Asia', 'Sub-Saharan Africa', 'Western Europe']
2025-05-18 22:11:32,969 - INFO - Conteo de valores por región: {'Sub-Saharan Africa': 38, 'Middle East and Northern Africa': 23, 'Latin America and Caribbean': 22, 'Western Europe': 21, 'Central and Eastern Europe': 21, 'Southern Asia': 12, 'Southeastern Asia': 8, 'Eastern Asia': 6, 'North America': 2, 'Australia and New Zealand': 2}
2025-05-18 22:11:32,993 - INFO - Columnas eliminadas de df_2017_clean: ['Whisker.high', 'Whisker.low', 'Dystopia.Residual']
2025-05-18 22:11:32,993 - INFO - Columnas restantes en df_2017_clean: ['country', 'happiness_rank', 'happiness_score', 'economy_gdp_per_capita', 'social_support', 'health_life_expectancy', 'freedom_to_make_life_choices', 'generosity', 'perceptions_of_corruption', 'region']
2025-05-18 22:11:33,001 - INFO - Columna 'year' con valor 2017 añadida a df_2017_clean.
2025-05-18 22:11:33,022 - INFO - Espacios extra eliminados de la columna 'country' en df_2017_clean.
2025-05-18 22:11:59,392 - INFO - Inicio del notebook de limpieza y transformación para 2017.csv (002_2017_clean.ipynb).
2025-05-18 22:11:59,412 - INFO - Ruta del archivo raw a cargar: /home/nicolas/Escritorio/workshops ETL/workshop_3/data/raw/2017.csv
2025-05-18 22:11:59,413 - INFO - Intentando cargar el archivo CSV: 2017.csv
2025-05-18 22:11:59,416 - INFO - Archivo 2017.csv cargado exitosamente.
2025-05-18 22:11:59,417 - INFO - El DataFrame df_2017_raw tiene 155 filas y 12 columnas.
2025-05-18 22:11:59,417 - INFO - Copia del DataFrame creada como df_2017_clean para transformaciones.
2025-05-18 22:11:59,434 - INFO - Iniciando estandarización de nombres de columnas para df_2017.
2025-05-18 22:11:59,435 - INFO - Columnas después del renombrado (df_2017_clean): ['country', 'happiness_rank', 'happiness_score', 'Whisker.high', 'Whisker.low', 'economy_gdp_per_capita', 'social_support', 'health_life_expectancy', 'freedom_to_make_life_choices', 'generosity', 'perceptions_of_corruption', 'Dystopia.Residual']
2025-05-18 22:11:59,448 - INFO - Iniciando creación de la columna 'region' para df_2017.
2025-05-18 22:11:59,451 - INFO - Todos los países fueron mapeados a una región exitosamente.
2025-05-18 22:11:59,452 - INFO - Columna 'region' creada y poblada en df_2017_clean.
2025-05-18 22:11:59,460 - INFO - Verificando la columna 'region' creada en df_2017_clean.
2025-05-18 22:11:59,461 - INFO - Valores únicos en 'region': ['Australia and New Zealand', 'Central and Eastern Europe', 'Eastern Asia', 'Latin America and Caribbean', 'Middle East and Northern Africa', 'North America', 'Southeastern Asia', 'Southern Asia', 'Sub-Saharan Africa', 'Western Europe']
2025-05-18 22:11:59,462 - INFO - Conteo de valores por región: {'Sub-Saharan Africa': 38, 'Middle East and Northern Africa': 23, 'Latin America and Caribbean': 22, 'Western Europe': 21, 'Central and Eastern Europe': 21, 'Southern Asia': 12, 'Southeastern Asia': 8, 'Eastern Asia': 6, 'North America': 2, 'Australia and New Zealand': 2}
2025-05-18 22:11:59,472 - INFO - Columnas eliminadas de df_2017_clean: ['Whisker.high', 'Whisker.low', 'Dystopia.Residual']
2025-05-18 22:11:59,473 - INFO - Columnas restantes en df_2017_clean: ['country', 'happiness_rank', 'happiness_score', 'economy_gdp_per_capita', 'social_support', 'health_life_expectancy', 'freedom_to_make_life_choices', 'generosity', 'perceptions_of_corruption', 'region']
2025-05-18 22:11:59,489 - INFO - Columna 'year' con valor 2017 añadida a df_2017_clean.
2025-05-18 22:11:59,517 - INFO - Espacios extra eliminados de la columna 'country' en df_2017_clean.
2025-05-18 22:11:59,543 - INFO - Iniciando reordenamiento de columnas para df_2017_clean.
2025-05-18 22:11:59,548 - INFO - Columnas reordenadas exitosamente para df_2017_clean. Nuevo orden: ['year', 'region', 'country', 'happiness_rank', 'happiness_score', 'social_support', 'health_life_expectancy', 'generosity', 'freedom_to_make_life_choices', 'economy_gdp_per_capita', 'perceptions_of_corruption']
2025-05-18 22:12:15,573 - INFO - Inicio del notebook de limpieza y transformación para 2017.csv (002_2017_clean.ipynb).
2025-05-18 22:12:15,591 - INFO - Ruta del archivo raw a cargar: /home/nicolas/Escritorio/workshops ETL/workshop_3/data/raw/2017.csv
2025-05-18 22:12:15,592 - INFO - Intentando cargar el archivo CSV: 2017.csv
2025-05-18 22:12:15,595 - INFO - Archivo 2017.csv cargado exitosamente.
2025-05-18 22:12:15,595 - INFO - El DataFrame df_2017_raw tiene 155 filas y 12 columnas.
2025-05-18 22:12:15,596 - INFO - Copia del DataFrame creada como df_2017_clean para transformaciones.
2025-05-18 22:12:15,611 - INFO - Iniciando estandarización de nombres de columnas para df_2017.
2025-05-18 22:12:15,612 - INFO - Columnas después del renombrado (df_2017_clean): ['country', 'happiness_rank', 'happiness_score', 'Whisker.high', 'Whisker.low', 'economy_gdp_per_capita', 'social_support', 'health_life_expectancy', 'freedom_to_make_life_choices', 'generosity', 'perceptions_of_corruption', 'Dystopia.Residual']
2025-05-18 22:12:15,625 - INFO - Iniciando creación de la columna 'region' para df_2017.
2025-05-18 22:12:15,627 - INFO - Todos los países fueron mapeados a una región exitosamente.
2025-05-18 22:12:15,628 - INFO - Columna 'region' creada y poblada en df_2017_clean.
2025-05-18 22:12:15,635 - INFO - Verificando la columna 'region' creada en df_2017_clean.
2025-05-18 22:12:15,636 - INFO - Valores únicos en 'region': ['Australia and New Zealand', 'Central and Eastern Europe', 'Eastern Asia', 'Latin America and Caribbean', 'Middle East and Northern Africa', 'North America', 'Southeastern Asia', 'Southern Asia', 'Sub-Saharan Africa', 'Western Europe']
2025-05-18 22:12:15,638 - INFO - Conteo de valores por región: {'Sub-Saharan Africa': 38, 'Middle East and Northern Africa': 23, 'Latin America and Caribbean': 22, 'Western Europe': 21, 'Central and Eastern Europe': 21, 'Southern Asia': 12, 'Southeastern Asia': 8, 'Eastern Asia': 6, 'North America': 2, 'Australia and New Zealand': 2}
2025-05-18 22:12:15,648 - INFO - Columnas eliminadas de df_2017_clean: ['Whisker.high', 'Whisker.low', 'Dystopia.Residual']
2025-05-18 22:12:15,650 - INFO - Columnas restantes en df_2017_clean: ['country', 'happiness_rank', 'happiness_score', 'economy_gdp_per_capita', 'social_support', 'health_life_expectancy', 'freedom_to_make_life_choices', 'generosity', 'perceptions_of_corruption', 'region']
2025-05-18 22:12:15,658 - INFO - Columna 'year' con valor 2017 añadida a df_2017_clean.
2025-05-18 22:12:15,666 - INFO - Espacios extra eliminados de la columna 'country' en df_2017_clean.
2025-05-18 22:12:15,674 - INFO - Iniciando reordenamiento de columnas para df_2017_clean.
2025-05-18 22:12:15,676 - INFO - Columnas reordenadas exitosamente para df_2017_clean. Nuevo orden: ['year', 'region', 'country', 'happiness_rank', 'happiness_score', 'social_support', 'health_life_expectancy', 'generosity', 'freedom_to_make_life_choices', 'economy_gdp_per_capita', 'perceptions_of_corruption']
2025-05-18 22:12:15,684 - INFO - Mostrando información final de df_2017_clean (tipos de datos).
2025-05-18 22:12:32,391 - INFO - Inicio del notebook de limpieza y transformación para 2017.csv (002_2017_clean.ipynb).
2025-05-18 22:12:32,403 - INFO - Ruta del archivo raw a cargar: /home/nicolas/Escritorio/workshops ETL/workshop_3/data/raw/2017.csv
2025-05-18 22:12:32,404 - INFO - Intentando cargar el archivo CSV: 2017.csv
2025-05-18 22:12:32,406 - INFO - Archivo 2017.csv cargado exitosamente.
2025-05-18 22:12:32,407 - INFO - El DataFrame df_2017_raw tiene 155 filas y 12 columnas.
2025-05-18 22:12:32,408 - INFO - Copia del DataFrame creada como df_2017_clean para transformaciones.
2025-05-18 22:12:32,421 - INFO - Iniciando estandarización de nombres de columnas para df_2017.
2025-05-18 22:12:32,423 - INFO - Columnas después del renombrado (df_2017_clean): ['country', 'happiness_rank', 'happiness_score', 'Whisker.high', 'Whisker.low', 'economy_gdp_per_capita', 'social_support', 'health_life_expectancy', 'freedom_to_make_life_choices', 'generosity', 'perceptions_of_corruption', 'Dystopia.Residual']
2025-05-18 22:12:32,435 - INFO - Iniciando creación de la columna 'region' para df_2017.
2025-05-18 22:12:32,439 - INFO - Todos los países fueron mapeados a una región exitosamente.
2025-05-18 22:12:32,440 - INFO - Columna 'region' creada y poblada en df_2017_clean.
2025-05-18 22:12:32,453 - INFO - Verificando la columna 'region' creada en df_2017_clean.
2025-05-18 22:12:32,462 - INFO - Valores únicos en 'region': ['Australia and New Zealand', 'Central and Eastern Europe', 'Eastern Asia', 'Latin America and Caribbean', 'Middle East and Northern Africa', 'North America', 'Southeastern Asia', 'Southern Asia', 'Sub-Saharan Africa', 'Western Europe']
2025-05-18 22:12:32,465 - INFO - Conteo de valores por región: {'Sub-Saharan Africa': 38, 'Middle East and Northern Africa': 23, 'Latin America and Caribbean': 22, 'Western Europe': 21, 'Central and Eastern Europe': 21, 'Southern Asia': 12, 'Southeastern Asia': 8, 'Eastern Asia': 6, 'North America': 2, 'Australia and New Zealand': 2}
2025-05-18 22:12:32,477 - INFO - Columnas eliminadas de df_2017_clean: ['Whisker.high', 'Whisker.low', 'Dystopia.Residual']
2025-05-18 22:12:32,478 - INFO - Columnas restantes en df_2017_clean: ['country', 'happiness_rank', 'happiness_score', 'economy_gdp_per_capita', 'social_support', 'health_life_expectancy', 'freedom_to_make_life_choices', 'generosity', 'perceptions_of_corruption', 'region']
2025-05-18 22:12:32,496 - INFO - Columna 'year' con valor 2017 añadida a df_2017_clean.
2025-05-18 22:12:32,519 - INFO - Espacios extra eliminados de la columna 'country' en df_2017_clean.
2025-05-18 22:12:32,528 - INFO - Iniciando reordenamiento de columnas para df_2017_clean.
2025-05-18 22:12:32,530 - INFO - Columnas reordenadas exitosamente para df_2017_clean. Nuevo orden: ['year', 'region', 'country', 'happiness_rank', 'happiness_score', 'social_support', 'health_life_expectancy', 'generosity', 'freedom_to_make_life_choices', 'economy_gdp_per_capita', 'perceptions_of_corruption']
2025-05-18 22:12:32,544 - INFO - Mostrando información final de df_2017_clean (tipos de datos).
2025-05-18 22:12:32,561 - INFO - DataFrame limpio df_2017_clean guardado en: /home/nicolas/Escritorio/workshops ETL/workshop_3/data/processed/2017_cleaned.csv
2025-05-20 17:46:08,016 - INFO - Inicio del notebook de limpieza y transformación para 2017.csv (002_2017_clean.ipynb).
2025-05-20 17:46:08,023 - INFO - Ruta del archivo raw a cargar: /home/nicolas/Escritorio/workshops ETL/workshop_3/data/raw/2017.csv
2025-05-20 17:46:08,025 - INFO - Intentando cargar el archivo CSV: 2017.csv
2025-05-20 17:46:08,028 - INFO - Archivo 2017.csv cargado exitosamente.
2025-05-20 17:46:08,029 - INFO - El DataFrame df_2017_raw tiene 155 filas y 12 columnas.
2025-05-20 17:46:08,029 - INFO - Copia del DataFrame creada como df_2017_clean para transformaciones.
2025-05-20 17:46:08,049 - INFO - Iniciando estandarización de nombres de columnas para df_2017.
2025-05-20 17:46:08,051 - INFO - Columnas después del renombrado (df_2017_clean): ['country', 'happiness_rank', 'happiness_score', 'Whisker.high', 'Whisker.low', 'economy_gdp_per_capita', 'social_support', 'health_life_expectancy', 'freedom_to_make_life_choices', 'generosity', 'perceptions_of_corruption', 'Dystopia.Residual']
2025-05-20 17:46:08,066 - INFO - Iniciando creación de la columna 'region' para df_2017.
2025-05-20 17:46:08,070 - INFO - Todos los países fueron mapeados a una región exitosamente.
2025-05-20 17:46:08,072 - INFO - Columna 'region' creada y poblada en df_2017_clean.
2025-05-20 17:46:08,124 - INFO - Verificando la columna 'region' creada en df_2017_clean.
2025-05-20 17:46:08,126 - INFO - Valores únicos en 'region': ['Australia and New Zealand', 'Central and Eastern Europe', 'Eastern Asia', 'Latin America and Caribbean', 'Middle East and Northern Africa', 'North America', 'Southeastern Asia', 'Southern Asia', 'Sub-Saharan Africa', 'Western Europe']
2025-05-20 17:46:08,130 - INFO - Conteo de valores por región: {'Sub-Saharan Africa': 38, 'Middle East and Northern Africa': 23, 'Latin America and Caribbean': 22, 'Western Europe': 21, 'Central and Eastern Europe': 21, 'Southern Asia': 12, 'Southeastern Asia': 8, 'Eastern Asia': 6, 'North America': 2, 'Australia and New Zealand': 2}
2025-05-20 17:46:08,151 - INFO - Columnas eliminadas de df_2017_clean: ['Whisker.high', 'Whisker.low', 'Dystopia.Residual']
2025-05-20 17:46:08,152 - INFO - Columnas restantes en df_2017_clean: ['country', 'happiness_rank', 'happiness_score', 'economy_gdp_per_capita', 'social_support', 'health_life_expectancy', 'freedom_to_make_life_choices', 'generosity', 'perceptions_of_corruption', 'region']
2025-05-20 17:46:08,160 - INFO - Columna 'year' con valor 2017 añadida a df_2017_clean.
2025-05-20 17:46:08,170 - INFO - Espacios extra eliminados de la columna 'country' en df_2017_clean.
2025-05-20 17:46:08,181 - INFO - Iniciando reordenamiento de columnas para df_2017_clean.
2025-05-20 17:46:08,186 - INFO - Columnas reordenadas exitosamente para df_2017_clean. Nuevo orden: ['year', 'region', 'country', 'happiness_rank', 'happiness_score', 'social_support', 'health_life_expectancy', 'generosity', 'freedom_to_make_life_choices', 'economy_gdp_per_capita', 'perceptions_of_corruption']
2025-05-20 17:46:08,198 - INFO - Mostrando información final de df_2017_clean (tipos de datos).
2025-05-20 17:46:08,215 - INFO - DataFrame limpio df_2017_clean guardado en: /home/nicolas/Escritorio/workshops ETL/workshop_3/data/processed/2017_cleaned.csv
